<?xml version="1.0" encoding="UTF-8"?>
<coverage generated="1760346591343" clover="3.2.0">
  <project timestamp="1760346591343" name="All files">
    <metrics statements="872" coveredstatements="872" conditionals="216" coveredconditionals="215" methods="70" coveredmethods="69" elements="1158" coveredelements="1156" complexity="0" loc="872" ncloc="872" packages="2" files="14" classes="14"/>
    <package name="lib">
      <metrics statements="453" coveredstatements="453" conditionals="91" coveredconditionals="90" methods="31" coveredmethods="30"/>
      <file name="createInstance.ts" path="E:\webprograms\ym-useRequest\lib\createInstance.ts">
        <metrics statements="193" coveredstatements="193" conditionals="58" coveredconditionals="57" methods="15" coveredmethods="14"/>
        <line num="1" count="1" type="stmt"/>
        <line num="2" count="1" type="stmt"/>
        <line num="3" count="1" type="stmt"/>
        <line num="4" count="1" type="stmt"/>
        <line num="5" count="1" type="stmt"/>
        <line num="6" count="109" type="cond" truecount="1" falsecount="0"/>
        <line num="7" count="109" type="stmt"/>
        <line num="8" count="109" type="stmt"/>
        <line num="9" count="109" type="cond" truecount="2" falsecount="0"/>
        <line num="10" count="109" type="stmt"/>
        <line num="11" count="109" type="stmt"/>
        <line num="12" count="109" type="stmt"/>
        <line num="13" count="109" type="stmt"/>
        <line num="14" count="109" type="stmt"/>
        <line num="15" count="109" type="stmt"/>
        <line num="16" count="109" type="stmt"/>
        <line num="17" count="109" type="stmt"/>
        <line num="18" count="109" type="stmt"/>
        <line num="19" count="109" type="cond" truecount="1" falsecount="0"/>
        <line num="20" count="681" type="stmt"/>
        <line num="21" count="681" type="cond" truecount="2" falsecount="0"/>
        <line num="22" count="681" type="stmt"/>
        <line num="23" count="681" type="stmt"/>
        <line num="24" count="109" type="stmt"/>
        <line num="25" count="109" type="stmt"/>
        <line num="26" count="109" type="stmt"/>
        <line num="27" count="109" type="stmt"/>
        <line num="28" count="109" type="cond" truecount="1" falsecount="0"/>
        <line num="29" count="109" type="stmt"/>
        <line num="30" count="109" type="stmt"/>
        <line num="31" count="109" type="stmt"/>
        <line num="32" count="109" type="stmt"/>
        <line num="33" count="109" type="stmt"/>
        <line num="34" count="109" type="stmt"/>
        <line num="35" count="109" type="cond" truecount="1" falsecount="0"/>
        <line num="36" count="109" type="stmt"/>
        <line num="37" count="109" type="stmt"/>
        <line num="38" count="109" type="cond" truecount="1" falsecount="0"/>
        <line num="39" count="182" type="cond" truecount="1" falsecount="0"/>
        <line num="40" count="182" type="stmt"/>
        <line num="41" count="182" type="stmt"/>
        <line num="42" count="182" type="stmt"/>
        <line num="43" count="109" type="stmt"/>
        <line num="44" count="109" type="stmt"/>
        <line num="45" count="109" type="cond" truecount="1" falsecount="0"/>
        <line num="46" count="141" type="cond" truecount="1" falsecount="0"/>
        <line num="47" count="14" type="stmt"/>
        <line num="48" count="14" type="cond" truecount="1" falsecount="0"/>
        <line num="49" count="127" type="stmt"/>
        <line num="50" count="127" type="stmt"/>
        <line num="51" count="141" type="cond" truecount="2" falsecount="0"/>
        <line num="52" count="141" type="cond" truecount="2" falsecount="0"/>
        <line num="53" count="141" type="stmt"/>
        <line num="54" count="141" type="stmt"/>
        <line num="55" count="141" type="stmt"/>
        <line num="56" count="109" type="stmt"/>
        <line num="57" count="109" type="stmt"/>
        <line num="58" count="109" type="cond" truecount="1" falsecount="0"/>
        <line num="59" count="20" type="cond" truecount="1" falsecount="0"/>
        <line num="60" count="1" type="stmt"/>
        <line num="61" count="1" type="cond" truecount="1" falsecount="0"/>
        <line num="62" count="19" type="stmt"/>
        <line num="63" count="19" type="stmt"/>
        <line num="64" count="19" type="stmt"/>
        <line num="65" count="19" type="cond" truecount="1" falsecount="0"/>
        <line num="66" count="20" type="stmt"/>
        <line num="67" count="20" type="stmt"/>
        <line num="68" count="109" type="stmt"/>
        <line num="69" count="109" type="stmt"/>
        <line num="70" count="109" type="cond" truecount="1" falsecount="0"/>
        <line num="71" count="161" type="stmt"/>
        <line num="72" count="161" type="stmt"/>
        <line num="73" count="161" type="stmt"/>
        <line num="74" count="161" type="stmt"/>
        <line num="75" count="161" type="stmt"/>
        <line num="76" count="161" type="cond" truecount="1" falsecount="0"/>
        <line num="77" count="17" type="stmt"/>
        <line num="78" count="17" type="cond" truecount="1" falsecount="0"/>
        <line num="79" count="144" type="stmt"/>
        <line num="80" count="144" type="stmt"/>
        <line num="81" count="161" type="cond" truecount="1" falsecount="0"/>
        <line num="82" count="161" type="stmt"/>
        <line num="83" count="109" type="stmt"/>
        <line num="84" count="109" type="stmt"/>
        <line num="85" count="109" type="cond" truecount="1" falsecount="0"/>
        <line num="86" count="182" type="stmt"/>
        <line num="87" count="182" type="cond" truecount="1" falsecount="0"/>
        <line num="88" count="13" type="stmt"/>
        <line num="89" count="13" type="stmt"/>
        <line num="90" count="13" type="cond" truecount="1" falsecount="0"/>
        <line num="91" count="13" type="stmt"/>
        <line num="92" count="13" type="stmt"/>
        <line num="93" count="182" type="cond" truecount="1" falsecount="0"/>
        <line num="94" count="16" type="stmt"/>
        <line num="95" count="16" type="stmt"/>
        <line num="96" count="16" type="stmt"/>
        <line num="97" count="16" type="cond" truecount="1" falsecount="0"/>
        <line num="98" count="182" type="cond" truecount="1" falsecount="0"/>
        <line num="99" count="182" type="stmt"/>
        <line num="100" count="182" type="cond" truecount="2" falsecount="0"/>
        <line num="101" count="147" type="stmt"/>
        <line num="102" count="147" type="cond" truecount="1" falsecount="0"/>
        <line num="103" count="166" type="stmt"/>
        <line num="104" count="166" type="stmt"/>
        <line num="105" count="166" type="cond" truecount="1" falsecount="0"/>
        <line num="106" count="141" type="stmt"/>
        <line num="107" count="182" type="cond" truecount="1" falsecount="0"/>
        <line num="108" count="2" type="stmt"/>
        <line num="109" count="2" type="stmt"/>
        <line num="110" count="2" type="stmt"/>
        <line num="111" count="2" type="stmt"/>
        <line num="112" count="2" type="stmt"/>
        <line num="113" count="182" type="stmt"/>
        <line num="114" count="182" type="stmt"/>
        <line num="115" count="182" type="cond" truecount="2" falsecount="0"/>
        <line num="116" count="20" type="cond" truecount="1" falsecount="0"/>
        <line num="117" count="1" type="stmt"/>
        <line num="118" count="1" type="stmt"/>
        <line num="119" count="1" type="stmt"/>
        <line num="120" count="1" type="stmt"/>
        <line num="121" count="1" type="stmt"/>
        <line num="122" count="20" type="stmt"/>
        <line num="123" count="20" type="stmt"/>
        <line num="124" count="182" type="cond" truecount="1" falsecount="1"/>
        <line num="125" count="161" type="stmt"/>
        <line num="126" count="161" type="stmt"/>
        <line num="127" count="182" type="stmt"/>
        <line num="128" count="109" type="stmt"/>
        <line num="129" count="109" type="cond" truecount="1" falsecount="0"/>
        <line num="130" count="182" type="stmt"/>
        <line num="131" count="182" type="stmt"/>
        <line num="132" count="182" type="cond" truecount="1" falsecount="0"/>
        <line num="133" count="123" type="stmt"/>
        <line num="134" count="182" type="cond" truecount="1" falsecount="0"/>
        <line num="135" count="59" type="cond" truecount="1" falsecount="0"/>
        <line num="136" count="1" type="stmt"/>
        <line num="137" count="1" type="stmt"/>
        <line num="138" count="59" type="stmt"/>
        <line num="139" count="182" type="stmt"/>
        <line num="140" count="182" type="stmt"/>
        <line num="141" count="182" type="stmt"/>
        <line num="142" count="182" type="stmt"/>
        <line num="143" count="182" type="stmt"/>
        <line num="144" count="182" type="stmt"/>
        <line num="145" count="182" type="stmt"/>
        <line num="146" count="182" type="stmt"/>
        <line num="147" count="182" type="stmt"/>
        <line num="148" count="109" type="stmt"/>
        <line num="149" count="109" type="cond" truecount="1" falsecount="0"/>
        <line num="150" count="485" type="cond" truecount="1" falsecount="0"/>
        <line num="151" count="19" type="cond" truecount="1" falsecount="0"/>
        <line num="152" count="485" type="stmt"/>
        <line num="153" count="485" type="stmt"/>
        <line num="154" count="109" type="stmt"/>
        <line num="155" count="109" type="cond" truecount="1" falsecount="0"/>
        <line num="156" count="38" type="stmt"/>
        <line num="157" count="38" type="stmt"/>
        <line num="158" count="38" type="stmt"/>
        <line num="159" count="38" type="cond" truecount="1" falsecount="0"/>
        <line num="160" count="38" type="stmt"/>
        <line num="161" count="109" type="stmt"/>
        <line num="162" count="109" type="cond" truecount="1" falsecount="0"/>
        <line num="163" count="109" type="stmt"/>
        <line num="164" count="109" type="stmt"/>
        <line num="165" count="109" type="stmt"/>
        <line num="166" count="109" type="cond" truecount="1" falsecount="0"/>
        <line num="167" count="5" type="cond" truecount="2" falsecount="0"/>
        <line num="168" count="5" type="stmt"/>
        <line num="169" count="5" type="stmt"/>
        <line num="170" count="109" type="stmt"/>
        <line num="171" count="109" type="cond" truecount="1" falsecount="0"/>
        <line num="172" count="5" type="cond" truecount="1" falsecount="0"/>
        <line num="173" count="4" type="stmt"/>
        <line num="174" count="4" type="cond" truecount="1" falsecount="0"/>
        <line num="175" count="4" type="stmt"/>
        <line num="176" count="4" type="cond" truecount="1" falsecount="0"/>
        <line num="177" count="1" type="stmt"/>
        <line num="178" count="5" type="stmt"/>
        <line num="179" count="109" type="stmt"/>
        <line num="180" count="109" type="stmt"/>
        <line num="181" count="109" type="stmt"/>
        <line num="182" count="109" type="stmt"/>
        <line num="183" count="109" type="stmt"/>
        <line num="184" count="109" type="stmt"/>
        <line num="185" count="109" type="stmt"/>
        <line num="186" count="109" type="stmt"/>
        <line num="187" count="109" type="stmt"/>
        <line num="188" count="109" type="stmt"/>
        <line num="189" count="109" type="stmt"/>
        <line num="190" count="109" type="stmt"/>
        <line num="191" count="109" type="stmt"/>
        <line num="192" count="1" type="stmt"/>
        <line num="193" count="1" type="stmt"/>
      </file>
      <file name="index.ts" path="E:\webprograms\ym-useRequest\lib\index.ts">
        <metrics statements="97" coveredstatements="97" conditionals="6" coveredconditionals="6" methods="2" coveredmethods="2"/>
        <line num="1" count="1" type="stmt"/>
        <line num="2" count="1" type="stmt"/>
        <line num="3" count="1" type="stmt"/>
        <line num="4" count="1" type="stmt"/>
        <line num="5" count="1" type="stmt"/>
        <line num="6" count="1" type="stmt"/>
        <line num="7" count="1" type="stmt"/>
        <line num="8" count="1" type="stmt"/>
        <line num="9" count="1" type="stmt"/>
        <line num="10" count="1" type="stmt"/>
        <line num="11" count="1" type="stmt"/>
        <line num="12" count="1" type="stmt"/>
        <line num="13" count="1" type="stmt"/>
        <line num="14" count="1" type="stmt"/>
        <line num="15" count="1" type="stmt"/>
        <line num="16" count="1" type="stmt"/>
        <line num="17" count="1" type="stmt"/>
        <line num="18" count="1" type="stmt"/>
        <line num="19" count="1" type="stmt"/>
        <line num="20" count="1" type="stmt"/>
        <line num="21" count="1" type="stmt"/>
        <line num="22" count="1" type="stmt"/>
        <line num="23" count="1" type="stmt"/>
        <line num="24" count="1" type="stmt"/>
        <line num="25" count="1" type="stmt"/>
        <line num="26" count="1" type="stmt"/>
        <line num="27" count="1" type="stmt"/>
        <line num="28" count="1" type="stmt"/>
        <line num="29" count="1" type="stmt"/>
        <line num="30" count="1" type="stmt"/>
        <line num="31" count="1" type="stmt"/>
        <line num="32" count="1" type="stmt"/>
        <line num="33" count="1" type="stmt"/>
        <line num="34" count="1" type="stmt"/>
        <line num="35" count="1" type="stmt"/>
        <line num="36" count="1" type="stmt"/>
        <line num="37" count="1" type="stmt"/>
        <line num="38" count="1" type="stmt"/>
        <line num="39" count="1" type="stmt"/>
        <line num="40" count="1" type="stmt"/>
        <line num="41" count="1" type="stmt"/>
        <line num="42" count="1" type="stmt"/>
        <line num="43" count="109" type="cond" truecount="1" falsecount="0"/>
        <line num="44" count="109" type="stmt"/>
        <line num="45" count="109" type="stmt"/>
        <line num="46" count="109" type="stmt"/>
        <line num="47" count="109" type="stmt"/>
        <line num="48" count="109" type="stmt"/>
        <line num="49" count="109" type="stmt"/>
        <line num="50" count="109" type="stmt"/>
        <line num="51" count="109" type="stmt"/>
        <line num="52" count="109" type="cond" truecount="2" falsecount="0"/>
        <line num="53" count="8" type="stmt"/>
        <line num="54" count="8" type="stmt"/>
        <line num="55" count="109" type="stmt"/>
        <line num="56" count="109" type="stmt"/>
        <line num="57" count="109" type="stmt"/>
        <line num="58" count="1" type="stmt"/>
        <line num="59" count="109" type="cond" truecount="1" falsecount="0"/>
        <line num="60" count="109" type="stmt"/>
        <line num="61" count="109" type="stmt"/>
        <line num="62" count="109" type="stmt"/>
        <line num="63" count="109" type="stmt"/>
        <line num="64" count="109" type="stmt"/>
        <line num="65" count="109" type="stmt"/>
        <line num="66" count="109" type="stmt"/>
        <line num="67" count="109" type="stmt"/>
        <line num="68" count="109" type="stmt"/>
        <line num="69" count="109" type="stmt"/>
        <line num="70" count="109" type="stmt"/>
        <line num="71" count="109" type="cond" truecount="2" falsecount="0"/>
        <line num="72" count="109" type="stmt"/>
        <line num="73" count="109" type="stmt"/>
        <line num="74" count="109" type="stmt"/>
        <line num="75" count="109" type="stmt"/>
        <line num="76" count="1" type="stmt"/>
        <line num="77" count="1" type="stmt"/>
        <line num="78" count="1" type="stmt"/>
        <line num="79" count="1" type="stmt"/>
        <line num="80" count="1" type="stmt"/>
        <line num="81" count="1" type="stmt"/>
        <line num="82" count="1" type="stmt"/>
        <line num="83" count="1" type="stmt"/>
        <line num="84" count="1" type="stmt"/>
        <line num="85" count="1" type="stmt"/>
        <line num="86" count="1" type="stmt"/>
        <line num="87" count="1" type="stmt"/>
        <line num="88" count="1" type="stmt"/>
        <line num="89" count="1" type="stmt"/>
        <line num="90" count="1" type="stmt"/>
        <line num="91" count="1" type="stmt"/>
        <line num="92" count="1" type="stmt"/>
        <line num="93" count="1" type="stmt"/>
        <line num="94" count="1" type="stmt"/>
        <line num="95" count="1" type="stmt"/>
        <line num="96" count="1" type="stmt"/>
        <line num="97" count="1" type="stmt"/>
      </file>
      <file name="registerPlugin.ts" path="E:\webprograms\ym-useRequest\lib\registerPlugin.ts">
        <metrics statements="100" coveredstatements="100" conditionals="19" coveredconditionals="19" methods="10" coveredmethods="10"/>
        <line num="1" count="1" type="stmt"/>
        <line num="2" count="1" type="stmt"/>
        <line num="3" count="1" type="stmt"/>
        <line num="4" count="1" type="stmt"/>
        <line num="5" count="1" type="stmt"/>
        <line num="6" count="1" type="stmt"/>
        <line num="7" count="1" type="stmt"/>
        <line num="8" count="1" type="stmt"/>
        <line num="9" count="1" type="stmt"/>
        <line num="10" count="1" type="stmt"/>
        <line num="11" count="1" type="stmt"/>
        <line num="12" count="1" type="stmt"/>
        <line num="13" count="1" type="stmt"/>
        <line num="14" count="1" type="stmt"/>
        <line num="15" count="1" type="stmt"/>
        <line num="16" count="1" type="stmt"/>
        <line num="17" count="1" type="stmt"/>
        <line num="18" count="1" type="stmt"/>
        <line num="19" count="1" type="stmt"/>
        <line num="20" count="1" type="stmt"/>
        <line num="21" count="1" type="stmt"/>
        <line num="22" count="1" type="stmt"/>
        <line num="23" count="1" type="stmt"/>
        <line num="24" count="1" type="stmt"/>
        <line num="25" count="1" type="stmt"/>
        <line num="26" count="1" type="stmt"/>
        <line num="27" count="1" type="stmt"/>
        <line num="28" count="1" type="stmt"/>
        <line num="29" count="1" type="cond" truecount="1" falsecount="0"/>
        <line num="30" count="14" type="stmt"/>
        <line num="31" count="14" type="stmt"/>
        <line num="32" count="1" type="stmt"/>
        <line num="33" count="1" type="stmt"/>
        <line num="34" count="1" type="cond" truecount="1" falsecount="0"/>
        <line num="35" count="14" type="cond" truecount="1" falsecount="0"/>
        <line num="36" count="14" type="stmt"/>
        <line num="37" count="1" type="stmt"/>
        <line num="38" count="1" type="stmt"/>
        <line num="39" count="1" type="cond" truecount="1" falsecount="0"/>
        <line num="40" count="141" type="cond" truecount="1" falsecount="0"/>
        <line num="41" count="1482" type="cond" truecount="1" falsecount="0"/>
        <line num="42" count="1482" type="cond" truecount="1" falsecount="0"/>
        <line num="43" count="1482" type="stmt"/>
        <line num="44" count="141" type="stmt"/>
        <line num="45" count="141" type="stmt"/>
        <line num="46" count="1" type="stmt"/>
        <line num="47" count="1" type="stmt"/>
        <line num="48" count="1" type="cond" truecount="1" falsecount="0"/>
        <line num="49" count="32" type="stmt"/>
        <line num="50" count="32" type="stmt"/>
        <line num="51" count="1" type="stmt"/>
        <line num="52" count="1" type="stmt"/>
        <line num="53" count="1" type="cond" truecount="1" falsecount="0"/>
        <line num="54" count="127" type="cond" truecount="1" falsecount="0"/>
        <line num="55" count="22" type="cond" truecount="1" falsecount="0"/>
        <line num="56" count="11" type="stmt"/>
        <line num="57" count="11" type="stmt"/>
        <line num="58" count="11" type="stmt"/>
        <line num="59" count="127" type="stmt"/>
        <line num="60" count="127" type="stmt"/>
        <line num="61" count="1" type="stmt"/>
        <line num="62" count="1" type="stmt"/>
        <line num="63" count="1" type="cond" truecount="1" falsecount="0"/>
        <line num="64" count="18" type="cond" truecount="1" falsecount="0"/>
        <line num="65" count="6" type="stmt"/>
        <line num="66" count="18" type="stmt"/>
        <line num="67" count="18" type="stmt"/>
        <line num="68" count="18" type="cond" truecount="1" falsecount="0"/>
        <line num="69" count="18" type="stmt"/>
        <line num="70" count="18" type="stmt"/>
        <line num="71" count="18" type="stmt"/>
        <line num="72" count="18" type="stmt"/>
        <line num="73" count="18" type="stmt"/>
        <line num="74" count="1" type="stmt"/>
        <line num="75" count="1" type="stmt"/>
        <line num="76" count="1" type="cond" truecount="1" falsecount="0"/>
        <line num="77" count="109" type="stmt"/>
        <line num="78" count="109" type="stmt"/>
        <line num="79" count="109" type="stmt"/>
        <line num="80" count="109" type="stmt"/>
        <line num="81" count="109" type="cond" truecount="1" falsecount="0"/>
        <line num="82" count="1001" type="stmt"/>
        <line num="83" count="109" type="stmt"/>
        <line num="84" count="109" type="stmt"/>
        <line num="85" count="109" type="stmt"/>
        <line num="86" count="109" type="stmt"/>
        <line num="87" count="109" type="stmt"/>
        <line num="88" count="109" type="stmt"/>
        <line num="89" count="1" type="stmt"/>
        <line num="90" count="1" type="cond" truecount="1" falsecount="0"/>
        <line num="91" count="1" type="stmt"/>
        <line num="92" count="1" type="stmt"/>
        <line num="93" count="1" type="stmt"/>
        <line num="94" count="1" type="cond" truecount="1" falsecount="0"/>
        <line num="95" count="1" type="stmt"/>
        <line num="96" count="1" type="stmt"/>
        <line num="97" count="1" type="stmt"/>
        <line num="98" count="1" type="cond" truecount="1" falsecount="0"/>
        <line num="99" count="1" type="stmt"/>
        <line num="100" count="1" type="stmt"/>
      </file>
      <file name="requestMap.ts" path="E:\webprograms\ym-useRequest\lib\requestMap.ts">
        <metrics statements="18" coveredstatements="18" conditionals="3" coveredconditionals="3" methods="3" coveredmethods="3"/>
        <line num="1" count="1" type="stmt"/>
        <line num="2" count="1" type="stmt"/>
        <line num="3" count="1" type="stmt"/>
        <line num="4" count="1" type="stmt"/>
        <line num="5" count="1" type="stmt"/>
        <line num="6" count="1" type="cond" truecount="1" falsecount="0"/>
        <line num="7" count="8" type="stmt"/>
        <line num="8" count="8" type="stmt"/>
        <line num="9" count="1" type="stmt"/>
        <line num="10" count="1" type="stmt"/>
        <line num="11" count="1" type="cond" truecount="1" falsecount="0"/>
        <line num="12" count="12" type="stmt"/>
        <line num="13" count="12" type="stmt"/>
        <line num="14" count="1" type="stmt"/>
        <line num="15" count="1" type="stmt"/>
        <line num="16" count="1" type="cond" truecount="1" falsecount="0"/>
        <line num="17" count="3" type="stmt"/>
        <line num="18" count="3" type="stmt"/>
      </file>
      <file name="usePlugins.ts" path="E:\webprograms\ym-useRequest\lib\usePlugins.ts">
        <metrics statements="45" coveredstatements="45" conditionals="5" coveredconditionals="5" methods="1" coveredmethods="1"/>
        <line num="1" count="1" type="stmt"/>
        <line num="2" count="1" type="stmt"/>
        <line num="3" count="1" type="stmt"/>
        <line num="4" count="1" type="stmt"/>
        <line num="5" count="1" type="stmt"/>
        <line num="6" count="1" type="stmt"/>
        <line num="7" count="109" type="cond" truecount="1" falsecount="0"/>
        <line num="8" count="109" type="stmt"/>
        <line num="9" count="109" type="stmt"/>
        <line num="10" count="109" type="stmt"/>
        <line num="11" count="109" type="stmt"/>
        <line num="12" count="109" type="stmt"/>
        <line num="13" count="109" type="stmt"/>
        <line num="14" count="109" type="stmt"/>
        <line num="15" count="109" type="stmt"/>
        <line num="16" count="109" type="stmt"/>
        <line num="17" count="109" type="stmt"/>
        <line num="18" count="109" type="stmt"/>
        <line num="19" count="109" type="stmt"/>
        <line num="20" count="109" type="stmt"/>
        <line num="21" count="109" type="stmt"/>
        <line num="22" count="109" type="cond" truecount="1" falsecount="0"/>
        <line num="23" count="109" type="stmt"/>
        <line num="24" count="109" type="cond" truecount="1" falsecount="0"/>
        <line num="25" count="39" type="stmt"/>
        <line num="26" count="39" type="stmt"/>
        <line num="27" count="109" type="stmt"/>
        <line num="28" count="109" type="cond" truecount="1" falsecount="0"/>
        <line num="29" count="28" type="stmt"/>
        <line num="30" count="28" type="cond" truecount="1" falsecount="0"/>
        <line num="31" count="109" type="stmt"/>
        <line num="32" count="109" type="stmt"/>
        <line num="33" count="109" type="stmt"/>
        <line num="34" count="109" type="stmt"/>
        <line num="35" count="109" type="stmt"/>
        <line num="36" count="109" type="stmt"/>
        <line num="37" count="109" type="stmt"/>
        <line num="38" count="109" type="stmt"/>
        <line num="39" count="109" type="stmt"/>
        <line num="40" count="109" type="stmt"/>
        <line num="41" count="109" type="stmt"/>
        <line num="42" count="109" type="stmt"/>
        <line num="43" count="109" type="stmt"/>
        <line num="44" count="1" type="stmt"/>
        <line num="45" count="1" type="stmt"/>
      </file>
    </package>
    <package name="lib.plugins">
      <metrics statements="419" coveredstatements="419" conditionals="125" coveredconditionals="125" methods="39" coveredmethods="39"/>
      <file name="useCachePlugin.ts" path="E:\webprograms\ym-useRequest\lib\plugins\useCachePlugin.ts">
        <metrics statements="127" coveredstatements="127" conditionals="39" coveredconditionals="39" methods="11" coveredmethods="11"/>
        <line num="1" count="1" type="stmt"/>
        <line num="2" count="1" type="stmt"/>
        <line num="3" count="1" type="stmt"/>
        <line num="4" count="1" type="stmt"/>
        <line num="5" count="1" type="stmt"/>
        <line num="6" count="1" type="stmt"/>
        <line num="7" count="1" type="stmt"/>
        <line num="8" count="1" type="cond" truecount="1" falsecount="0"/>
        <line num="9" count="108" type="stmt"/>
        <line num="10" count="108" type="stmt"/>
        <line num="11" count="108" type="stmt"/>
        <line num="12" count="108" type="stmt"/>
        <line num="13" count="108" type="stmt"/>
        <line num="14" count="108" type="stmt"/>
        <line num="15" count="108" type="stmt"/>
        <line num="16" count="108" type="stmt"/>
        <line num="17" count="108" type="stmt"/>
        <line num="18" count="108" type="stmt"/>
        <line num="19" count="108" type="cond" truecount="1" falsecount="0"/>
        <line num="20" count="91" type="stmt"/>
        <line num="21" count="91" type="cond" truecount="2" falsecount="0"/>
        <line num="22" count="17" type="stmt"/>
        <line num="23" count="17" type="cond" truecount="1" falsecount="0"/>
        <line num="24" count="17" type="stmt"/>
        <line num="25" count="17" type="stmt"/>
        <line num="26" count="17" type="stmt"/>
        <line num="27" count="108" type="cond" truecount="3" falsecount="0"/>
        <line num="28" count="108" type="stmt"/>
        <line num="29" count="108" type="cond" truecount="1" falsecount="0"/>
        <line num="30" count="19" type="cond" truecount="1" falsecount="0"/>
        <line num="31" count="2" type="stmt"/>
        <line num="32" count="19" type="cond" truecount="1" falsecount="0"/>
        <line num="33" count="17" type="stmt"/>
        <line num="34" count="17" type="stmt"/>
        <line num="35" count="19" type="stmt"/>
        <line num="36" count="19" type="stmt"/>
        <line num="37" count="108" type="stmt"/>
        <line num="38" count="108" type="cond" truecount="1" falsecount="0"/>
        <line num="39" count="48" type="cond" truecount="1" falsecount="0"/>
        <line num="40" count="4" type="stmt"/>
        <line num="41" count="48" type="cond" truecount="1" falsecount="0"/>
        <line num="42" count="44" type="stmt"/>
        <line num="43" count="44" type="stmt"/>
        <line num="44" count="48" type="stmt"/>
        <line num="45" count="108" type="stmt"/>
        <line num="46" count="108" type="stmt"/>
        <line num="47" count="108" type="stmt"/>
        <line num="48" count="108" type="stmt"/>
        <line num="49" count="108" type="cond" truecount="3" falsecount="0"/>
        <line num="50" count="3" type="stmt"/>
        <line num="51" count="3" type="stmt"/>
        <line num="52" count="3" type="cond" truecount="1" falsecount="0"/>
        <line num="53" count="17" type="stmt"/>
        <line num="54" count="17" type="stmt"/>
        <line num="55" count="17" type="cond" truecount="1" falsecount="0"/>
        <line num="56" count="36" type="stmt"/>
        <line num="57" count="36" type="stmt"/>
        <line num="58" count="36" type="cond" truecount="1" falsecount="0"/>
        <line num="59" count="17" type="stmt"/>
        <line num="60" count="17" type="stmt"/>
        <line num="61" count="17" type="cond" truecount="1" falsecount="0"/>
        <line num="62" count="3" type="stmt"/>
        <line num="63" count="3" type="cond" truecount="1" falsecount="0"/>
        <line num="64" count="17" type="stmt"/>
        <line num="65" count="17" type="stmt"/>
        <line num="66" count="36" type="stmt"/>
        <line num="67" count="17" type="stmt"/>
        <line num="68" count="17" type="stmt"/>
        <line num="69" count="17" type="cond" truecount="1" falsecount="0"/>
        <line num="70" count="4" type="stmt"/>
        <line num="71" count="17" type="stmt"/>
        <line num="72" count="17" type="stmt"/>
        <line num="73" count="17" type="stmt"/>
        <line num="74" count="17" type="cond" truecount="1" falsecount="0"/>
        <line num="75" count="19" type="stmt"/>
        <line num="76" count="19" type="stmt"/>
        <line num="77" count="19" type="stmt"/>
        <line num="78" count="19" type="stmt"/>
        <line num="79" count="19" type="stmt"/>
        <line num="80" count="19" type="stmt"/>
        <line num="81" count="19" type="stmt"/>
        <line num="82" count="19" type="stmt"/>
        <line num="83" count="17" type="stmt"/>
        <line num="84" count="17" type="stmt"/>
        <line num="85" count="17" type="cond" truecount="1" falsecount="0"/>
        <line num="86" count="31" type="stmt"/>
        <line num="87" count="31" type="stmt"/>
        <line num="88" count="31" type="cond" truecount="2" falsecount="0"/>
        <line num="89" count="18" type="stmt"/>
        <line num="90" count="18" type="cond" truecount="2" falsecount="0"/>
        <line num="91" count="13" type="stmt"/>
        <line num="92" count="31" type="cond" truecount="3" falsecount="0"/>
        <line num="93" count="12" type="stmt"/>
        <line num="94" count="12" type="stmt"/>
        <line num="95" count="12" type="stmt"/>
        <line num="96" count="12" type="stmt"/>
        <line num="97" count="12" type="stmt"/>
        <line num="98" count="28" type="cond" truecount="1" falsecount="0"/>
        <line num="99" count="1" type="stmt"/>
        <line num="100" count="1" type="stmt"/>
        <line num="101" count="1" type="stmt"/>
        <line num="102" count="31" type="stmt"/>
        <line num="103" count="17" type="cond" truecount="1" falsecount="0"/>
        <line num="104" count="19" type="stmt"/>
        <line num="105" count="19" type="stmt"/>
        <line num="106" count="19" type="stmt"/>
        <line num="107" count="19" type="stmt"/>
        <line num="108" count="19" type="cond" truecount="2" falsecount="0"/>
        <line num="109" count="2" type="stmt"/>
        <line num="110" count="2" type="cond" truecount="1" falsecount="0"/>
        <line num="111" count="17" type="stmt"/>
        <line num="112" count="17" type="stmt"/>
        <line num="113" count="17" type="stmt"/>
        <line num="114" count="17" type="stmt"/>
        <line num="115" count="19" type="stmt"/>
        <line num="116" count="17" type="stmt"/>
        <line num="117" count="17" type="cond" truecount="1" falsecount="0"/>
        <line num="118" count="17" type="stmt"/>
        <line num="119" count="17" type="stmt"/>
        <line num="120" count="17" type="cond" truecount="1" falsecount="0"/>
        <line num="121" count="2" type="stmt"/>
        <line num="122" count="2" type="stmt"/>
        <line num="123" count="2" type="stmt"/>
        <line num="124" count="17" type="stmt"/>
        <line num="125" count="17" type="stmt"/>
        <line num="126" count="1" type="stmt"/>
        <line num="127" count="1" type="stmt"/>
      </file>
      <file name="useDebouncePlugin.ts" path="E:\webprograms\ym-useRequest\lib\plugins\useDebouncePlugin.ts">
        <metrics statements="41" coveredstatements="41" conditionals="11" coveredconditionals="11" methods="3" coveredmethods="3"/>
        <line num="1" count="1" type="stmt"/>
        <line num="2" count="1" type="stmt"/>
        <line num="3" count="1" type="stmt"/>
        <line num="4" count="1" type="stmt"/>
        <line num="5" count="1" type="cond" truecount="1" falsecount="0"/>
        <line num="6" count="109" type="stmt"/>
        <line num="7" count="109" type="stmt"/>
        <line num="8" count="109" type="cond" truecount="1" falsecount="0"/>
        <line num="9" count="110" type="cond" truecount="2" falsecount="0"/>
        <line num="10" count="4" type="stmt"/>
        <line num="11" count="4" type="stmt"/>
        <line num="12" count="4" type="stmt"/>
        <line num="13" count="4" type="stmt"/>
        <line num="14" count="4" type="cond" truecount="1" falsecount="0"/>
        <line num="15" count="4" type="stmt"/>
        <line num="16" count="4" type="stmt"/>
        <line num="17" count="4" type="stmt"/>
        <line num="18" count="4" type="cond" truecount="1" falsecount="0"/>
        <line num="19" count="306" type="cond" truecount="1" falsecount="0"/>
        <line num="20" count="306" type="cond" truecount="1" falsecount="0"/>
        <line num="21" count="4" type="stmt"/>
        <line num="22" count="4" type="stmt"/>
        <line num="23" count="4" type="stmt"/>
        <line num="24" count="306" type="stmt"/>
        <line num="25" count="306" type="stmt"/>
        <line num="26" count="306" type="stmt"/>
        <line num="27" count="4" type="stmt"/>
        <line num="28" count="4" type="cond" truecount="1" falsecount="0"/>
        <line num="29" count="1" type="stmt"/>
        <line num="30" count="1" type="stmt"/>
        <line num="31" count="4" type="stmt"/>
        <line num="32" count="109" type="stmt"/>
        <line num="33" count="109" type="stmt"/>
        <line num="34" count="109" type="stmt"/>
        <line num="35" count="109" type="cond" truecount="1" falsecount="0"/>
        <line num="36" count="38" type="cond" truecount="1" falsecount="0"/>
        <line num="37" count="38" type="stmt"/>
        <line num="38" count="109" type="stmt"/>
        <line num="39" count="109" type="stmt"/>
        <line num="40" count="1" type="stmt"/>
        <line num="41" count="1" type="stmt"/>
      </file>
      <file name="useLoadingDelayPlugin.ts" path="E:\webprograms\ym-useRequest\lib\plugins\useLoadingDelayPlugin.ts">
        <metrics statements="25" coveredstatements="25" conditionals="6" coveredconditionals="6" methods="4" coveredmethods="4"/>
        <line num="1" count="1" type="stmt"/>
        <line num="2" count="1" type="stmt"/>
        <line num="3" count="1" type="stmt"/>
        <line num="4" count="1" type="stmt"/>
        <line num="5" count="1" type="cond" truecount="1" falsecount="0"/>
        <line num="6" count="109" type="stmt"/>
        <line num="7" count="109" type="stmt"/>
        <line num="8" count="109" type="cond" truecount="1" falsecount="0"/>
        <line num="9" count="182" type="cond" truecount="1" falsecount="0"/>
        <line num="10" count="2" type="stmt"/>
        <line num="11" count="2" type="cond" truecount="1" falsecount="0"/>
        <line num="12" count="1" type="stmt"/>
        <line num="13" count="2" type="stmt"/>
        <line num="14" count="2" type="stmt"/>
        <line num="15" count="182" type="stmt"/>
        <line num="16" count="109" type="cond" truecount="1" falsecount="0"/>
        <line num="17" count="38" type="stmt"/>
        <line num="18" count="38" type="stmt"/>
        <line num="19" count="109" type="cond" truecount="1" falsecount="0"/>
        <line num="20" count="144" type="stmt"/>
        <line num="21" count="144" type="stmt"/>
        <line num="22" count="109" type="stmt"/>
        <line num="23" count="109" type="stmt"/>
        <line num="24" count="1" type="stmt"/>
        <line num="25" count="1" type="stmt"/>
      </file>
      <file name="usePollingPlugin.ts" path="E:\webprograms\ym-useRequest\lib\plugins\usePollingPlugin.ts">
        <metrics statements="52" coveredstatements="52" conditionals="23" coveredconditionals="23" methods="7" coveredmethods="7"/>
        <line num="1" count="1" type="stmt"/>
        <line num="2" count="1" type="stmt"/>
        <line num="3" count="1" type="stmt"/>
        <line num="4" count="1" type="stmt"/>
        <line num="5" count="1" type="cond" truecount="1" falsecount="0"/>
        <line num="6" count="109" type="stmt"/>
        <line num="7" count="109" type="stmt"/>
        <line num="8" count="109" type="cond" truecount="1" falsecount="0"/>
        <line num="9" count="109" type="stmt"/>
        <line num="10" count="109" type="cond" truecount="1" falsecount="0"/>
        <line num="11" count="145" type="stmt"/>
        <line num="12" count="145" type="cond" truecount="1" falsecount="0"/>
        <line num="13" count="145" type="cond" truecount="1" falsecount="0"/>
        <line num="14" count="125" type="stmt"/>
        <line num="15" count="125" type="cond" truecount="2" falsecount="0"/>
        <line num="16" count="145" type="cond" truecount="3" falsecount="0"/>
        <line num="17" count="19" type="stmt"/>
        <line num="18" count="19" type="stmt"/>
        <line num="19" count="21" type="cond" truecount="1" falsecount="0"/>
        <line num="20" count="1" type="stmt"/>
        <line num="21" count="1" type="cond" truecount="1" falsecount="0"/>
        <line num="22" count="20" type="cond" truecount="1" falsecount="0"/>
        <line num="23" count="145" type="stmt"/>
        <line num="24" count="109" type="stmt"/>
        <line num="25" count="109" type="cond" truecount="1" falsecount="0"/>
        <line num="26" count="1" type="stmt"/>
        <line num="27" count="1" type="stmt"/>
        <line num="28" count="1" type="cond" truecount="1" falsecount="0"/>
        <line num="29" count="1" type="stmt"/>
        <line num="30" count="109" type="stmt"/>
        <line num="31" count="109" type="stmt"/>
        <line num="32" count="109" type="stmt"/>
        <line num="33" count="109" type="cond" truecount="1" falsecount="0"/>
        <line num="34" count="182" type="cond" truecount="1" falsecount="0"/>
        <line num="35" count="182" type="stmt"/>
        <line num="36" count="109" type="cond" truecount="1" falsecount="0"/>
        <line num="37" count="38" type="cond" truecount="1" falsecount="0"/>
        <line num="38" count="38" type="stmt"/>
        <line num="39" count="38" type="stmt"/>
        <line num="40" count="109" type="cond" truecount="1" falsecount="0"/>
        <line num="41" count="127" type="stmt"/>
        <line num="42" count="127" type="stmt"/>
        <line num="43" count="109" type="cond" truecount="1" falsecount="0"/>
        <line num="44" count="19" type="stmt"/>
        <line num="45" count="19" type="stmt"/>
        <line num="46" count="109" type="cond" truecount="1" falsecount="0"/>
        <line num="47" count="144" type="cond" truecount="1" falsecount="0"/>
        <line num="48" count="144" type="stmt"/>
        <line num="49" count="109" type="stmt"/>
        <line num="50" count="109" type="stmt"/>
        <line num="51" count="1" type="stmt"/>
        <line num="52" count="1" type="stmt"/>
      </file>
      <file name="useReadyPlugin.ts" path="E:\webprograms\ym-useRequest\lib\plugins\useReadyPlugin.ts">
        <metrics statements="19" coveredstatements="19" conditionals="5" coveredconditionals="5" methods="2" coveredmethods="2"/>
        <line num="1" count="1" type="stmt"/>
        <line num="2" count="1" type="stmt"/>
        <line num="3" count="1" type="stmt"/>
        <line num="4" count="1" type="stmt"/>
        <line num="5" count="1" type="cond" truecount="1" falsecount="0"/>
        <line num="6" count="109" type="stmt"/>
        <line num="7" count="109" type="cond" truecount="1" falsecount="0"/>
        <line num="8" count="182" type="cond" truecount="2" falsecount="0"/>
        <line num="9" count="182" type="cond" truecount="1" falsecount="0"/>
        <line num="10" count="4" type="stmt"/>
        <line num="11" count="4" type="stmt"/>
        <line num="12" count="4" type="stmt"/>
        <line num="13" count="4" type="stmt"/>
        <line num="14" count="4" type="stmt"/>
        <line num="15" count="182" type="stmt"/>
        <line num="16" count="109" type="stmt"/>
        <line num="17" count="109" type="stmt"/>
        <line num="18" count="1" type="stmt"/>
        <line num="19" count="1" type="stmt"/>
      </file>
      <file name="useRefreshDepsPlugin.ts" path="E:\webprograms\ym-useRequest\lib\plugins\useRefreshDepsPlugin.ts">
        <metrics statements="29" coveredstatements="29" conditionals="8" coveredconditionals="8" methods="2" coveredmethods="2"/>
        <line num="1" count="1" type="stmt"/>
        <line num="2" count="1" type="stmt"/>
        <line num="3" count="1" type="stmt"/>
        <line num="4" count="1" type="stmt"/>
        <line num="5" count="1" type="cond" truecount="1" falsecount="0"/>
        <line num="6" count="109" type="cond" truecount="1" falsecount="0"/>
        <line num="7" count="5" type="stmt"/>
        <line num="8" count="5" type="stmt"/>
        <line num="9" count="5" type="cond" truecount="1" falsecount="0"/>
        <line num="10" count="21" type="cond" truecount="1" falsecount="0"/>
        <line num="11" count="20" type="cond" truecount="1" falsecount="0"/>
        <line num="12" count="6" type="stmt"/>
        <line num="13" count="6" type="cond" truecount="1" falsecount="0"/>
        <line num="14" count="4" type="stmt"/>
        <line num="15" count="4" type="stmt"/>
        <line num="16" count="20" type="cond" truecount="1" falsecount="0"/>
        <line num="17" count="14" type="stmt"/>
        <line num="18" count="14" type="stmt"/>
        <line num="19" count="21" type="cond" truecount="1" falsecount="0"/>
        <line num="20" count="1" type="stmt"/>
        <line num="21" count="1" type="stmt"/>
        <line num="22" count="21" type="stmt"/>
        <line num="23" count="5" type="stmt"/>
        <line num="24" count="5" type="stmt"/>
        <line num="25" count="5" type="stmt"/>
        <line num="26" count="109" type="stmt"/>
        <line num="27" count="109" type="stmt"/>
        <line num="28" count="1" type="stmt"/>
        <line num="29" count="1" type="stmt"/>
      </file>
      <file name="useRetryPlugin.ts" path="E:\webprograms\ym-useRequest\lib\plugins\useRetryPlugin.ts">
        <metrics statements="47" coveredstatements="47" conditionals="13" coveredconditionals="13" methods="5" coveredmethods="5"/>
        <line num="1" count="1" type="stmt"/>
        <line num="2" count="1" type="stmt"/>
        <line num="3" count="1" type="stmt"/>
        <line num="4" count="1" type="cond" truecount="1" falsecount="0"/>
        <line num="5" count="109" type="stmt"/>
        <line num="6" count="109" type="stmt"/>
        <line num="7" count="109" type="stmt"/>
        <line num="8" count="109" type="stmt"/>
        <line num="9" count="109" type="cond" truecount="1" falsecount="0"/>
        <line num="10" count="105" type="stmt"/>
        <line num="11" count="105" type="cond" truecount="1" falsecount="0"/>
        <line num="12" count="4" type="stmt"/>
        <line num="13" count="4" type="stmt"/>
        <line num="14" count="4" type="cond" truecount="1" falsecount="0"/>
        <line num="15" count="10" type="cond" truecount="1" falsecount="0"/>
        <line num="16" count="4" type="stmt"/>
        <line num="17" count="4" type="stmt"/>
        <line num="18" count="10" type="stmt"/>
        <line num="19" count="10" type="cond" truecount="1" falsecount="0"/>
        <line num="20" count="6" type="stmt"/>
        <line num="21" count="6" type="stmt"/>
        <line num="22" count="10" type="stmt"/>
        <line num="23" count="4" type="cond" truecount="1" falsecount="0"/>
        <line num="24" count="1" type="stmt"/>
        <line num="25" count="1" type="stmt"/>
        <line num="26" count="4" type="cond" truecount="1" falsecount="0"/>
        <line num="27" count="9" type="stmt"/>
        <line num="28" count="9" type="cond" truecount="1" falsecount="0"/>
        <line num="29" count="7" type="cond" truecount="1" falsecount="0"/>
        <line num="30" count="7" type="cond" truecount="1" falsecount="0"/>
        <line num="31" count="6" type="stmt"/>
        <line num="32" count="6" type="stmt"/>
        <line num="33" count="7" type="stmt"/>
        <line num="34" count="9" type="cond" truecount="1" falsecount="0"/>
        <line num="35" count="2" type="stmt"/>
        <line num="36" count="2" type="stmt"/>
        <line num="37" count="9" type="stmt"/>
        <line num="38" count="4" type="cond" truecount="1" falsecount="0"/>
        <line num="39" count="1" type="stmt"/>
        <line num="40" count="1" type="stmt"/>
        <line num="41" count="1" type="stmt"/>
        <line num="42" count="1" type="stmt"/>
        <line num="43" count="1" type="stmt"/>
        <line num="44" count="4" type="stmt"/>
        <line num="45" count="4" type="stmt"/>
        <line num="46" count="1" type="stmt"/>
        <line num="47" count="1" type="stmt"/>
      </file>
      <file name="useThrottlePlugin.ts" path="E:\webprograms\ym-useRequest\lib\plugins\useThrottlePlugin.ts">
        <metrics statements="42" coveredstatements="42" conditionals="11" coveredconditionals="11" methods="3" coveredmethods="3"/>
        <line num="1" count="1" type="stmt"/>
        <line num="2" count="1" type="stmt"/>
        <line num="3" count="1" type="stmt"/>
        <line num="4" count="1" type="stmt"/>
        <line num="5" count="1" type="stmt"/>
        <line num="6" count="1" type="cond" truecount="1" falsecount="0"/>
        <line num="7" count="109" type="stmt"/>
        <line num="8" count="109" type="stmt"/>
        <line num="9" count="109" type="cond" truecount="1" falsecount="0"/>
        <line num="10" count="110" type="cond" truecount="2" falsecount="0"/>
        <line num="11" count="5" type="stmt"/>
        <line num="12" count="5" type="stmt"/>
        <line num="13" count="5" type="stmt"/>
        <line num="14" count="5" type="stmt"/>
        <line num="15" count="5" type="cond" truecount="1" falsecount="0"/>
        <line num="16" count="5" type="stmt"/>
        <line num="17" count="5" type="stmt"/>
        <line num="18" count="5" type="stmt"/>
        <line num="19" count="5" type="cond" truecount="1" falsecount="0"/>
        <line num="20" count="18" type="cond" truecount="1" falsecount="0"/>
        <line num="21" count="18" type="cond" truecount="1" falsecount="0"/>
        <line num="22" count="9" type="stmt"/>
        <line num="23" count="9" type="stmt"/>
        <line num="24" count="9" type="stmt"/>
        <line num="25" count="18" type="stmt"/>
        <line num="26" count="18" type="stmt"/>
        <line num="27" count="18" type="stmt"/>
        <line num="28" count="5" type="stmt"/>
        <line num="29" count="5" type="cond" truecount="1" falsecount="0"/>
        <line num="30" count="1" type="stmt"/>
        <line num="31" count="1" type="stmt"/>
        <line num="32" count="5" type="stmt"/>
        <line num="33" count="109" type="stmt"/>
        <line num="34" count="109" type="stmt"/>
        <line num="35" count="109" type="stmt"/>
        <line num="36" count="109" type="cond" truecount="1" falsecount="0"/>
        <line num="37" count="38" type="cond" truecount="1" falsecount="0"/>
        <line num="38" count="38" type="stmt"/>
        <line num="39" count="109" type="stmt"/>
        <line num="40" count="109" type="stmt"/>
        <line num="41" count="1" type="stmt"/>
        <line num="42" count="1" type="stmt"/>
      </file>
      <file name="useWindowVisibilityChangePlugin.ts" path="E:\webprograms\ym-useRequest\lib\plugins\useWindowVisibilityChangePlugin.ts">
        <metrics statements="37" coveredstatements="37" conditionals="9" coveredconditionals="9" methods="2" coveredmethods="2"/>
        <line num="1" count="1" type="stmt"/>
        <line num="2" count="1" type="stmt"/>
        <line num="3" count="1" type="stmt"/>
        <line num="4" count="1" type="stmt"/>
        <line num="5" count="1" type="stmt"/>
        <line num="6" count="1" type="cond" truecount="1" falsecount="0"/>
        <line num="7" count="109" type="stmt"/>
        <line num="8" count="109" type="stmt"/>
        <line num="9" count="109" type="stmt"/>
        <line num="10" count="109" type="stmt"/>
        <line num="11" count="109" type="stmt"/>
        <line num="12" count="109" type="cond" truecount="1" falsecount="0"/>
        <line num="13" count="56" type="cond" truecount="1" falsecount="0"/>
        <line num="14" count="56" type="cond" truecount="1" falsecount="0"/>
        <line num="15" count="56" type="stmt"/>
        <line num="16" count="109" type="stmt"/>
        <line num="17" count="109" type="cond" truecount="1" falsecount="0"/>
        <line num="18" count="109" type="cond" truecount="1" falsecount="0"/>
        <line num="19" count="2" type="stmt"/>
        <line num="20" count="2" type="cond" truecount="1" falsecount="0"/>
        <line num="21" count="1" type="stmt"/>
        <line num="22" count="2" type="stmt"/>
        <line num="23" count="2" type="stmt"/>
        <line num="24" count="109" type="cond" truecount="1" falsecount="0"/>
        <line num="25" count="1" type="stmt"/>
        <line num="26" count="1" type="stmt"/>
        <line num="27" count="109" type="stmt"/>
        <line num="28" count="109" type="stmt"/>
        <line num="29" count="109" type="stmt"/>
        <line num="30" count="109" type="cond" truecount="1" falsecount="0"/>
        <line num="31" count="28" type="stmt"/>
        <line num="32" count="109" type="stmt"/>
        <line num="33" count="109" type="stmt"/>
        <line num="34" count="109" type="stmt"/>
        <line num="35" count="109" type="stmt"/>
        <line num="36" count="1" type="stmt"/>
        <line num="37" count="1" type="stmt"/>
      </file>
    </package>
  </project>
</coverage>
