<?xml version="1.0" encoding="UTF-8"?>
<coverage generated="1758596300898" clover="3.2.0">
  <project timestamp="1758596300898" name="All files">
    <metrics statements="844" coveredstatements="844" conditionals="211" coveredconditionals="210" methods="69" coveredmethods="68" elements="1124" coveredelements="1122" complexity="0" loc="844" ncloc="844" packages="2" files="14" classes="14"/>
    <package name="lib">
      <metrics statements="425" coveredstatements="425" conditionals="86" coveredconditionals="85" methods="30" coveredmethods="29"/>
      <file name="createInstance.ts" path="E:\webprograms\ym-useRequest\lib\createInstance.ts">
        <metrics statements="187" coveredstatements="187" conditionals="56" coveredconditionals="55" methods="15" coveredmethods="14"/>
        <line num="1" count="1" type="stmt"/>
        <line num="2" count="1" type="stmt"/>
        <line num="3" count="1" type="stmt"/>
        <line num="4" count="1" type="stmt"/>
        <line num="5" count="94" type="cond" truecount="1" falsecount="0"/>
        <line num="6" count="94" type="stmt"/>
        <line num="7" count="94" type="stmt"/>
        <line num="8" count="94" type="cond" truecount="2" falsecount="0"/>
        <line num="9" count="94" type="stmt"/>
        <line num="10" count="94" type="stmt"/>
        <line num="11" count="94" type="stmt"/>
        <line num="12" count="94" type="stmt"/>
        <line num="13" count="94" type="stmt"/>
        <line num="14" count="94" type="stmt"/>
        <line num="15" count="94" type="stmt"/>
        <line num="16" count="94" type="stmt"/>
        <line num="17" count="94" type="stmt"/>
        <line num="18" count="94" type="cond" truecount="1" falsecount="0"/>
        <line num="19" count="612" type="stmt"/>
        <line num="20" count="612" type="cond" truecount="2" falsecount="0"/>
        <line num="21" count="612" type="stmt"/>
        <line num="22" count="612" type="stmt"/>
        <line num="23" count="94" type="stmt"/>
        <line num="24" count="94" type="stmt"/>
        <line num="25" count="94" type="stmt"/>
        <line num="26" count="94" type="stmt"/>
        <line num="27" count="94" type="cond" truecount="1" falsecount="0"/>
        <line num="28" count="94" type="stmt"/>
        <line num="29" count="94" type="stmt"/>
        <line num="30" count="94" type="stmt"/>
        <line num="31" count="94" type="stmt"/>
        <line num="32" count="94" type="stmt"/>
        <line num="33" count="94" type="stmt"/>
        <line num="34" count="94" type="cond" truecount="1" falsecount="0"/>
        <line num="35" count="94" type="stmt"/>
        <line num="36" count="94" type="stmt"/>
        <line num="37" count="94" type="cond" truecount="1" falsecount="0"/>
        <line num="38" count="167" type="cond" truecount="1" falsecount="0"/>
        <line num="39" count="167" type="stmt"/>
        <line num="40" count="167" type="stmt"/>
        <line num="41" count="167" type="stmt"/>
        <line num="42" count="94" type="stmt"/>
        <line num="43" count="94" type="stmt"/>
        <line num="44" count="94" type="cond" truecount="1" falsecount="0"/>
        <line num="45" count="126" type="cond" truecount="1" falsecount="0"/>
        <line num="46" count="14" type="stmt"/>
        <line num="47" count="14" type="cond" truecount="1" falsecount="0"/>
        <line num="48" count="112" type="stmt"/>
        <line num="49" count="112" type="stmt"/>
        <line num="50" count="126" type="cond" truecount="2" falsecount="0"/>
        <line num="51" count="126" type="cond" truecount="2" falsecount="0"/>
        <line num="52" count="126" type="stmt"/>
        <line num="53" count="126" type="stmt"/>
        <line num="54" count="126" type="stmt"/>
        <line num="55" count="94" type="stmt"/>
        <line num="56" count="94" type="stmt"/>
        <line num="57" count="94" type="cond" truecount="1" falsecount="0"/>
        <line num="58" count="20" type="cond" truecount="1" falsecount="0"/>
        <line num="59" count="1" type="stmt"/>
        <line num="60" count="1" type="cond" truecount="1" falsecount="0"/>
        <line num="61" count="19" type="stmt"/>
        <line num="62" count="19" type="stmt"/>
        <line num="63" count="19" type="stmt"/>
        <line num="64" count="19" type="cond" truecount="1" falsecount="0"/>
        <line num="65" count="20" type="stmt"/>
        <line num="66" count="20" type="stmt"/>
        <line num="67" count="94" type="stmt"/>
        <line num="68" count="94" type="stmt"/>
        <line num="69" count="94" type="cond" truecount="1" falsecount="0"/>
        <line num="70" count="146" type="stmt"/>
        <line num="71" count="146" type="stmt"/>
        <line num="72" count="146" type="stmt"/>
        <line num="73" count="146" type="stmt"/>
        <line num="74" count="146" type="stmt"/>
        <line num="75" count="146" type="cond" truecount="1" falsecount="0"/>
        <line num="76" count="17" type="stmt"/>
        <line num="77" count="17" type="cond" truecount="1" falsecount="0"/>
        <line num="78" count="129" type="stmt"/>
        <line num="79" count="129" type="stmt"/>
        <line num="80" count="146" type="cond" truecount="1" falsecount="0"/>
        <line num="81" count="146" type="stmt"/>
        <line num="82" count="94" type="stmt"/>
        <line num="83" count="94" type="stmt"/>
        <line num="84" count="94" type="cond" truecount="1" falsecount="0"/>
        <line num="85" count="167" type="stmt"/>
        <line num="86" count="167" type="cond" truecount="1" falsecount="0"/>
        <line num="87" count="13" type="stmt"/>
        <line num="88" count="13" type="stmt"/>
        <line num="89" count="13" type="cond" truecount="1" falsecount="0"/>
        <line num="90" count="13" type="stmt"/>
        <line num="91" count="13" type="stmt"/>
        <line num="92" count="167" type="cond" truecount="1" falsecount="0"/>
        <line num="93" count="16" type="stmt"/>
        <line num="94" count="16" type="stmt"/>
        <line num="95" count="16" type="stmt"/>
        <line num="96" count="16" type="cond" truecount="1" falsecount="0"/>
        <line num="97" count="167" type="cond" truecount="1" falsecount="0"/>
        <line num="98" count="167" type="stmt"/>
        <line num="99" count="167" type="cond" truecount="2" falsecount="0"/>
        <line num="100" count="132" type="stmt"/>
        <line num="101" count="132" type="cond" truecount="1" falsecount="0"/>
        <line num="102" count="151" type="stmt"/>
        <line num="103" count="151" type="stmt"/>
        <line num="104" count="151" type="cond" truecount="1" falsecount="0"/>
        <line num="105" count="126" type="stmt"/>
        <line num="106" count="167" type="cond" truecount="1" falsecount="0"/>
        <line num="107" count="2" type="stmt"/>
        <line num="108" count="2" type="stmt"/>
        <line num="109" count="2" type="stmt"/>
        <line num="110" count="2" type="stmt"/>
        <line num="111" count="2" type="stmt"/>
        <line num="112" count="167" type="stmt"/>
        <line num="113" count="167" type="stmt"/>
        <line num="114" count="167" type="cond" truecount="2" falsecount="0"/>
        <line num="115" count="20" type="cond" truecount="1" falsecount="0"/>
        <line num="116" count="1" type="stmt"/>
        <line num="117" count="1" type="stmt"/>
        <line num="118" count="1" type="stmt"/>
        <line num="119" count="1" type="stmt"/>
        <line num="120" count="1" type="stmt"/>
        <line num="121" count="20" type="stmt"/>
        <line num="122" count="20" type="stmt"/>
        <line num="123" count="167" type="cond" truecount="1" falsecount="1"/>
        <line num="124" count="146" type="stmt"/>
        <line num="125" count="146" type="stmt"/>
        <line num="126" count="167" type="stmt"/>
        <line num="127" count="94" type="stmt"/>
        <line num="128" count="94" type="cond" truecount="1" falsecount="0"/>
        <line num="129" count="167" type="stmt"/>
        <line num="130" count="167" type="cond" truecount="1" falsecount="0"/>
        <line num="131" count="112" type="stmt"/>
        <line num="132" count="112" type="stmt"/>
        <line num="133" count="167" type="stmt"/>
        <line num="134" count="167" type="stmt"/>
        <line num="135" count="167" type="stmt"/>
        <line num="136" count="167" type="stmt"/>
        <line num="137" count="167" type="stmt"/>
        <line num="138" count="167" type="stmt"/>
        <line num="139" count="167" type="stmt"/>
        <line num="140" count="167" type="stmt"/>
        <line num="141" count="167" type="stmt"/>
        <line num="142" count="94" type="stmt"/>
        <line num="143" count="94" type="cond" truecount="1" falsecount="0"/>
        <line num="144" count="472" type="cond" truecount="1" falsecount="0"/>
        <line num="145" count="19" type="cond" truecount="1" falsecount="0"/>
        <line num="146" count="472" type="stmt"/>
        <line num="147" count="472" type="stmt"/>
        <line num="148" count="94" type="stmt"/>
        <line num="149" count="94" type="cond" truecount="1" falsecount="0"/>
        <line num="150" count="29" type="stmt"/>
        <line num="151" count="29" type="stmt"/>
        <line num="152" count="29" type="stmt"/>
        <line num="153" count="29" type="cond" truecount="1" falsecount="0"/>
        <line num="154" count="29" type="stmt"/>
        <line num="155" count="94" type="stmt"/>
        <line num="156" count="94" type="cond" truecount="1" falsecount="0"/>
        <line num="157" count="94" type="stmt"/>
        <line num="158" count="94" type="stmt"/>
        <line num="159" count="94" type="stmt"/>
        <line num="160" count="94" type="cond" truecount="1" falsecount="0"/>
        <line num="161" count="5" type="cond" truecount="2" falsecount="0"/>
        <line num="162" count="5" type="stmt"/>
        <line num="163" count="5" type="stmt"/>
        <line num="164" count="94" type="stmt"/>
        <line num="165" count="94" type="cond" truecount="1" falsecount="0"/>
        <line num="166" count="5" type="cond" truecount="1" falsecount="0"/>
        <line num="167" count="4" type="stmt"/>
        <line num="168" count="4" type="cond" truecount="1" falsecount="0"/>
        <line num="169" count="4" type="stmt"/>
        <line num="170" count="4" type="cond" truecount="1" falsecount="0"/>
        <line num="171" count="1" type="stmt"/>
        <line num="172" count="5" type="stmt"/>
        <line num="173" count="94" type="stmt"/>
        <line num="174" count="94" type="stmt"/>
        <line num="175" count="94" type="stmt"/>
        <line num="176" count="94" type="stmt"/>
        <line num="177" count="94" type="stmt"/>
        <line num="178" count="94" type="stmt"/>
        <line num="179" count="94" type="stmt"/>
        <line num="180" count="94" type="stmt"/>
        <line num="181" count="94" type="stmt"/>
        <line num="182" count="94" type="stmt"/>
        <line num="183" count="94" type="stmt"/>
        <line num="184" count="94" type="stmt"/>
        <line num="185" count="94" type="stmt"/>
        <line num="186" count="1" type="stmt"/>
        <line num="187" count="1" type="stmt"/>
      </file>
      <file name="index.ts" path="E:\webprograms\ym-useRequest\lib\index.ts">
        <metrics statements="75" coveredstatements="75" conditionals="3" coveredconditionals="3" methods="1" coveredmethods="1"/>
        <line num="1" count="1" type="stmt"/>
        <line num="2" count="1" type="stmt"/>
        <line num="3" count="1" type="stmt"/>
        <line num="4" count="1" type="stmt"/>
        <line num="5" count="1" type="stmt"/>
        <line num="6" count="1" type="stmt"/>
        <line num="7" count="1" type="stmt"/>
        <line num="8" count="1" type="stmt"/>
        <line num="9" count="1" type="stmt"/>
        <line num="10" count="1" type="stmt"/>
        <line num="11" count="1" type="stmt"/>
        <line num="12" count="1" type="stmt"/>
        <line num="13" count="1" type="stmt"/>
        <line num="14" count="1" type="stmt"/>
        <line num="15" count="1" type="stmt"/>
        <line num="16" count="1" type="stmt"/>
        <line num="17" count="1" type="stmt"/>
        <line num="18" count="1" type="stmt"/>
        <line num="19" count="1" type="stmt"/>
        <line num="20" count="1" type="stmt"/>
        <line num="21" count="1" type="stmt"/>
        <line num="22" count="1" type="stmt"/>
        <line num="23" count="1" type="stmt"/>
        <line num="24" count="1" type="stmt"/>
        <line num="25" count="1" type="stmt"/>
        <line num="26" count="1" type="stmt"/>
        <line num="27" count="1" type="stmt"/>
        <line num="28" count="1" type="stmt"/>
        <line num="29" count="1" type="stmt"/>
        <line num="30" count="1" type="stmt"/>
        <line num="31" count="1" type="stmt"/>
        <line num="32" count="1" type="stmt"/>
        <line num="33" count="1" type="stmt"/>
        <line num="34" count="1" type="stmt"/>
        <line num="35" count="1" type="stmt"/>
        <line num="36" count="1" type="stmt"/>
        <line num="37" count="1" type="stmt"/>
        <line num="38" count="1" type="stmt"/>
        <line num="39" count="1" type="stmt"/>
        <line num="40" count="94" type="cond" truecount="1" falsecount="0"/>
        <line num="41" count="94" type="stmt"/>
        <line num="42" count="94" type="stmt"/>
        <line num="43" count="94" type="stmt"/>
        <line num="44" count="94" type="stmt"/>
        <line num="45" count="94" type="stmt"/>
        <line num="46" count="94" type="stmt"/>
        <line num="47" count="94" type="stmt"/>
        <line num="48" count="94" type="stmt"/>
        <line num="49" count="94" type="cond" truecount="2" falsecount="0"/>
        <line num="50" count="8" type="stmt"/>
        <line num="51" count="8" type="stmt"/>
        <line num="52" count="94" type="stmt"/>
        <line num="53" count="94" type="stmt"/>
        <line num="54" count="94" type="stmt"/>
        <line num="55" count="1" type="stmt"/>
        <line num="56" count="1" type="stmt"/>
        <line num="57" count="1" type="stmt"/>
        <line num="58" count="1" type="stmt"/>
        <line num="59" count="1" type="stmt"/>
        <line num="60" count="1" type="stmt"/>
        <line num="61" count="1" type="stmt"/>
        <line num="62" count="1" type="stmt"/>
        <line num="63" count="1" type="stmt"/>
        <line num="64" count="1" type="stmt"/>
        <line num="65" count="1" type="stmt"/>
        <line num="66" count="1" type="stmt"/>
        <line num="67" count="1" type="stmt"/>
        <line num="68" count="1" type="stmt"/>
        <line num="69" count="1" type="stmt"/>
        <line num="70" count="1" type="stmt"/>
        <line num="71" count="1" type="stmt"/>
        <line num="72" count="1" type="stmt"/>
        <line num="73" count="1" type="stmt"/>
        <line num="74" count="1" type="stmt"/>
        <line num="75" count="1" type="stmt"/>
      </file>
      <file name="registerPlugin.ts" path="E:\webprograms\ym-useRequest\lib\registerPlugin.ts">
        <metrics statements="100" coveredstatements="100" conditionals="19" coveredconditionals="19" methods="10" coveredmethods="10"/>
        <line num="1" count="1" type="stmt"/>
        <line num="2" count="1" type="stmt"/>
        <line num="3" count="1" type="stmt"/>
        <line num="4" count="1" type="stmt"/>
        <line num="5" count="1" type="stmt"/>
        <line num="6" count="1" type="stmt"/>
        <line num="7" count="1" type="stmt"/>
        <line num="8" count="1" type="stmt"/>
        <line num="9" count="1" type="stmt"/>
        <line num="10" count="1" type="stmt"/>
        <line num="11" count="1" type="stmt"/>
        <line num="12" count="1" type="stmt"/>
        <line num="13" count="1" type="stmt"/>
        <line num="14" count="1" type="stmt"/>
        <line num="15" count="1" type="stmt"/>
        <line num="16" count="1" type="stmt"/>
        <line num="17" count="1" type="stmt"/>
        <line num="18" count="1" type="stmt"/>
        <line num="19" count="1" type="stmt"/>
        <line num="20" count="1" type="stmt"/>
        <line num="21" count="1" type="stmt"/>
        <line num="22" count="1" type="stmt"/>
        <line num="23" count="1" type="stmt"/>
        <line num="24" count="1" type="stmt"/>
        <line num="25" count="1" type="stmt"/>
        <line num="26" count="1" type="stmt"/>
        <line num="27" count="1" type="stmt"/>
        <line num="28" count="1" type="stmt"/>
        <line num="29" count="1" type="cond" truecount="1" falsecount="0"/>
        <line num="30" count="12" type="stmt"/>
        <line num="31" count="12" type="stmt"/>
        <line num="32" count="1" type="stmt"/>
        <line num="33" count="1" type="stmt"/>
        <line num="34" count="1" type="cond" truecount="1" falsecount="0"/>
        <line num="35" count="12" type="cond" truecount="1" falsecount="0"/>
        <line num="36" count="12" type="stmt"/>
        <line num="37" count="1" type="stmt"/>
        <line num="38" count="1" type="stmt"/>
        <line num="39" count="1" type="cond" truecount="1" falsecount="0"/>
        <line num="40" count="124" type="cond" truecount="1" falsecount="0"/>
        <line num="41" count="1326" type="cond" truecount="1" falsecount="0"/>
        <line num="42" count="1326" type="cond" truecount="1" falsecount="0"/>
        <line num="43" count="1326" type="stmt"/>
        <line num="44" count="124" type="stmt"/>
        <line num="45" count="124" type="stmt"/>
        <line num="46" count="1" type="stmt"/>
        <line num="47" count="1" type="stmt"/>
        <line num="48" count="1" type="cond" truecount="1" falsecount="0"/>
        <line num="49" count="30" type="stmt"/>
        <line num="50" count="30" type="stmt"/>
        <line num="51" count="1" type="stmt"/>
        <line num="52" count="1" type="stmt"/>
        <line num="53" count="1" type="cond" truecount="1" falsecount="0"/>
        <line num="54" count="112" type="cond" truecount="1" falsecount="0"/>
        <line num="55" count="22" type="cond" truecount="1" falsecount="0"/>
        <line num="56" count="11" type="stmt"/>
        <line num="57" count="11" type="stmt"/>
        <line num="58" count="11" type="stmt"/>
        <line num="59" count="112" type="stmt"/>
        <line num="60" count="112" type="stmt"/>
        <line num="61" count="1" type="stmt"/>
        <line num="62" count="1" type="stmt"/>
        <line num="63" count="1" type="cond" truecount="1" falsecount="0"/>
        <line num="64" count="18" type="cond" truecount="1" falsecount="0"/>
        <line num="65" count="6" type="stmt"/>
        <line num="66" count="18" type="stmt"/>
        <line num="67" count="18" type="stmt"/>
        <line num="68" count="18" type="cond" truecount="1" falsecount="0"/>
        <line num="69" count="18" type="stmt"/>
        <line num="70" count="18" type="stmt"/>
        <line num="71" count="18" type="stmt"/>
        <line num="72" count="18" type="stmt"/>
        <line num="73" count="18" type="stmt"/>
        <line num="74" count="1" type="stmt"/>
        <line num="75" count="1" type="stmt"/>
        <line num="76" count="1" type="cond" truecount="1" falsecount="0"/>
        <line num="77" count="94" type="stmt"/>
        <line num="78" count="94" type="stmt"/>
        <line num="79" count="94" type="stmt"/>
        <line num="80" count="94" type="stmt"/>
        <line num="81" count="94" type="cond" truecount="1" falsecount="0"/>
        <line num="82" count="866" type="stmt"/>
        <line num="83" count="94" type="stmt"/>
        <line num="84" count="94" type="stmt"/>
        <line num="85" count="94" type="stmt"/>
        <line num="86" count="94" type="stmt"/>
        <line num="87" count="94" type="stmt"/>
        <line num="88" count="94" type="stmt"/>
        <line num="89" count="1" type="stmt"/>
        <line num="90" count="1" type="cond" truecount="1" falsecount="0"/>
        <line num="91" count="1" type="stmt"/>
        <line num="92" count="1" type="stmt"/>
        <line num="93" count="1" type="stmt"/>
        <line num="94" count="1" type="cond" truecount="1" falsecount="0"/>
        <line num="95" count="1" type="stmt"/>
        <line num="96" count="1" type="stmt"/>
        <line num="97" count="1" type="stmt"/>
        <line num="98" count="1" type="cond" truecount="1" falsecount="0"/>
        <line num="99" count="1" type="stmt"/>
        <line num="100" count="1" type="stmt"/>
      </file>
      <file name="requestMap.ts" path="E:\webprograms\ym-useRequest\lib\requestMap.ts">
        <metrics statements="18" coveredstatements="18" conditionals="3" coveredconditionals="3" methods="3" coveredmethods="3"/>
        <line num="1" count="1" type="stmt"/>
        <line num="2" count="1" type="stmt"/>
        <line num="3" count="1" type="stmt"/>
        <line num="4" count="1" type="stmt"/>
        <line num="5" count="1" type="stmt"/>
        <line num="6" count="1" type="cond" truecount="1" falsecount="0"/>
        <line num="7" count="8" type="stmt"/>
        <line num="8" count="8" type="stmt"/>
        <line num="9" count="1" type="stmt"/>
        <line num="10" count="1" type="stmt"/>
        <line num="11" count="1" type="cond" truecount="1" falsecount="0"/>
        <line num="12" count="12" type="stmt"/>
        <line num="13" count="12" type="stmt"/>
        <line num="14" count="1" type="stmt"/>
        <line num="15" count="1" type="stmt"/>
        <line num="16" count="1" type="cond" truecount="1" falsecount="0"/>
        <line num="17" count="3" type="stmt"/>
        <line num="18" count="3" type="stmt"/>
      </file>
      <file name="usePlugins.ts" path="E:\webprograms\ym-useRequest\lib\usePlugins.ts">
        <metrics statements="45" coveredstatements="45" conditionals="5" coveredconditionals="5" methods="1" coveredmethods="1"/>
        <line num="1" count="1" type="stmt"/>
        <line num="2" count="1" type="stmt"/>
        <line num="3" count="1" type="stmt"/>
        <line num="4" count="1" type="stmt"/>
        <line num="5" count="1" type="stmt"/>
        <line num="6" count="1" type="stmt"/>
        <line num="7" count="94" type="cond" truecount="1" falsecount="0"/>
        <line num="8" count="94" type="stmt"/>
        <line num="9" count="94" type="stmt"/>
        <line num="10" count="94" type="stmt"/>
        <line num="11" count="94" type="stmt"/>
        <line num="12" count="94" type="stmt"/>
        <line num="13" count="94" type="stmt"/>
        <line num="14" count="94" type="stmt"/>
        <line num="15" count="94" type="stmt"/>
        <line num="16" count="94" type="stmt"/>
        <line num="17" count="94" type="stmt"/>
        <line num="18" count="94" type="stmt"/>
        <line num="19" count="94" type="stmt"/>
        <line num="20" count="94" type="stmt"/>
        <line num="21" count="94" type="stmt"/>
        <line num="22" count="94" type="cond" truecount="1" falsecount="0"/>
        <line num="23" count="94" type="stmt"/>
        <line num="24" count="94" type="cond" truecount="1" falsecount="0"/>
        <line num="25" count="35" type="stmt"/>
        <line num="26" count="35" type="stmt"/>
        <line num="27" count="94" type="stmt"/>
        <line num="28" count="94" type="cond" truecount="1" falsecount="0"/>
        <line num="29" count="19" type="stmt"/>
        <line num="30" count="19" type="cond" truecount="1" falsecount="0"/>
        <line num="31" count="94" type="stmt"/>
        <line num="32" count="94" type="stmt"/>
        <line num="33" count="94" type="stmt"/>
        <line num="34" count="94" type="stmt"/>
        <line num="35" count="94" type="stmt"/>
        <line num="36" count="94" type="stmt"/>
        <line num="37" count="94" type="stmt"/>
        <line num="38" count="94" type="stmt"/>
        <line num="39" count="94" type="stmt"/>
        <line num="40" count="94" type="stmt"/>
        <line num="41" count="94" type="stmt"/>
        <line num="42" count="94" type="stmt"/>
        <line num="43" count="94" type="stmt"/>
        <line num="44" count="1" type="stmt"/>
        <line num="45" count="1" type="stmt"/>
      </file>
    </package>
    <package name="lib.plugins">
      <metrics statements="419" coveredstatements="419" conditionals="125" coveredconditionals="125" methods="39" coveredmethods="39"/>
      <file name="useCachePlugin.ts" path="E:\webprograms\ym-useRequest\lib\plugins\useCachePlugin.ts">
        <metrics statements="127" coveredstatements="127" conditionals="39" coveredconditionals="39" methods="11" coveredmethods="11"/>
        <line num="1" count="1" type="stmt"/>
        <line num="2" count="1" type="stmt"/>
        <line num="3" count="1" type="stmt"/>
        <line num="4" count="1" type="stmt"/>
        <line num="5" count="1" type="stmt"/>
        <line num="6" count="1" type="stmt"/>
        <line num="7" count="1" type="stmt"/>
        <line num="8" count="1" type="cond" truecount="1" falsecount="0"/>
        <line num="9" count="93" type="stmt"/>
        <line num="10" count="93" type="stmt"/>
        <line num="11" count="93" type="stmt"/>
        <line num="12" count="93" type="stmt"/>
        <line num="13" count="93" type="stmt"/>
        <line num="14" count="93" type="stmt"/>
        <line num="15" count="93" type="stmt"/>
        <line num="16" count="93" type="stmt"/>
        <line num="17" count="93" type="stmt"/>
        <line num="18" count="93" type="stmt"/>
        <line num="19" count="93" type="cond" truecount="1" falsecount="0"/>
        <line num="20" count="76" type="stmt"/>
        <line num="21" count="76" type="cond" truecount="2" falsecount="0"/>
        <line num="22" count="17" type="stmt"/>
        <line num="23" count="17" type="cond" truecount="1" falsecount="0"/>
        <line num="24" count="17" type="stmt"/>
        <line num="25" count="17" type="stmt"/>
        <line num="26" count="17" type="stmt"/>
        <line num="27" count="93" type="cond" truecount="3" falsecount="0"/>
        <line num="28" count="93" type="stmt"/>
        <line num="29" count="93" type="cond" truecount="1" falsecount="0"/>
        <line num="30" count="19" type="cond" truecount="1" falsecount="0"/>
        <line num="31" count="2" type="stmt"/>
        <line num="32" count="19" type="cond" truecount="1" falsecount="0"/>
        <line num="33" count="17" type="stmt"/>
        <line num="34" count="17" type="stmt"/>
        <line num="35" count="19" type="stmt"/>
        <line num="36" count="19" type="stmt"/>
        <line num="37" count="93" type="stmt"/>
        <line num="38" count="93" type="cond" truecount="1" falsecount="0"/>
        <line num="39" count="48" type="cond" truecount="1" falsecount="0"/>
        <line num="40" count="4" type="stmt"/>
        <line num="41" count="48" type="cond" truecount="1" falsecount="0"/>
        <line num="42" count="44" type="stmt"/>
        <line num="43" count="44" type="stmt"/>
        <line num="44" count="48" type="stmt"/>
        <line num="45" count="93" type="stmt"/>
        <line num="46" count="93" type="stmt"/>
        <line num="47" count="93" type="stmt"/>
        <line num="48" count="93" type="stmt"/>
        <line num="49" count="93" type="cond" truecount="3" falsecount="0"/>
        <line num="50" count="3" type="stmt"/>
        <line num="51" count="3" type="stmt"/>
        <line num="52" count="3" type="cond" truecount="1" falsecount="0"/>
        <line num="53" count="17" type="stmt"/>
        <line num="54" count="17" type="stmt"/>
        <line num="55" count="17" type="cond" truecount="1" falsecount="0"/>
        <line num="56" count="36" type="stmt"/>
        <line num="57" count="36" type="stmt"/>
        <line num="58" count="36" type="cond" truecount="1" falsecount="0"/>
        <line num="59" count="17" type="stmt"/>
        <line num="60" count="17" type="stmt"/>
        <line num="61" count="17" type="cond" truecount="1" falsecount="0"/>
        <line num="62" count="3" type="stmt"/>
        <line num="63" count="3" type="cond" truecount="1" falsecount="0"/>
        <line num="64" count="17" type="stmt"/>
        <line num="65" count="17" type="stmt"/>
        <line num="66" count="36" type="stmt"/>
        <line num="67" count="17" type="stmt"/>
        <line num="68" count="17" type="stmt"/>
        <line num="69" count="17" type="cond" truecount="1" falsecount="0"/>
        <line num="70" count="4" type="stmt"/>
        <line num="71" count="17" type="stmt"/>
        <line num="72" count="17" type="stmt"/>
        <line num="73" count="17" type="stmt"/>
        <line num="74" count="17" type="cond" truecount="1" falsecount="0"/>
        <line num="75" count="19" type="stmt"/>
        <line num="76" count="19" type="stmt"/>
        <line num="77" count="19" type="stmt"/>
        <line num="78" count="19" type="stmt"/>
        <line num="79" count="19" type="stmt"/>
        <line num="80" count="19" type="stmt"/>
        <line num="81" count="19" type="stmt"/>
        <line num="82" count="19" type="stmt"/>
        <line num="83" count="17" type="stmt"/>
        <line num="84" count="17" type="stmt"/>
        <line num="85" count="17" type="cond" truecount="1" falsecount="0"/>
        <line num="86" count="31" type="stmt"/>
        <line num="87" count="31" type="stmt"/>
        <line num="88" count="31" type="cond" truecount="2" falsecount="0"/>
        <line num="89" count="18" type="stmt"/>
        <line num="90" count="18" type="cond" truecount="2" falsecount="0"/>
        <line num="91" count="13" type="stmt"/>
        <line num="92" count="31" type="cond" truecount="3" falsecount="0"/>
        <line num="93" count="12" type="stmt"/>
        <line num="94" count="12" type="stmt"/>
        <line num="95" count="12" type="stmt"/>
        <line num="96" count="12" type="stmt"/>
        <line num="97" count="12" type="stmt"/>
        <line num="98" count="28" type="cond" truecount="1" falsecount="0"/>
        <line num="99" count="1" type="stmt"/>
        <line num="100" count="1" type="stmt"/>
        <line num="101" count="1" type="stmt"/>
        <line num="102" count="31" type="stmt"/>
        <line num="103" count="17" type="cond" truecount="1" falsecount="0"/>
        <line num="104" count="19" type="stmt"/>
        <line num="105" count="19" type="stmt"/>
        <line num="106" count="19" type="stmt"/>
        <line num="107" count="19" type="stmt"/>
        <line num="108" count="19" type="cond" truecount="2" falsecount="0"/>
        <line num="109" count="2" type="stmt"/>
        <line num="110" count="2" type="cond" truecount="1" falsecount="0"/>
        <line num="111" count="17" type="stmt"/>
        <line num="112" count="17" type="stmt"/>
        <line num="113" count="17" type="stmt"/>
        <line num="114" count="17" type="stmt"/>
        <line num="115" count="19" type="stmt"/>
        <line num="116" count="17" type="stmt"/>
        <line num="117" count="17" type="cond" truecount="1" falsecount="0"/>
        <line num="118" count="17" type="stmt"/>
        <line num="119" count="17" type="stmt"/>
        <line num="120" count="17" type="cond" truecount="1" falsecount="0"/>
        <line num="121" count="2" type="stmt"/>
        <line num="122" count="2" type="stmt"/>
        <line num="123" count="2" type="stmt"/>
        <line num="124" count="17" type="stmt"/>
        <line num="125" count="17" type="stmt"/>
        <line num="126" count="1" type="stmt"/>
        <line num="127" count="1" type="stmt"/>
      </file>
      <file name="useDebouncePlugin.ts" path="E:\webprograms\ym-useRequest\lib\plugins\useDebouncePlugin.ts">
        <metrics statements="41" coveredstatements="41" conditionals="11" coveredconditionals="11" methods="3" coveredmethods="3"/>
        <line num="1" count="1" type="stmt"/>
        <line num="2" count="1" type="stmt"/>
        <line num="3" count="1" type="stmt"/>
        <line num="4" count="1" type="stmt"/>
        <line num="5" count="1" type="cond" truecount="1" falsecount="0"/>
        <line num="6" count="94" type="stmt"/>
        <line num="7" count="94" type="stmt"/>
        <line num="8" count="94" type="cond" truecount="1" falsecount="0"/>
        <line num="9" count="95" type="cond" truecount="2" falsecount="0"/>
        <line num="10" count="4" type="stmt"/>
        <line num="11" count="4" type="stmt"/>
        <line num="12" count="4" type="stmt"/>
        <line num="13" count="4" type="stmt"/>
        <line num="14" count="4" type="cond" truecount="1" falsecount="0"/>
        <line num="15" count="4" type="stmt"/>
        <line num="16" count="4" type="stmt"/>
        <line num="17" count="4" type="stmt"/>
        <line num="18" count="4" type="cond" truecount="1" falsecount="0"/>
        <line num="19" count="306" type="cond" truecount="1" falsecount="0"/>
        <line num="20" count="306" type="cond" truecount="1" falsecount="0"/>
        <line num="21" count="4" type="stmt"/>
        <line num="22" count="4" type="stmt"/>
        <line num="23" count="4" type="stmt"/>
        <line num="24" count="306" type="stmt"/>
        <line num="25" count="306" type="stmt"/>
        <line num="26" count="306" type="stmt"/>
        <line num="27" count="4" type="stmt"/>
        <line num="28" count="4" type="cond" truecount="1" falsecount="0"/>
        <line num="29" count="1" type="stmt"/>
        <line num="30" count="1" type="stmt"/>
        <line num="31" count="4" type="stmt"/>
        <line num="32" count="94" type="stmt"/>
        <line num="33" count="94" type="stmt"/>
        <line num="34" count="94" type="stmt"/>
        <line num="35" count="94" type="cond" truecount="1" falsecount="0"/>
        <line num="36" count="29" type="cond" truecount="1" falsecount="0"/>
        <line num="37" count="29" type="stmt"/>
        <line num="38" count="94" type="stmt"/>
        <line num="39" count="94" type="stmt"/>
        <line num="40" count="1" type="stmt"/>
        <line num="41" count="1" type="stmt"/>
      </file>
      <file name="useLoadingDelayPlugin.ts" path="E:\webprograms\ym-useRequest\lib\plugins\useLoadingDelayPlugin.ts">
        <metrics statements="25" coveredstatements="25" conditionals="6" coveredconditionals="6" methods="4" coveredmethods="4"/>
        <line num="1" count="1" type="stmt"/>
        <line num="2" count="1" type="stmt"/>
        <line num="3" count="1" type="stmt"/>
        <line num="4" count="1" type="stmt"/>
        <line num="5" count="1" type="cond" truecount="1" falsecount="0"/>
        <line num="6" count="94" type="stmt"/>
        <line num="7" count="94" type="stmt"/>
        <line num="8" count="94" type="cond" truecount="1" falsecount="0"/>
        <line num="9" count="167" type="cond" truecount="1" falsecount="0"/>
        <line num="10" count="2" type="stmt"/>
        <line num="11" count="2" type="cond" truecount="1" falsecount="0"/>
        <line num="12" count="1" type="stmt"/>
        <line num="13" count="2" type="stmt"/>
        <line num="14" count="2" type="stmt"/>
        <line num="15" count="167" type="stmt"/>
        <line num="16" count="94" type="cond" truecount="1" falsecount="0"/>
        <line num="17" count="29" type="stmt"/>
        <line num="18" count="29" type="stmt"/>
        <line num="19" count="94" type="cond" truecount="1" falsecount="0"/>
        <line num="20" count="129" type="stmt"/>
        <line num="21" count="129" type="stmt"/>
        <line num="22" count="94" type="stmt"/>
        <line num="23" count="94" type="stmt"/>
        <line num="24" count="1" type="stmt"/>
        <line num="25" count="1" type="stmt"/>
      </file>
      <file name="usePollingPlugin.ts" path="E:\webprograms\ym-useRequest\lib\plugins\usePollingPlugin.ts">
        <metrics statements="52" coveredstatements="52" conditionals="23" coveredconditionals="23" methods="7" coveredmethods="7"/>
        <line num="1" count="1" type="stmt"/>
        <line num="2" count="1" type="stmt"/>
        <line num="3" count="1" type="stmt"/>
        <line num="4" count="1" type="stmt"/>
        <line num="5" count="1" type="cond" truecount="1" falsecount="0"/>
        <line num="6" count="94" type="stmt"/>
        <line num="7" count="94" type="stmt"/>
        <line num="8" count="94" type="cond" truecount="1" falsecount="0"/>
        <line num="9" count="94" type="stmt"/>
        <line num="10" count="94" type="cond" truecount="1" falsecount="0"/>
        <line num="11" count="130" type="stmt"/>
        <line num="12" count="130" type="cond" truecount="1" falsecount="0"/>
        <line num="13" count="130" type="cond" truecount="1" falsecount="0"/>
        <line num="14" count="110" type="stmt"/>
        <line num="15" count="110" type="cond" truecount="2" falsecount="0"/>
        <line num="16" count="130" type="cond" truecount="3" falsecount="0"/>
        <line num="17" count="19" type="stmt"/>
        <line num="18" count="19" type="stmt"/>
        <line num="19" count="21" type="cond" truecount="1" falsecount="0"/>
        <line num="20" count="1" type="stmt"/>
        <line num="21" count="1" type="cond" truecount="1" falsecount="0"/>
        <line num="22" count="20" type="cond" truecount="1" falsecount="0"/>
        <line num="23" count="130" type="stmt"/>
        <line num="24" count="94" type="stmt"/>
        <line num="25" count="94" type="cond" truecount="1" falsecount="0"/>
        <line num="26" count="1" type="stmt"/>
        <line num="27" count="1" type="stmt"/>
        <line num="28" count="1" type="cond" truecount="1" falsecount="0"/>
        <line num="29" count="1" type="stmt"/>
        <line num="30" count="94" type="stmt"/>
        <line num="31" count="94" type="stmt"/>
        <line num="32" count="94" type="stmt"/>
        <line num="33" count="94" type="cond" truecount="1" falsecount="0"/>
        <line num="34" count="167" type="cond" truecount="1" falsecount="0"/>
        <line num="35" count="167" type="stmt"/>
        <line num="36" count="94" type="cond" truecount="1" falsecount="0"/>
        <line num="37" count="29" type="cond" truecount="1" falsecount="0"/>
        <line num="38" count="29" type="stmt"/>
        <line num="39" count="29" type="stmt"/>
        <line num="40" count="94" type="cond" truecount="1" falsecount="0"/>
        <line num="41" count="112" type="stmt"/>
        <line num="42" count="112" type="stmt"/>
        <line num="43" count="94" type="cond" truecount="1" falsecount="0"/>
        <line num="44" count="19" type="stmt"/>
        <line num="45" count="19" type="stmt"/>
        <line num="46" count="94" type="cond" truecount="1" falsecount="0"/>
        <line num="47" count="129" type="cond" truecount="1" falsecount="0"/>
        <line num="48" count="129" type="stmt"/>
        <line num="49" count="94" type="stmt"/>
        <line num="50" count="94" type="stmt"/>
        <line num="51" count="1" type="stmt"/>
        <line num="52" count="1" type="stmt"/>
      </file>
      <file name="useReadyPlugin.ts" path="E:\webprograms\ym-useRequest\lib\plugins\useReadyPlugin.ts">
        <metrics statements="19" coveredstatements="19" conditionals="5" coveredconditionals="5" methods="2" coveredmethods="2"/>
        <line num="1" count="1" type="stmt"/>
        <line num="2" count="1" type="stmt"/>
        <line num="3" count="1" type="stmt"/>
        <line num="4" count="1" type="stmt"/>
        <line num="5" count="1" type="cond" truecount="1" falsecount="0"/>
        <line num="6" count="94" type="stmt"/>
        <line num="7" count="94" type="cond" truecount="1" falsecount="0"/>
        <line num="8" count="167" type="cond" truecount="2" falsecount="0"/>
        <line num="9" count="167" type="cond" truecount="1" falsecount="0"/>
        <line num="10" count="4" type="stmt"/>
        <line num="11" count="4" type="stmt"/>
        <line num="12" count="4" type="stmt"/>
        <line num="13" count="4" type="stmt"/>
        <line num="14" count="4" type="stmt"/>
        <line num="15" count="167" type="stmt"/>
        <line num="16" count="94" type="stmt"/>
        <line num="17" count="94" type="stmt"/>
        <line num="18" count="1" type="stmt"/>
        <line num="19" count="1" type="stmt"/>
      </file>
      <file name="useRefreshDepsPlugin.ts" path="E:\webprograms\ym-useRequest\lib\plugins\useRefreshDepsPlugin.ts">
        <metrics statements="29" coveredstatements="29" conditionals="8" coveredconditionals="8" methods="2" coveredmethods="2"/>
        <line num="1" count="1" type="stmt"/>
        <line num="2" count="1" type="stmt"/>
        <line num="3" count="1" type="stmt"/>
        <line num="4" count="1" type="stmt"/>
        <line num="5" count="1" type="cond" truecount="1" falsecount="0"/>
        <line num="6" count="94" type="cond" truecount="1" falsecount="0"/>
        <line num="7" count="5" type="stmt"/>
        <line num="8" count="5" type="stmt"/>
        <line num="9" count="5" type="cond" truecount="1" falsecount="0"/>
        <line num="10" count="21" type="cond" truecount="1" falsecount="0"/>
        <line num="11" count="20" type="cond" truecount="1" falsecount="0"/>
        <line num="12" count="6" type="stmt"/>
        <line num="13" count="6" type="cond" truecount="1" falsecount="0"/>
        <line num="14" count="4" type="stmt"/>
        <line num="15" count="4" type="stmt"/>
        <line num="16" count="20" type="cond" truecount="1" falsecount="0"/>
        <line num="17" count="14" type="stmt"/>
        <line num="18" count="14" type="stmt"/>
        <line num="19" count="21" type="cond" truecount="1" falsecount="0"/>
        <line num="20" count="1" type="stmt"/>
        <line num="21" count="1" type="stmt"/>
        <line num="22" count="21" type="stmt"/>
        <line num="23" count="5" type="stmt"/>
        <line num="24" count="5" type="stmt"/>
        <line num="25" count="5" type="stmt"/>
        <line num="26" count="94" type="stmt"/>
        <line num="27" count="94" type="stmt"/>
        <line num="28" count="1" type="stmt"/>
        <line num="29" count="1" type="stmt"/>
      </file>
      <file name="useRetryPlugin.ts" path="E:\webprograms\ym-useRequest\lib\plugins\useRetryPlugin.ts">
        <metrics statements="47" coveredstatements="47" conditionals="13" coveredconditionals="13" methods="5" coveredmethods="5"/>
        <line num="1" count="1" type="stmt"/>
        <line num="2" count="1" type="stmt"/>
        <line num="3" count="1" type="stmt"/>
        <line num="4" count="1" type="cond" truecount="1" falsecount="0"/>
        <line num="5" count="94" type="stmt"/>
        <line num="6" count="94" type="stmt"/>
        <line num="7" count="94" type="stmt"/>
        <line num="8" count="94" type="stmt"/>
        <line num="9" count="94" type="cond" truecount="1" falsecount="0"/>
        <line num="10" count="90" type="stmt"/>
        <line num="11" count="90" type="cond" truecount="1" falsecount="0"/>
        <line num="12" count="4" type="stmt"/>
        <line num="13" count="4" type="stmt"/>
        <line num="14" count="4" type="cond" truecount="1" falsecount="0"/>
        <line num="15" count="10" type="cond" truecount="1" falsecount="0"/>
        <line num="16" count="4" type="stmt"/>
        <line num="17" count="4" type="stmt"/>
        <line num="18" count="10" type="stmt"/>
        <line num="19" count="10" type="cond" truecount="1" falsecount="0"/>
        <line num="20" count="6" type="stmt"/>
        <line num="21" count="6" type="stmt"/>
        <line num="22" count="10" type="stmt"/>
        <line num="23" count="4" type="cond" truecount="1" falsecount="0"/>
        <line num="24" count="1" type="stmt"/>
        <line num="25" count="1" type="stmt"/>
        <line num="26" count="4" type="cond" truecount="1" falsecount="0"/>
        <line num="27" count="9" type="stmt"/>
        <line num="28" count="9" type="cond" truecount="1" falsecount="0"/>
        <line num="29" count="7" type="cond" truecount="1" falsecount="0"/>
        <line num="30" count="7" type="cond" truecount="1" falsecount="0"/>
        <line num="31" count="6" type="stmt"/>
        <line num="32" count="6" type="stmt"/>
        <line num="33" count="7" type="stmt"/>
        <line num="34" count="9" type="cond" truecount="1" falsecount="0"/>
        <line num="35" count="2" type="stmt"/>
        <line num="36" count="2" type="stmt"/>
        <line num="37" count="9" type="stmt"/>
        <line num="38" count="4" type="cond" truecount="1" falsecount="0"/>
        <line num="39" count="1" type="stmt"/>
        <line num="40" count="1" type="stmt"/>
        <line num="41" count="1" type="stmt"/>
        <line num="42" count="1" type="stmt"/>
        <line num="43" count="1" type="stmt"/>
        <line num="44" count="4" type="stmt"/>
        <line num="45" count="4" type="stmt"/>
        <line num="46" count="1" type="stmt"/>
        <line num="47" count="1" type="stmt"/>
      </file>
      <file name="useThrottlePlugin.ts" path="E:\webprograms\ym-useRequest\lib\plugins\useThrottlePlugin.ts">
        <metrics statements="42" coveredstatements="42" conditionals="11" coveredconditionals="11" methods="3" coveredmethods="3"/>
        <line num="1" count="1" type="stmt"/>
        <line num="2" count="1" type="stmt"/>
        <line num="3" count="1" type="stmt"/>
        <line num="4" count="1" type="stmt"/>
        <line num="5" count="1" type="stmt"/>
        <line num="6" count="1" type="cond" truecount="1" falsecount="0"/>
        <line num="7" count="94" type="stmt"/>
        <line num="8" count="94" type="stmt"/>
        <line num="9" count="94" type="cond" truecount="1" falsecount="0"/>
        <line num="10" count="95" type="cond" truecount="2" falsecount="0"/>
        <line num="11" count="5" type="stmt"/>
        <line num="12" count="5" type="stmt"/>
        <line num="13" count="5" type="stmt"/>
        <line num="14" count="5" type="stmt"/>
        <line num="15" count="5" type="cond" truecount="1" falsecount="0"/>
        <line num="16" count="5" type="stmt"/>
        <line num="17" count="5" type="stmt"/>
        <line num="18" count="5" type="stmt"/>
        <line num="19" count="5" type="cond" truecount="1" falsecount="0"/>
        <line num="20" count="18" type="cond" truecount="1" falsecount="0"/>
        <line num="21" count="18" type="cond" truecount="1" falsecount="0"/>
        <line num="22" count="9" type="stmt"/>
        <line num="23" count="9" type="stmt"/>
        <line num="24" count="9" type="stmt"/>
        <line num="25" count="18" type="stmt"/>
        <line num="26" count="18" type="stmt"/>
        <line num="27" count="18" type="stmt"/>
        <line num="28" count="5" type="stmt"/>
        <line num="29" count="5" type="cond" truecount="1" falsecount="0"/>
        <line num="30" count="1" type="stmt"/>
        <line num="31" count="1" type="stmt"/>
        <line num="32" count="5" type="stmt"/>
        <line num="33" count="94" type="stmt"/>
        <line num="34" count="94" type="stmt"/>
        <line num="35" count="94" type="stmt"/>
        <line num="36" count="94" type="cond" truecount="1" falsecount="0"/>
        <line num="37" count="29" type="cond" truecount="1" falsecount="0"/>
        <line num="38" count="29" type="stmt"/>
        <line num="39" count="94" type="stmt"/>
        <line num="40" count="94" type="stmt"/>
        <line num="41" count="1" type="stmt"/>
        <line num="42" count="1" type="stmt"/>
      </file>
      <file name="useWindowVisibilityChangePlugin.ts" path="E:\webprograms\ym-useRequest\lib\plugins\useWindowVisibilityChangePlugin.ts">
        <metrics statements="37" coveredstatements="37" conditionals="9" coveredconditionals="9" methods="2" coveredmethods="2"/>
        <line num="1" count="1" type="stmt"/>
        <line num="2" count="1" type="stmt"/>
        <line num="3" count="1" type="stmt"/>
        <line num="4" count="1" type="stmt"/>
        <line num="5" count="1" type="stmt"/>
        <line num="6" count="1" type="cond" truecount="1" falsecount="0"/>
        <line num="7" count="94" type="stmt"/>
        <line num="8" count="94" type="stmt"/>
        <line num="9" count="94" type="stmt"/>
        <line num="10" count="94" type="stmt"/>
        <line num="11" count="94" type="stmt"/>
        <line num="12" count="94" type="cond" truecount="1" falsecount="0"/>
        <line num="13" count="38" type="cond" truecount="1" falsecount="0"/>
        <line num="14" count="38" type="cond" truecount="1" falsecount="0"/>
        <line num="15" count="38" type="stmt"/>
        <line num="16" count="94" type="stmt"/>
        <line num="17" count="94" type="cond" truecount="1" falsecount="0"/>
        <line num="18" count="94" type="cond" truecount="1" falsecount="0"/>
        <line num="19" count="2" type="stmt"/>
        <line num="20" count="2" type="cond" truecount="1" falsecount="0"/>
        <line num="21" count="1" type="stmt"/>
        <line num="22" count="2" type="stmt"/>
        <line num="23" count="2" type="stmt"/>
        <line num="24" count="94" type="cond" truecount="1" falsecount="0"/>
        <line num="25" count="1" type="stmt"/>
        <line num="26" count="1" type="stmt"/>
        <line num="27" count="94" type="stmt"/>
        <line num="28" count="94" type="stmt"/>
        <line num="29" count="94" type="stmt"/>
        <line num="30" count="94" type="cond" truecount="1" falsecount="0"/>
        <line num="31" count="19" type="stmt"/>
        <line num="32" count="94" type="stmt"/>
        <line num="33" count="94" type="stmt"/>
        <line num="34" count="94" type="stmt"/>
        <line num="35" count="94" type="stmt"/>
        <line num="36" count="1" type="stmt"/>
        <line num="37" count="1" type="stmt"/>
      </file>
    </package>
  </project>
</coverage>
