{"E:\\webprograms\\ym-useRequest\\lib\\createInstance.ts": {"path":"E:\\webprograms\\ym-useRequest\\lib\\createInstance.ts","all":false,"statementMap":{"0":{"start":{"line":1,"column":0},"end":{"line":1,"column":45}},"1":{"start":{"line":2,"column":0},"end":{"line":2,"column":31}},"2":{"start":{"line":3,"column":0},"end":{"line":3,"column":99}},"3":{"start":{"line":4,"column":0},"end":{"line":4,"column":0}},"4":{"start":{"line":5,"column":0},"end":{"line":5,"column":113}},"5":{"start":{"line":6,"column":0},"end":{"line":6,"column":120}},"6":{"start":{"line":7,"column":0},"end":{"line":7,"column":0}},"7":{"start":{"line":8,"column":0},"end":{"line":8,"column":79}},"8":{"start":{"line":9,"column":0},"end":{"line":9,"column":29}},"9":{"start":{"line":10,"column":0},"end":{"line":10,"column":46}},"10":{"start":{"line":11,"column":0},"end":{"line":11,"column":30}},"11":{"start":{"line":12,"column":0},"end":{"line":12,"column":29}},"12":{"start":{"line":13,"column":0},"end":{"line":13,"column":51}},"13":{"start":{"line":14,"column":0},"end":{"line":14,"column":55}},"14":{"start":{"line":15,"column":0},"end":{"line":15,"column":0}},"15":{"start":{"line":16,"column":0},"end":{"line":16,"column":23}},"16":{"start":{"line":17,"column":0},"end":{"line":17,"column":0}},"17":{"start":{"line":18,"column":0},"end":{"line":18,"column":88}},"18":{"start":{"line":19,"column":0},"end":{"line":19,"column":17}},"19":{"start":{"line":20,"column":0},"end":{"line":20,"column":61}},"20":{"start":{"line":21,"column":0},"end":{"line":21,"column":37}},"21":{"start":{"line":22,"column":0},"end":{"line":22,"column":4}},"22":{"start":{"line":23,"column":0},"end":{"line":23,"column":0}},"23":{"start":{"line":24,"column":0},"end":{"line":24,"column":54}},"24":{"start":{"line":25,"column":0},"end":{"line":25,"column":0}},"25":{"start":{"line":26,"column":0},"end":{"line":26,"column":45}},"26":{"start":{"line":27,"column":0},"end":{"line":27,"column":48}},"27":{"start":{"line":28,"column":0},"end":{"line":28,"column":26}},"28":{"start":{"line":29,"column":0},"end":{"line":29,"column":5}},"29":{"start":{"line":30,"column":0},"end":{"line":30,"column":0}},"30":{"start":{"line":31,"column":0},"end":{"line":31,"column":52}},"31":{"start":{"line":32,"column":0},"end":{"line":32,"column":25}},"32":{"start":{"line":33,"column":0},"end":{"line":33,"column":23}},"33":{"start":{"line":34,"column":0},"end":{"line":34,"column":26}},"34":{"start":{"line":35,"column":0},"end":{"line":35,"column":5}},"35":{"start":{"line":36,"column":0},"end":{"line":36,"column":29}},"36":{"start":{"line":37,"column":0},"end":{"line":37,"column":18}},"37":{"start":{"line":38,"column":0},"end":{"line":38,"column":37}},"38":{"start":{"line":39,"column":0},"end":{"line":39,"column":87}},"39":{"start":{"line":40,"column":0},"end":{"line":40,"column":35}},"40":{"start":{"line":41,"column":0},"end":{"line":41,"column":30}},"41":{"start":{"line":42,"column":0},"end":{"line":42,"column":35}},"42":{"start":{"line":43,"column":0},"end":{"line":43,"column":30}},"43":{"start":{"line":44,"column":0},"end":{"line":44,"column":7}},"44":{"start":{"line":45,"column":0},"end":{"line":45,"column":5}},"45":{"start":{"line":46,"column":0},"end":{"line":46,"column":20}},"46":{"start":{"line":47,"column":0},"end":{"line":47,"column":28}},"47":{"start":{"line":48,"column":0},"end":{"line":48,"column":31}},"48":{"start":{"line":49,"column":0},"end":{"line":49,"column":41}},"49":{"start":{"line":50,"column":0},"end":{"line":50,"column":5}},"50":{"start":{"line":51,"column":0},"end":{"line":51,"column":21}},"51":{"start":{"line":52,"column":0},"end":{"line":52,"column":59}},"52":{"start":{"line":53,"column":0},"end":{"line":53,"column":26}},"53":{"start":{"line":54,"column":0},"end":{"line":54,"column":48}},"54":{"start":{"line":55,"column":0},"end":{"line":55,"column":5}},"55":{"start":{"line":56,"column":0},"end":{"line":56,"column":0}},"56":{"start":{"line":57,"column":0},"end":{"line":57,"column":25}},"57":{"start":{"line":58,"column":0},"end":{"line":58,"column":28}},"58":{"start":{"line":59,"column":0},"end":{"line":59,"column":21}},"59":{"start":{"line":60,"column":0},"end":{"line":60,"column":23}},"60":{"start":{"line":61,"column":0},"end":{"line":61,"column":24}},"61":{"start":{"line":62,"column":0},"end":{"line":62,"column":27}},"62":{"start":{"line":63,"column":0},"end":{"line":63,"column":46}},"63":{"start":{"line":64,"column":0},"end":{"line":64,"column":11}},"64":{"start":{"line":65,"column":0},"end":{"line":65,"column":60}},"65":{"start":{"line":66,"column":0},"end":{"line":66,"column":61}},"66":{"start":{"line":67,"column":0},"end":{"line":67,"column":43}},"67":{"start":{"line":68,"column":0},"end":{"line":68,"column":17}},"68":{"start":{"line":69,"column":0},"end":{"line":69,"column":9}},"69":{"start":{"line":70,"column":0},"end":{"line":70,"column":32}},"70":{"start":{"line":71,"column":0},"end":{"line":71,"column":52}},"71":{"start":{"line":72,"column":0},"end":{"line":72,"column":35}},"72":{"start":{"line":73,"column":0},"end":{"line":73,"column":35}},"73":{"start":{"line":74,"column":0},"end":{"line":74,"column":16}},"74":{"start":{"line":75,"column":0},"end":{"line":75,"column":27}},"75":{"start":{"line":76,"column":0},"end":{"line":76,"column":9}},"76":{"start":{"line":77,"column":0},"end":{"line":77,"column":50}},"77":{"start":{"line":78,"column":0},"end":{"line":78,"column":26}},"78":{"start":{"line":79,"column":0},"end":{"line":79,"column":8}},"79":{"start":{"line":80,"column":0},"end":{"line":80,"column":28}},"80":{"start":{"line":81,"column":0},"end":{"line":81,"column":21}},"81":{"start":{"line":82,"column":0},"end":{"line":82,"column":23}},"82":{"start":{"line":83,"column":0},"end":{"line":83,"column":30}},"83":{"start":{"line":84,"column":0},"end":{"line":84,"column":21}},"84":{"start":{"line":85,"column":0},"end":{"line":85,"column":46}},"85":{"start":{"line":86,"column":0},"end":{"line":86,"column":11}},"86":{"start":{"line":87,"column":0},"end":{"line":87,"column":43}},"87":{"start":{"line":88,"column":0},"end":{"line":88,"column":17}},"88":{"start":{"line":89,"column":0},"end":{"line":89,"column":9}},"89":{"start":{"line":90,"column":0},"end":{"line":90,"column":26}},"90":{"start":{"line":91,"column":0},"end":{"line":91,"column":41}},"91":{"start":{"line":92,"column":0},"end":{"line":92,"column":29}},"92":{"start":{"line":93,"column":0},"end":{"line":93,"column":18}},"93":{"start":{"line":94,"column":0},"end":{"line":94,"column":8}},"94":{"start":{"line":95,"column":0},"end":{"line":95,"column":22}},"95":{"start":{"line":96,"column":0},"end":{"line":96,"column":30}},"96":{"start":{"line":97,"column":0},"end":{"line":97,"column":33}},"97":{"start":{"line":98,"column":0},"end":{"line":98,"column":22}},"98":{"start":{"line":99,"column":0},"end":{"line":99,"column":43}},"99":{"start":{"line":100,"column":0},"end":{"line":100,"column":17}},"100":{"start":{"line":101,"column":0},"end":{"line":101,"column":9}},"101":{"start":{"line":102,"column":0},"end":{"line":102,"column":38}},"102":{"start":{"line":103,"column":0},"end":{"line":103,"column":22}},"103":{"start":{"line":104,"column":0},"end":{"line":104,"column":9}},"104":{"start":{"line":105,"column":0},"end":{"line":105,"column":4}},"105":{"start":{"line":106,"column":0},"end":{"line":106,"column":0}},"106":{"start":{"line":107,"column":0},"end":{"line":107,"column":41}},"107":{"start":{"line":108,"column":0},"end":{"line":108,"column":54}},"108":{"start":{"line":109,"column":0},"end":{"line":109,"column":37}},"109":{"start":{"line":110,"column":0},"end":{"line":110,"column":7}},"110":{"start":{"line":111,"column":0},"end":{"line":111,"column":4}},"111":{"start":{"line":112,"column":0},"end":{"line":112,"column":0}},"112":{"start":{"line":113,"column":0},"end":{"line":113,"column":34}},"113":{"start":{"line":114,"column":0},"end":{"line":114,"column":18}},"114":{"start":{"line":115,"column":0},"end":{"line":115,"column":26}},"115":{"start":{"line":116,"column":0},"end":{"line":116,"column":27}},"116":{"start":{"line":117,"column":0},"end":{"line":117,"column":17}},"117":{"start":{"line":118,"column":0},"end":{"line":118,"column":4}},"118":{"start":{"line":119,"column":0},"end":{"line":119,"column":0}},"119":{"start":{"line":120,"column":0},"end":{"line":120,"column":71}},"120":{"start":{"line":121,"column":0},"end":{"line":121,"column":0}},"121":{"start":{"line":122,"column":0},"end":{"line":122,"column":81}},"122":{"start":{"line":123,"column":0},"end":{"line":123,"column":0}},"123":{"start":{"line":124,"column":0},"end":{"line":124,"column":40}},"124":{"start":{"line":125,"column":0},"end":{"line":125,"column":65}},"125":{"start":{"line":126,"column":0},"end":{"line":126,"column":39}},"126":{"start":{"line":127,"column":0},"end":{"line":127,"column":4}},"127":{"start":{"line":128,"column":0},"end":{"line":128,"column":0}},"128":{"start":{"line":129,"column":0},"end":{"line":129,"column":56}},"129":{"start":{"line":130,"column":0},"end":{"line":130,"column":37}},"130":{"start":{"line":131,"column":0},"end":{"line":131,"column":24}},"131":{"start":{"line":132,"column":0},"end":{"line":132,"column":5}},"132":{"start":{"line":133,"column":0},"end":{"line":133,"column":17}},"133":{"start":{"line":134,"column":0},"end":{"line":134,"column":4}},"134":{"start":{"line":135,"column":0},"end":{"line":135,"column":0}},"135":{"start":{"line":136,"column":0},"end":{"line":136,"column":10}},"136":{"start":{"line":137,"column":0},"end":{"line":137,"column":11}},"137":{"start":{"line":138,"column":0},"end":{"line":138,"column":9}},"138":{"start":{"line":139,"column":0},"end":{"line":139,"column":11}},"139":{"start":{"line":140,"column":0},"end":{"line":140,"column":17}},"140":{"start":{"line":141,"column":0},"end":{"line":141,"column":12}},"141":{"start":{"line":142,"column":0},"end":{"line":142,"column":10}},"142":{"start":{"line":143,"column":0},"end":{"line":143,"column":12}},"143":{"start":{"line":144,"column":0},"end":{"line":144,"column":16}},"144":{"start":{"line":145,"column":0},"end":{"line":145,"column":20}},"145":{"start":{"line":146,"column":0},"end":{"line":146,"column":4}},"146":{"start":{"line":147,"column":0},"end":{"line":147,"column":1}},"147":{"start":{"line":148,"column":0},"end":{"line":148,"column":0}},"148":{"start":{"line":149,"column":0},"end":{"line":149,"column":30}}},"s":{"0":1,"1":1,"2":1,"3":1,"4":86,"5":86,"6":86,"7":86,"8":86,"9":86,"10":86,"11":86,"12":86,"13":86,"14":86,"15":86,"16":86,"17":86,"18":581,"19":581,"20":581,"21":581,"22":86,"23":86,"24":86,"25":86,"26":86,"27":86,"28":86,"29":86,"30":86,"31":159,"32":159,"33":105,"34":105,"35":159,"36":159,"37":159,"38":159,"39":159,"40":13,"41":13,"42":13,"43":13,"44":13,"45":159,"46":16,"47":16,"48":16,"49":16,"50":159,"51":159,"52":159,"53":125,"54":125,"55":143,"56":143,"57":143,"58":118,"59":2,"60":2,"61":2,"62":2,"63":2,"64":118,"65":118,"66":118,"67":10,"68":10,"69":108,"70":118,"71":118,"72":1,"73":118,"74":107,"75":107,"76":108,"77":108,"78":143,"79":143,"80":19,"81":1,"82":1,"83":1,"84":1,"85":1,"86":19,"87":1,"88":1,"89":18,"90":18,"91":18,"92":19,"93":143,"94":143,"95":137,"96":137,"97":137,"98":137,"99":13,"100":13,"101":124,"102":137,"103":143,"104":159,"105":86,"106":86,"107":464,"108":18,"109":464,"110":464,"111":86,"112":86,"113":24,"114":24,"115":24,"116":24,"117":24,"118":86,"119":86,"120":86,"121":86,"122":86,"123":86,"124":5,"125":5,"126":5,"127":86,"128":86,"129":2,"130":2,"131":2,"132":2,"133":2,"134":86,"135":86,"136":86,"137":86,"138":86,"139":86,"140":86,"141":86,"142":86,"143":86,"144":86,"145":86,"146":86,"147":1,"148":1},"branchMap":{"0":{"type":"branch","line":5,"loc":{"start":{"line":5,"column":0},"end":{"line":147,"column":1}},"locations":[{"start":{"line":5,"column":0},"end":{"line":147,"column":1}}]},"1":{"type":"branch","line":8,"loc":{"start":{"line":8,"column":32},"end":{"line":8,"column":51}},"locations":[{"start":{"line":8,"column":32},"end":{"line":8,"column":51}}]},"2":{"type":"branch","line":8,"loc":{"start":{"line":8,"column":36},"end":{"line":8,"column":79}},"locations":[{"start":{"line":8,"column":36},"end":{"line":8,"column":79}}]},"3":{"type":"branch","line":18,"loc":{"start":{"line":18,"column":21},"end":{"line":22,"column":4}},"locations":[{"start":{"line":18,"column":21},"end":{"line":22,"column":4}}]},"4":{"type":"branch","line":20,"loc":{"start":{"line":20,"column":34},"end":{"line":20,"column":59}},"locations":[{"start":{"line":20,"column":34},"end":{"line":20,"column":59}}]},"5":{"type":"branch","line":20,"loc":{"start":{"line":20,"column":47},"end":{"line":20,"column":59}},"locations":[{"start":{"line":20,"column":47},"end":{"line":20,"column":59}}]},"6":{"type":"branch","line":27,"loc":{"start":{"line":27,"column":34},"end":{"line":29,"column":3}},"locations":[{"start":{"line":27,"column":34},"end":{"line":29,"column":3}}]},"7":{"type":"branch","line":31,"loc":{"start":{"line":31,"column":29},"end":{"line":105,"column":4}},"locations":[{"start":{"line":31,"column":29},"end":{"line":105,"column":4}}]},"8":{"type":"branch","line":33,"loc":{"start":{"line":33,"column":22},"end":{"line":35,"column":5}},"locations":[{"start":{"line":33,"column":22},"end":{"line":35,"column":5}}]},"9":{"type":"branch","line":40,"loc":{"start":{"line":40,"column":34},"end":{"line":45,"column":5}},"locations":[{"start":{"line":40,"column":34},"end":{"line":45,"column":5}}]},"10":{"type":"branch","line":43,"loc":{"start":{"line":43,"column":8},"end":{"line":43,"column":30}},"locations":[{"start":{"line":43,"column":8},"end":{"line":43,"column":30}}]},"11":{"type":"branch","line":46,"loc":{"start":{"line":46,"column":19},"end":{"line":50,"column":5}},"locations":[{"start":{"line":46,"column":19},"end":{"line":50,"column":5}}]},"12":{"type":"branch","line":50,"loc":{"start":{"line":50,"column":4},"end":{"line":51,"column":15}},"locations":[{"start":{"line":50,"column":4},"end":{"line":51,"column":15}}]},"13":{"type":"branch","line":51,"loc":{"start":{"line":51,"column":4},"end":{"line":51,"column":21}},"locations":[{"start":{"line":51,"column":4},"end":{"line":51,"column":21}}]},"14":{"type":"branch","line":53,"loc":{"start":{"line":53,"column":25},"end":{"line":104,"column":9}},"locations":[{"start":{"line":53,"column":25},"end":{"line":104,"column":9}}]},"15":{"type":"branch","line":53,"loc":{"start":{"line":53,"column":25},"end":{"line":55,"column":5}},"locations":[{"start":{"line":53,"column":25},"end":{"line":55,"column":5}}]},"16":{"type":"branch","line":55,"loc":{"start":{"line":55,"column":4},"end":{"line":104,"column":9}},"locations":[{"start":{"line":55,"column":4},"end":{"line":104,"column":9}}]},"17":{"type":"branch","line":58,"loc":{"start":{"line":58,"column":12},"end":{"line":79,"column":7}},"locations":[{"start":{"line":58,"column":12},"end":{"line":79,"column":7}}]},"18":{"type":"branch","line":59,"loc":{"start":{"line":59,"column":8},"end":{"line":64,"column":11}},"locations":[{"start":{"line":59,"column":8},"end":{"line":64,"column":11}}]},"19":{"type":"branch","line":67,"loc":{"start":{"line":67,"column":42},"end":{"line":69,"column":9}},"locations":[{"start":{"line":67,"column":42},"end":{"line":69,"column":9}}]},"20":{"type":"branch","line":69,"loc":{"start":{"line":69,"column":8},"end":{"line":71,"column":41}},"locations":[{"start":{"line":69,"column":8},"end":{"line":71,"column":41}}]},"21":{"type":"branch","line":71,"loc":{"start":{"line":71,"column":29},"end":{"line":71,"column":52}},"locations":[{"start":{"line":71,"column":29},"end":{"line":71,"column":52}}]},"22":{"type":"branch","line":71,"loc":{"start":{"line":71,"column":50},"end":{"line":72,"column":34}},"locations":[{"start":{"line":71,"column":50},"end":{"line":72,"column":34}}]},"23":{"type":"branch","line":72,"loc":{"start":{"line":72,"column":34},"end":{"line":74,"column":15}},"locations":[{"start":{"line":72,"column":34},"end":{"line":74,"column":15}}]},"24":{"type":"branch","line":74,"loc":{"start":{"line":74,"column":8},"end":{"line":78,"column":26}},"locations":[{"start":{"line":74,"column":8},"end":{"line":78,"column":26}}]},"25":{"type":"branch","line":74,"loc":{"start":{"line":74,"column":8},"end":{"line":76,"column":9}},"locations":[{"start":{"line":74,"column":8},"end":{"line":76,"column":9}}]},"26":{"type":"branch","line":76,"loc":{"start":{"line":76,"column":8},"end":{"line":78,"column":26}},"locations":[{"start":{"line":76,"column":8},"end":{"line":78,"column":26}}]},"27":{"type":"branch","line":80,"loc":{"start":{"line":80,"column":13},"end":{"line":94,"column":7}},"locations":[{"start":{"line":80,"column":13},"end":{"line":94,"column":7}}]},"28":{"type":"branch","line":81,"loc":{"start":{"line":81,"column":8},"end":{"line":86,"column":11}},"locations":[{"start":{"line":81,"column":8},"end":{"line":86,"column":11}}]},"29":{"type":"branch","line":87,"loc":{"start":{"line":87,"column":42},"end":{"line":89,"column":9}},"locations":[{"start":{"line":87,"column":42},"end":{"line":89,"column":9}}]},"30":{"type":"branch","line":89,"loc":{"start":{"line":89,"column":8},"end":{"line":92,"column":29}},"locations":[{"start":{"line":89,"column":8},"end":{"line":92,"column":29}}]},"31":{"type":"branch","line":92,"loc":{"start":{"line":92,"column":8},"end":{"line":92,"column":29}},"locations":[{"start":{"line":92,"column":8},"end":{"line":92,"column":29}}]},"32":{"type":"branch","line":95,"loc":{"start":{"line":95,"column":15},"end":{"line":104,"column":7}},"locations":[{"start":{"line":95,"column":15},"end":{"line":104,"column":7}}]},"33":{"type":"branch","line":99,"loc":{"start":{"line":99,"column":42},"end":{"line":101,"column":9}},"locations":[{"start":{"line":99,"column":42},"end":{"line":101,"column":9}}]},"34":{"type":"branch","line":101,"loc":{"start":{"line":101,"column":8},"end":{"line":103,"column":20}},"locations":[{"start":{"line":101,"column":8},"end":{"line":103,"column":20}}]},"35":{"type":"branch","line":103,"loc":{"start":{"line":103,"column":8},"end":{"line":103,"column":22}},"locations":[{"start":{"line":103,"column":8},"end":{"line":103,"column":22}}]},"36":{"type":"branch","line":107,"loc":{"start":{"line":107,"column":24},"end":{"line":111,"column":4}},"locations":[{"start":{"line":107,"column":24},"end":{"line":111,"column":4}}]},"37":{"type":"branch","line":108,"loc":{"start":{"line":108,"column":44},"end":{"line":110,"column":5}},"locations":[{"start":{"line":108,"column":44},"end":{"line":110,"column":5}}]},"38":{"type":"branch","line":109,"loc":{"start":{"line":109,"column":7},"end":{"line":109,"column":37}},"locations":[{"start":{"line":109,"column":7},"end":{"line":109,"column":37}}]},"39":{"type":"branch","line":113,"loc":{"start":{"line":113,"column":27},"end":{"line":118,"column":4}},"locations":[{"start":{"line":113,"column":27},"end":{"line":118,"column":4}}]},"40":{"type":"branch","line":117,"loc":{"start":{"line":117,"column":4},"end":{"line":117,"column":17}},"locations":[{"start":{"line":117,"column":4},"end":{"line":117,"column":17}}]},"41":{"type":"branch","line":120,"loc":{"start":{"line":120,"column":28},"end":{"line":120,"column":71}},"locations":[{"start":{"line":120,"column":28},"end":{"line":120,"column":71}}]},"42":{"type":"branch","line":124,"loc":{"start":{"line":124,"column":27},"end":{"line":127,"column":4}},"locations":[{"start":{"line":124,"column":27},"end":{"line":127,"column":4}}]},"43":{"type":"branch","line":125,"loc":{"start":{"line":125,"column":36},"end":{"line":125,"column":63}},"locations":[{"start":{"line":125,"column":36},"end":{"line":125,"column":63}}]},"44":{"type":"branch","line":125,"loc":{"start":{"line":125,"column":59},"end":{"line":125,"column":65}},"locations":[{"start":{"line":125,"column":59},"end":{"line":125,"column":65}}]},"45":{"type":"branch","line":129,"loc":{"start":{"line":129,"column":22},"end":{"line":134,"column":4}},"locations":[{"start":{"line":129,"column":22},"end":{"line":134,"column":4}}]},"46":{"type":"branch","line":133,"loc":{"start":{"line":133,"column":4},"end":{"line":133,"column":17}},"locations":[{"start":{"line":133,"column":4},"end":{"line":133,"column":17}}]}},"b":{"0":[86],"1":[1],"2":[85],"3":[581],"4":[5260],"5":[1044],"6":[86],"7":[159],"8":[105],"9":[13],"10":[2],"11":[16],"12":[143],"13":[7],"14":[155],"15":[125],"16":[143],"17":[118],"18":[2],"19":[10],"20":[108],"21":[11],"22":[108],"23":[1],"24":[113],"25":[107],"26":[108],"27":[19],"28":[1],"29":[1],"30":[18],"31":[17],"32":[137],"33":[13],"34":[124],"35":[16],"36":[464],"37":[18],"38":[1],"39":[24],"40":[1],"41":[27],"42":[5],"43":[1],"44":[4],"45":[2],"46":[1]},"fnMap":{"0":{"name":"createInstance","decl":{"start":{"line":5,"column":0},"end":{"line":147,"column":1}},"loc":{"start":{"line":5,"column":0},"end":{"line":147,"column":1}},"line":5},"1":{"name":"callPlugin","decl":{"start":{"line":18,"column":21},"end":{"line":22,"column":4}},"loc":{"start":{"line":18,"column":21},"end":{"line":22,"column":4}},"line":18},"2":{"name":"functionContext.runAsync","decl":{"start":{"line":31,"column":29},"end":{"line":105,"column":4}},"loc":{"start":{"line":31,"column":29},"end":{"line":105,"column":4}},"line":31},"3":{"name":"functionContext.run","decl":{"start":{"line":107,"column":24},"end":{"line":111,"column":4}},"loc":{"start":{"line":107,"column":24},"end":{"line":111,"column":4}},"line":107},"4":{"name":"functionContext.cancel","decl":{"start":{"line":113,"column":27},"end":{"line":118,"column":4}},"loc":{"start":{"line":113,"column":27},"end":{"line":118,"column":4}},"line":113},"5":{"name":"functionContext.refresh","decl":{"start":{"line":120,"column":28},"end":{"line":120,"column":71}},"loc":{"start":{"line":120,"column":28},"end":{"line":120,"column":71}},"line":120},"6":{"name":"functionContext.refreshAsync","decl":{"start":{"line":122,"column":33},"end":{"line":122,"column":81}},"loc":{"start":{"line":122,"column":33},"end":{"line":122,"column":81}},"line":122},"7":{"name":"functionContext.mutate","decl":{"start":{"line":124,"column":27},"end":{"line":127,"column":4}},"loc":{"start":{"line":124,"column":27},"end":{"line":127,"column":4}},"line":124},"8":{"name":"requestTick","decl":{"start":{"line":129,"column":22},"end":{"line":134,"column":4}},"loc":{"start":{"line":129,"column":22},"end":{"line":134,"column":4}},"line":129}},"f":{"0":86,"1":581,"2":159,"3":464,"4":24,"5":27,"6":0,"7":5,"8":2}}
,"E:\\webprograms\\ym-useRequest\\lib\\index.ts": {"path":"E:\\webprograms\\ym-useRequest\\lib\\index.ts","all":false,"statementMap":{"0":{"start":{"line":1,"column":0},"end":{"line":1,"column":64}},"1":{"start":{"line":2,"column":0},"end":{"line":2,"column":54}},"2":{"start":{"line":3,"column":0},"end":{"line":3,"column":40}},"3":{"start":{"line":4,"column":0},"end":{"line":4,"column":40}},"4":{"start":{"line":5,"column":0},"end":{"line":5,"column":60}},"5":{"start":{"line":6,"column":0},"end":{"line":6,"column":63}},"6":{"start":{"line":7,"column":0},"end":{"line":7,"column":49}},"7":{"start":{"line":8,"column":0},"end":{"line":8,"column":38}},"8":{"start":{"line":9,"column":0},"end":{"line":9,"column":69}},"9":{"start":{"line":10,"column":0},"end":{"line":10,"column":58}},"10":{"start":{"line":11,"column":0},"end":{"line":11,"column":54}},"11":{"start":{"line":12,"column":0},"end":{"line":12,"column":66}},"12":{"start":{"line":13,"column":0},"end":{"line":13,"column":60}},"13":{"start":{"line":14,"column":0},"end":{"line":14,"column":60}},"14":{"start":{"line":15,"column":0},"end":{"line":15,"column":54}},"15":{"start":{"line":16,"column":0},"end":{"line":16,"column":54}},"16":{"start":{"line":17,"column":0},"end":{"line":17,"column":88}},"17":{"start":{"line":18,"column":0},"end":{"line":18,"column":0}},"18":{"start":{"line":19,"column":0},"end":{"line":19,"column":30}},"19":{"start":{"line":20,"column":0},"end":{"line":20,"column":15}},"20":{"start":{"line":21,"column":0},"end":{"line":21,"column":19}},"21":{"start":{"line":22,"column":0},"end":{"line":22,"column":1}},"22":{"start":{"line":23,"column":0},"end":{"line":23,"column":0}},"23":{"start":{"line":24,"column":0},"end":{"line":24,"column":30}},"24":{"start":{"line":25,"column":0},"end":{"line":25,"column":68}},"25":{"start":{"line":26,"column":0},"end":{"line":26,"column":43}},"26":{"start":{"line":27,"column":0},"end":{"line":27,"column":43}},"27":{"start":{"line":28,"column":0},"end":{"line":28,"column":51}},"28":{"start":{"line":29,"column":0},"end":{"line":29,"column":46}},"29":{"start":{"line":30,"column":0},"end":{"line":30,"column":46}},"30":{"start":{"line":31,"column":0},"end":{"line":31,"column":45}},"31":{"start":{"line":32,"column":0},"end":{"line":32,"column":43}},"32":{"start":{"line":33,"column":0},"end":{"line":33,"column":49}},"33":{"start":{"line":34,"column":0},"end":{"line":34,"column":60}},"34":{"start":{"line":35,"column":0},"end":{"line":35,"column":11}},"35":{"start":{"line":36,"column":0},"end":{"line":36,"column":0}},"36":{"start":{"line":37,"column":0},"end":{"line":37,"column":9}},"37":{"start":{"line":38,"column":0},"end":{"line":38,"column":22}},"38":{"start":{"line":39,"column":0},"end":{"line":39,"column":17}},"39":{"start":{"line":40,"column":0},"end":{"line":40,"column":17}},"40":{"start":{"line":41,"column":0},"end":{"line":41,"column":25}},"41":{"start":{"line":42,"column":0},"end":{"line":42,"column":20}},"42":{"start":{"line":43,"column":0},"end":{"line":43,"column":20}},"43":{"start":{"line":44,"column":0},"end":{"line":44,"column":19}},"44":{"start":{"line":45,"column":0},"end":{"line":45,"column":17}},"45":{"start":{"line":46,"column":0},"end":{"line":46,"column":23}},"46":{"start":{"line":47,"column":0},"end":{"line":47,"column":34}},"47":{"start":{"line":48,"column":0},"end":{"line":48,"column":2}},"48":{"start":{"line":49,"column":0},"end":{"line":49,"column":0}},"49":{"start":{"line":50,"column":0},"end":{"line":50,"column":7}},"50":{"start":{"line":51,"column":0},"end":{"line":51,"column":43}},"51":{"start":{"line":52,"column":0},"end":{"line":52,"column":45}},"52":{"start":{"line":53,"column":0},"end":{"line":53,"column":49}},"53":{"start":{"line":54,"column":0},"end":{"line":54,"column":0}},"54":{"start":{"line":55,"column":0},"end":{"line":55,"column":11}},"55":{"start":{"line":56,"column":0},"end":{"line":56,"column":40}},"56":{"start":{"line":57,"column":0},"end":{"line":57,"column":97}},"57":{"start":{"line":58,"column":0},"end":{"line":58,"column":1}},"58":{"start":{"line":59,"column":0},"end":{"line":59,"column":0}},"59":{"start":{"line":60,"column":0},"end":{"line":60,"column":18}},"60":{"start":{"line":61,"column":0},"end":{"line":61,"column":75}},"61":{"start":{"line":62,"column":0},"end":{"line":62,"column":38}},"62":{"start":{"line":63,"column":0},"end":{"line":63,"column":57}},"63":{"start":{"line":64,"column":0},"end":{"line":64,"column":57}},"64":{"start":{"line":65,"column":0},"end":{"line":65,"column":43}},"65":{"start":{"line":66,"column":0},"end":{"line":66,"column":5}},"66":{"start":{"line":67,"column":0},"end":{"line":67,"column":1}},"67":{"start":{"line":68,"column":0},"end":{"line":68,"column":0}},"68":{"start":{"line":69,"column":0},"end":{"line":69,"column":11}},"69":{"start":{"line":70,"column":0},"end":{"line":70,"column":34}},"70":{"start":{"line":71,"column":0},"end":{"line":71,"column":48}},"71":{"start":{"line":72,"column":0},"end":{"line":72,"column":1}},"72":{"start":{"line":73,"column":0},"end":{"line":73,"column":0}},"73":{"start":{"line":74,"column":0},"end":{"line":74,"column":19}},"74":{"start":{"line":75,"column":0},"end":{"line":75,"column":68}},"75":{"start":{"line":76,"column":0},"end":{"line":76,"column":31}},"76":{"start":{"line":77,"column":0},"end":{"line":77,"column":46}},"77":{"start":{"line":78,"column":0},"end":{"line":78,"column":74}},"78":{"start":{"line":79,"column":0},"end":{"line":79,"column":54}},"79":{"start":{"line":80,"column":0},"end":{"line":80,"column":5}},"80":{"start":{"line":81,"column":0},"end":{"line":81,"column":5}},"81":{"start":{"line":82,"column":0},"end":{"line":82,"column":1}},"82":{"start":{"line":83,"column":0},"end":{"line":83,"column":0}},"83":{"start":{"line":84,"column":0},"end":{"line":84,"column":13}},"84":{"start":{"line":85,"column":0},"end":{"line":85,"column":102}},"85":{"start":{"line":86,"column":0},"end":{"line":86,"column":12}},"86":{"start":{"line":87,"column":0},"end":{"line":87,"column":35}},"87":{"start":{"line":88,"column":0},"end":{"line":88,"column":52}},"88":{"start":{"line":89,"column":0},"end":{"line":89,"column":5}},"89":{"start":{"line":90,"column":0},"end":{"line":90,"column":0}},"90":{"start":{"line":91,"column":0},"end":{"line":91,"column":11}},"91":{"start":{"line":92,"column":0},"end":{"line":92,"column":32}},"92":{"start":{"line":93,"column":0},"end":{"line":93,"column":0}},"93":{"start":{"line":94,"column":0},"end":{"line":94,"column":15}},"94":{"start":{"line":95,"column":0},"end":{"line":95,"column":38}},"95":{"start":{"line":96,"column":0},"end":{"line":96,"column":0}},"96":{"start":{"line":97,"column":0},"end":{"line":97,"column":26}},"97":{"start":{"line":98,"column":0},"end":{"line":98,"column":1}},"98":{"start":{"line":99,"column":0},"end":{"line":99,"column":0}},"99":{"start":{"line":100,"column":0},"end":{"line":100,"column":22}},"100":{"start":{"line":101,"column":0},"end":{"line":101,"column":91}},"101":{"start":{"line":102,"column":0},"end":{"line":102,"column":16}},"102":{"start":{"line":103,"column":0},"end":{"line":103,"column":38}},"103":{"start":{"line":104,"column":0},"end":{"line":104,"column":0}},"104":{"start":{"line":105,"column":0},"end":{"line":105,"column":29}},"105":{"start":{"line":106,"column":0},"end":{"line":106,"column":62}},"106":{"start":{"line":107,"column":0},"end":{"line":107,"column":0}},"107":{"start":{"line":108,"column":0},"end":{"line":108,"column":24}},"108":{"start":{"line":109,"column":0},"end":{"line":109,"column":82}},"109":{"start":{"line":110,"column":0},"end":{"line":110,"column":43}},"110":{"start":{"line":111,"column":0},"end":{"line":111,"column":5}},"111":{"start":{"line":112,"column":0},"end":{"line":112,"column":0}},"112":{"start":{"line":113,"column":0},"end":{"line":113,"column":59}},"113":{"start":{"line":114,"column":0},"end":{"line":114,"column":0}},"114":{"start":{"line":115,"column":0},"end":{"line":115,"column":36}},"115":{"start":{"line":116,"column":0},"end":{"line":116,"column":1}},"116":{"start":{"line":117,"column":0},"end":{"line":117,"column":0}},"117":{"start":{"line":118,"column":0},"end":{"line":118,"column":50}},"118":{"start":{"line":119,"column":0},"end":{"line":119,"column":25}},"119":{"start":{"line":120,"column":0},"end":{"line":120,"column":26}},"120":{"start":{"line":121,"column":0},"end":{"line":121,"column":27}},"121":{"start":{"line":122,"column":0},"end":{"line":122,"column":18}},"122":{"start":{"line":123,"column":0},"end":{"line":123,"column":21}},"123":{"start":{"line":124,"column":0},"end":{"line":124,"column":50}},"124":{"start":{"line":125,"column":0},"end":{"line":125,"column":0}},"125":{"start":{"line":126,"column":0},"end":{"line":126,"column":28}},"126":{"start":{"line":127,"column":0},"end":{"line":127,"column":76}},"127":{"start":{"line":128,"column":0},"end":{"line":128,"column":0}},"128":{"start":{"line":129,"column":0},"end":{"line":129,"column":20}},"129":{"start":{"line":130,"column":0},"end":{"line":130,"column":44}},"130":{"start":{"line":131,"column":0},"end":{"line":131,"column":3}},"131":{"start":{"line":132,"column":0},"end":{"line":132,"column":0}},"132":{"start":{"line":133,"column":0},"end":{"line":133,"column":25}},"133":{"start":{"line":134,"column":0},"end":{"line":134,"column":1}},"134":{"start":{"line":135,"column":0},"end":{"line":135,"column":0}},"135":{"start":{"line":136,"column":0},"end":{"line":136,"column":6}},"136":{"start":{"line":137,"column":0},"end":{"line":137,"column":30}},"137":{"start":{"line":138,"column":0},"end":{"line":138,"column":24}},"138":{"start":{"line":139,"column":0},"end":{"line":139,"column":0}},"139":{"start":{"line":140,"column":0},"end":{"line":140,"column":8}},"140":{"start":{"line":141,"column":0},"end":{"line":141,"column":13}},"141":{"start":{"line":142,"column":0},"end":{"line":142,"column":13}},"142":{"start":{"line":143,"column":0},"end":{"line":143,"column":13}},"143":{"start":{"line":144,"column":0},"end":{"line":144,"column":11}},"144":{"start":{"line":145,"column":0},"end":{"line":145,"column":11}},"145":{"start":{"line":146,"column":0},"end":{"line":146,"column":10}},"146":{"start":{"line":147,"column":0},"end":{"line":147,"column":11}},"147":{"start":{"line":148,"column":0},"end":{"line":148,"column":11}},"148":{"start":{"line":149,"column":0},"end":{"line":149,"column":16}},"149":{"start":{"line":150,"column":0},"end":{"line":150,"column":17}},"150":{"start":{"line":151,"column":0},"end":{"line":151,"column":14}},"151":{"start":{"line":152,"column":0},"end":{"line":152,"column":2}},"152":{"start":{"line":153,"column":0},"end":{"line":153,"column":0}},"153":{"start":{"line":154,"column":0},"end":{"line":154,"column":28}}},"s":{"0":1,"1":1,"2":1,"3":1,"4":1,"5":1,"6":1,"7":1,"8":1,"9":1,"10":1,"11":1,"12":1,"13":1,"14":1,"15":1,"16":1,"17":1,"18":1,"19":1,"20":1,"21":1,"22":1,"23":1,"24":1,"25":1,"26":1,"27":1,"28":1,"29":1,"30":1,"31":1,"32":1,"33":1,"34":1,"35":1,"36":1,"37":1,"38":1,"39":1,"40":1,"41":1,"42":1,"43":1,"44":1,"45":1,"46":1,"47":1,"48":1,"49":1,"50":1,"51":1,"52":1,"53":1,"54":1,"55":12,"56":12,"57":12,"58":1,"59":1,"60":108,"61":108,"62":1096,"63":1096,"64":1096,"65":108,"66":108,"67":1,"68":1,"69":22,"70":22,"71":22,"72":1,"73":1,"74":96,"75":96,"76":10,"77":6,"78":6,"79":6,"80":96,"81":96,"82":1,"83":1,"84":10,"85":10,"86":10,"87":1,"88":10,"89":10,"90":10,"91":10,"92":10,"93":10,"94":10,"95":10,"96":10,"97":10,"98":1,"99":1,"100":86,"101":86,"102":86,"103":86,"104":86,"105":86,"106":86,"107":86,"108":86,"109":784,"110":86,"111":86,"112":86,"113":86,"114":86,"115":86,"116":1,"117":86,"118":86,"119":86,"120":86,"121":86,"122":86,"123":86,"124":86,"125":86,"126":86,"127":86,"128":86,"129":8,"130":8,"131":86,"132":86,"133":86,"134":1,"135":1,"136":1,"137":1,"138":1,"139":1,"140":1,"141":1,"142":1,"143":1,"144":1,"145":1,"146":1,"147":1,"148":1,"149":1,"150":1,"151":1,"152":1,"153":1},"branchMap":{"0":{"type":"branch","line":56,"loc":{"start":{"line":56,"column":0},"end":{"line":58,"column":1}},"locations":[{"start":{"line":56,"column":0},"end":{"line":58,"column":1}}]},"1":{"type":"branch","line":57,"loc":{"start":{"line":57,"column":58},"end":{"line":57,"column":94}},"locations":[{"start":{"line":57,"column":58},"end":{"line":57,"column":94}}]},"2":{"type":"branch","line":61,"loc":{"start":{"line":61,"column":0},"end":{"line":67,"column":1}},"locations":[{"start":{"line":61,"column":0},"end":{"line":67,"column":1}}]},"3":{"type":"branch","line":62,"loc":{"start":{"line":62,"column":27},"end":{"line":66,"column":3}},"locations":[{"start":{"line":62,"column":27},"end":{"line":66,"column":3}}]},"4":{"type":"branch","line":63,"loc":{"start":{"line":63,"column":50},"end":{"line":63,"column":57}},"locations":[{"start":{"line":63,"column":50},"end":{"line":63,"column":57}}]},"5":{"type":"branch","line":64,"loc":{"start":{"line":64,"column":50},"end":{"line":64,"column":57}},"locations":[{"start":{"line":64,"column":50},"end":{"line":64,"column":57}}]},"6":{"type":"branch","line":70,"loc":{"start":{"line":70,"column":0},"end":{"line":72,"column":1}},"locations":[{"start":{"line":70,"column":0},"end":{"line":72,"column":1}}]},"7":{"type":"branch","line":75,"loc":{"start":{"line":75,"column":0},"end":{"line":82,"column":1}},"locations":[{"start":{"line":75,"column":0},"end":{"line":82,"column":1}}]},"8":{"type":"branch","line":76,"loc":{"start":{"line":76,"column":18},"end":{"line":81,"column":3}},"locations":[{"start":{"line":76,"column":18},"end":{"line":81,"column":3}}]},"9":{"type":"branch","line":77,"loc":{"start":{"line":77,"column":45},"end":{"line":80,"column":5}},"locations":[{"start":{"line":77,"column":45},"end":{"line":80,"column":5}}]},"10":{"type":"branch","line":85,"loc":{"start":{"line":85,"column":0},"end":{"line":98,"column":1}},"locations":[{"start":{"line":85,"column":0},"end":{"line":98,"column":1}}]},"11":{"type":"branch","line":92,"loc":{"start":{"line":92,"column":18},"end":{"line":92,"column":32}},"locations":[{"start":{"line":92,"column":18},"end":{"line":92,"column":32}}]},"12":{"type":"branch","line":87,"loc":{"start":{"line":87,"column":24},"end":{"line":89,"column":3}},"locations":[{"start":{"line":87,"column":24},"end":{"line":89,"column":3}}]},"13":{"type":"branch","line":101,"loc":{"start":{"line":101,"column":0},"end":{"line":116,"column":1}},"locations":[{"start":{"line":101,"column":0},"end":{"line":116,"column":1}}]},"14":{"type":"branch","line":109,"loc":{"start":{"line":109,"column":69},"end":{"line":111,"column":3}},"locations":[{"start":{"line":109,"column":69},"end":{"line":111,"column":3}}]},"15":{"type":"branch","line":118,"loc":{"start":{"line":118,"column":0},"end":{"line":134,"column":1}},"locations":[{"start":{"line":118,"column":0},"end":{"line":134,"column":1}}]},"16":{"type":"branch","line":129,"loc":{"start":{"line":129,"column":6},"end":{"line":129,"column":19}},"locations":[{"start":{"line":129,"column":6},"end":{"line":129,"column":19}}]},"17":{"type":"branch","line":129,"loc":{"start":{"line":129,"column":19},"end":{"line":131,"column":3}},"locations":[{"start":{"line":129,"column":19},"end":{"line":131,"column":3}}]}},"b":{"0":[12],"1":[108],"2":[108],"3":[1096],"4":[66],"5":[86],"6":[22],"7":[96],"8":[10],"9":[6],"10":[10],"11":[1],"12":[1],"13":[86],"14":[784],"15":[86],"16":[82],"17":[8]},"fnMap":{"0":{"name":"initializePluginPriorityMap","decl":{"start":{"line":56,"column":0},"end":{"line":58,"column":1}},"loc":{"start":{"line":56,"column":0},"end":{"line":58,"column":1}},"line":56},"1":{"name":"sortPlugins","decl":{"start":{"line":61,"column":0},"end":{"line":67,"column":1}},"loc":{"start":{"line":61,"column":0},"end":{"line":67,"column":1}},"line":61},"2":{"name":"updateBasePluginsSort","decl":{"start":{"line":70,"column":0},"end":{"line":72,"column":1}},"loc":{"start":{"line":70,"column":0},"end":{"line":72,"column":1}},"line":70},"3":{"name":"ensurePluginPriority","decl":{"start":{"line":75,"column":0},"end":{"line":82,"column":1}},"loc":{"start":{"line":75,"column":0},"end":{"line":82,"column":1}},"line":75},"4":{"name":"definePlugins","decl":{"start":{"line":85,"column":0},"end":{"line":98,"column":1}},"loc":{"start":{"line":85,"column":0},"end":{"line":98,"column":1}},"line":85},"5":{"name":"getSortedPlugins","decl":{"start":{"line":101,"column":0},"end":{"line":116,"column":1}},"loc":{"start":{"line":101,"column":0},"end":{"line":116,"column":1}},"line":101},"6":{"name":"useRequest","decl":{"start":{"line":118,"column":0},"end":{"line":134,"column":1}},"loc":{"start":{"line":118,"column":0},"end":{"line":134,"column":1}},"line":118}},"f":{"0":12,"1":108,"2":22,"3":96,"4":10,"5":86,"6":86}}
,"E:\\webprograms\\ym-useRequest\\lib\\requestMap.ts": {"path":"E:\\webprograms\\ym-useRequest\\lib\\requestMap.ts","all":false,"statementMap":{"0":{"start":{"line":1,"column":0},"end":{"line":1,"column":38}},"1":{"start":{"line":2,"column":0},"end":{"line":2,"column":27}},"2":{"start":{"line":3,"column":0},"end":{"line":3,"column":62}},"3":{"start":{"line":4,"column":0},"end":{"line":4,"column":0}},"4":{"start":{"line":5,"column":0},"end":{"line":5,"column":10}},"5":{"start":{"line":6,"column":0},"end":{"line":6,"column":76}},"6":{"start":{"line":7,"column":0},"end":{"line":7,"column":44}},"7":{"start":{"line":8,"column":0},"end":{"line":8,"column":1}},"8":{"start":{"line":9,"column":0},"end":{"line":9,"column":0}},"9":{"start":{"line":10,"column":0},"end":{"line":10,"column":25}},"10":{"start":{"line":11,"column":0},"end":{"line":11,"column":97}},"11":{"start":{"line":12,"column":0},"end":{"line":12,"column":34}},"12":{"start":{"line":13,"column":0},"end":{"line":13,"column":1}},"13":{"start":{"line":14,"column":0},"end":{"line":14,"column":0}},"14":{"start":{"line":15,"column":0},"end":{"line":15,"column":14}},"15":{"start":{"line":16,"column":0},"end":{"line":16,"column":52}},"16":{"start":{"line":17,"column":0},"end":{"line":17,"column":37}},"17":{"start":{"line":18,"column":0},"end":{"line":18,"column":1}}},"s":{"0":1,"1":1,"2":1,"3":1,"4":1,"5":1,"6":8,"7":8,"8":1,"9":1,"10":1,"11":12,"12":12,"13":1,"14":1,"15":1,"16":3,"17":3},"branchMap":{"0":{"type":"branch","line":6,"loc":{"start":{"line":6,"column":7},"end":{"line":8,"column":1}},"locations":[{"start":{"line":6,"column":7},"end":{"line":8,"column":1}}]},"1":{"type":"branch","line":11,"loc":{"start":{"line":11,"column":7},"end":{"line":13,"column":1}},"locations":[{"start":{"line":11,"column":7},"end":{"line":13,"column":1}}]},"2":{"type":"branch","line":16,"loc":{"start":{"line":16,"column":7},"end":{"line":18,"column":1}},"locations":[{"start":{"line":16,"column":7},"end":{"line":18,"column":1}}]}},"b":{"0":[8],"1":[12],"2":[3]},"fnMap":{"0":{"name":"setRequest","decl":{"start":{"line":6,"column":7},"end":{"line":8,"column":1}},"loc":{"start":{"line":6,"column":7},"end":{"line":8,"column":1}},"line":6},"1":{"name":"getRequest","decl":{"start":{"line":11,"column":7},"end":{"line":13,"column":1}},"loc":{"start":{"line":11,"column":7},"end":{"line":13,"column":1}},"line":11},"2":{"name":"removeRequest","decl":{"start":{"line":16,"column":7},"end":{"line":18,"column":1}},"loc":{"start":{"line":16,"column":7},"end":{"line":18,"column":1}},"line":16}},"f":{"0":8,"1":12,"2":3}}
,"E:\\webprograms\\ym-useRequest\\lib\\usePlugins.ts": {"path":"E:\\webprograms\\ym-useRequest\\lib\\usePlugins.ts","all":false,"statementMap":{"0":{"start":{"line":1,"column":0},"end":{"line":1,"column":34}},"1":{"start":{"line":2,"column":0},"end":{"line":2,"column":64}},"2":{"start":{"line":3,"column":0},"end":{"line":3,"column":37}},"3":{"start":{"line":4,"column":0},"end":{"line":4,"column":46}},"4":{"start":{"line":5,"column":0},"end":{"line":5,"column":45}},"5":{"start":{"line":6,"column":0},"end":{"line":6,"column":0}},"6":{"start":{"line":7,"column":0},"end":{"line":7,"column":44}},"7":{"start":{"line":8,"column":0},"end":{"line":8,"column":25}},"8":{"start":{"line":9,"column":0},"end":{"line":9,"column":30}},"9":{"start":{"line":10,"column":0},"end":{"line":10,"column":26}},"10":{"start":{"line":11,"column":0},"end":{"line":11,"column":18}},"11":{"start":{"line":12,"column":0},"end":{"line":12,"column":86}},"12":{"start":{"line":13,"column":0},"end":{"line":13,"column":51}},"13":{"start":{"line":14,"column":0},"end":{"line":14,"column":24}},"14":{"start":{"line":15,"column":0},"end":{"line":15,"column":11}},"15":{"start":{"line":16,"column":0},"end":{"line":16,"column":34}},"16":{"start":{"line":17,"column":0},"end":{"line":17,"column":12}},"17":{"start":{"line":18,"column":0},"end":{"line":18,"column":4}},"18":{"start":{"line":19,"column":0},"end":{"line":19,"column":0}},"19":{"start":{"line":20,"column":0},"end":{"line":20,"column":57}},"20":{"start":{"line":21,"column":0},"end":{"line":21,"column":0}},"21":{"start":{"line":22,"column":0},"end":{"line":22,"column":73}},"22":{"start":{"line":23,"column":0},"end":{"line":23,"column":0}},"23":{"start":{"line":24,"column":0},"end":{"line":24,"column":16}},"24":{"start":{"line":25,"column":0},"end":{"line":25,"column":52}},"25":{"start":{"line":26,"column":0},"end":{"line":26,"column":3}},"26":{"start":{"line":27,"column":0},"end":{"line":27,"column":0}},"27":{"start":{"line":28,"column":0},"end":{"line":28,"column":21}},"28":{"start":{"line":29,"column":0},"end":{"line":29,"column":38}},"29":{"start":{"line":30,"column":0},"end":{"line":30,"column":28}},"30":{"start":{"line":31,"column":0},"end":{"line":31,"column":5}},"31":{"start":{"line":32,"column":0},"end":{"line":32,"column":0}},"32":{"start":{"line":33,"column":0},"end":{"line":33,"column":10}},"33":{"start":{"line":34,"column":0},"end":{"line":34,"column":28}},"34":{"start":{"line":35,"column":0},"end":{"line":35,"column":30}},"35":{"start":{"line":36,"column":0},"end":{"line":36,"column":24}},"36":{"start":{"line":37,"column":0},"end":{"line":37,"column":26}},"37":{"start":{"line":38,"column":0},"end":{"line":38,"column":28}},"38":{"start":{"line":39,"column":0},"end":{"line":39,"column":40}},"39":{"start":{"line":40,"column":0},"end":{"line":40,"column":38}},"40":{"start":{"line":41,"column":0},"end":{"line":41,"column":32}},"41":{"start":{"line":42,"column":0},"end":{"line":42,"column":4}},"42":{"start":{"line":43,"column":0},"end":{"line":43,"column":1}},"43":{"start":{"line":44,"column":0},"end":{"line":44,"column":0}},"44":{"start":{"line":45,"column":0},"end":{"line":45,"column":26}}},"s":{"0":1,"1":1,"2":1,"3":1,"4":1,"5":1,"6":86,"7":86,"8":86,"9":86,"10":86,"11":86,"12":86,"13":86,"14":86,"15":86,"16":86,"17":86,"18":86,"19":86,"20":86,"21":86,"22":86,"23":86,"24":34,"25":34,"26":86,"27":86,"28":14,"29":14,"30":86,"31":86,"32":86,"33":86,"34":86,"35":86,"36":86,"37":86,"38":86,"39":86,"40":86,"41":86,"42":86,"43":1,"44":1},"branchMap":{"0":{"type":"branch","line":7,"loc":{"start":{"line":7,"column":0},"end":{"line":43,"column":1}},"locations":[{"start":{"line":7,"column":0},"end":{"line":43,"column":1}}]},"1":{"type":"branch","line":24,"loc":{"start":{"line":24,"column":15},"end":{"line":26,"column":3}},"locations":[{"start":{"line":24,"column":15},"end":{"line":26,"column":3}}]},"2":{"type":"branch","line":22,"loc":{"start":{"line":22,"column":39},"end":{"line":22,"column":71}},"locations":[{"start":{"line":22,"column":39},"end":{"line":22,"column":71}}]},"3":{"type":"branch","line":28,"loc":{"start":{"line":28,"column":14},"end":{"line":31,"column":3}},"locations":[{"start":{"line":28,"column":14},"end":{"line":31,"column":3}}]},"4":{"type":"branch","line":30,"loc":{"start":{"line":30,"column":4},"end":{"line":30,"column":28}},"locations":[{"start":{"line":30,"column":4},"end":{"line":30,"column":28}}]}},"b":{"0":[86],"1":[34],"2":[783],"3":[14],"4":[1]},"fnMap":{"0":{"name":"usePlugins","decl":{"start":{"line":7,"column":0},"end":{"line":43,"column":1}},"loc":{"start":{"line":7,"column":0},"end":{"line":43,"column":1}},"line":7}},"f":{"0":86}}
,"E:\\webprograms\\ym-useRequest\\lib\\plugins\\useCachePlugin.ts": {"path":"E:\\webprograms\\ym-useRequest\\lib\\plugins\\useCachePlugin.ts","all":false,"statementMap":{"0":{"start":{"line":1,"column":0},"end":{"line":1,"column":38}},"1":{"start":{"line":2,"column":0},"end":{"line":2,"column":38}},"2":{"start":{"line":3,"column":0},"end":{"line":3,"column":38}},"3":{"start":{"line":4,"column":0},"end":{"line":4,"column":68}},"4":{"start":{"line":5,"column":0},"end":{"line":5,"column":61}},"5":{"start":{"line":6,"column":0},"end":{"line":6,"column":73}},"6":{"start":{"line":7,"column":0},"end":{"line":7,"column":0}},"7":{"start":{"line":8,"column":0},"end":{"line":8,"column":44}},"8":{"start":{"line":9,"column":0},"end":{"line":9,"column":11}},"9":{"start":{"line":10,"column":0},"end":{"line":10,"column":3}},"10":{"start":{"line":11,"column":0},"end":{"line":11,"column":29}},"11":{"start":{"line":12,"column":0},"end":{"line":12,"column":30}},"12":{"start":{"line":13,"column":0},"end":{"line":13,"column":18}},"13":{"start":{"line":14,"column":0},"end":{"line":14,"column":29}},"14":{"start":{"line":15,"column":0},"end":{"line":15,"column":29}},"15":{"start":{"line":16,"column":0},"end":{"line":16,"column":12}},"16":{"start":{"line":17,"column":0},"end":{"line":17,"column":4}},"17":{"start":{"line":18,"column":0},"end":{"line":18,"column":6}},"18":{"start":{"line":19,"column":0},"end":{"line":19,"column":24}},"19":{"start":{"line":20,"column":0},"end":{"line":20,"column":14}},"20":{"start":{"line":21,"column":0},"end":{"line":21,"column":3}},"21":{"start":{"line":22,"column":0},"end":{"line":22,"column":0}},"22":{"start":{"line":23,"column":0},"end":{"line":23,"column":29}},"23":{"start":{"line":24,"column":0},"end":{"line":24,"column":35}},"24":{"start":{"line":25,"column":0},"end":{"line":25,"column":0}},"25":{"start":{"line":26,"column":0},"end":{"line":26,"column":116}},"26":{"start":{"line":27,"column":0},"end":{"line":27,"column":0}},"27":{"start":{"line":28,"column":0},"end":{"line":28,"column":74}},"28":{"start":{"line":29,"column":0},"end":{"line":29,"column":25}},"29":{"start":{"line":30,"column":0},"end":{"line":30,"column":37}},"30":{"start":{"line":31,"column":0},"end":{"line":31,"column":12}},"31":{"start":{"line":32,"column":0},"end":{"line":32,"column":37}},"32":{"start":{"line":33,"column":0},"end":{"line":33,"column":5}},"33":{"start":{"line":34,"column":0},"end":{"line":34,"column":33}},"34":{"start":{"line":35,"column":0},"end":{"line":35,"column":4}},"35":{"start":{"line":36,"column":0},"end":{"line":36,"column":0}},"36":{"start":{"line":37,"column":0},"end":{"line":37,"column":38}},"37":{"start":{"line":38,"column":0},"end":{"line":38,"column":25}},"38":{"start":{"line":39,"column":0},"end":{"line":39,"column":33}},"39":{"start":{"line":40,"column":0},"end":{"line":40,"column":12}},"40":{"start":{"line":41,"column":0},"end":{"line":41,"column":27}},"41":{"start":{"line":42,"column":0},"end":{"line":42,"column":5}},"42":{"start":{"line":43,"column":0},"end":{"line":43,"column":4}},"43":{"start":{"line":44,"column":0},"end":{"line":44,"column":0}},"44":{"start":{"line":45,"column":0},"end":{"line":45,"column":34}},"45":{"start":{"line":46,"column":0},"end":{"line":46,"column":38}},"46":{"start":{"line":47,"column":0},"end":{"line":47,"column":44}},"47":{"start":{"line":48,"column":0},"end":{"line":48,"column":37}},"48":{"start":{"line":49,"column":0},"end":{"line":49,"column":41}},"49":{"start":{"line":50,"column":0},"end":{"line":50,"column":3}},"50":{"start":{"line":51,"column":0},"end":{"line":51,"column":0}},"51":{"start":{"line":52,"column":0},"end":{"line":52,"column":51}},"52":{"start":{"line":53,"column":0},"end":{"line":53,"column":44}},"53":{"start":{"line":54,"column":0},"end":{"line":54,"column":57}},"54":{"start":{"line":55,"column":0},"end":{"line":55,"column":33}},"55":{"start":{"line":56,"column":0},"end":{"line":56,"column":22}},"56":{"start":{"line":57,"column":0},"end":{"line":57,"column":7}},"57":{"start":{"line":58,"column":0},"end":{"line":58,"column":4}},"58":{"start":{"line":59,"column":0},"end":{"line":59,"column":19}},"59":{"start":{"line":60,"column":0},"end":{"line":60,"column":0}},"60":{"start":{"line":61,"column":0},"end":{"line":61,"column":25}},"61":{"start":{"line":62,"column":0},"end":{"line":62,"column":18}},"62":{"start":{"line":63,"column":0},"end":{"line":63,"column":5}},"63":{"start":{"line":64,"column":0},"end":{"line":64,"column":0}},"64":{"start":{"line":65,"column":0},"end":{"line":65,"column":10}},"65":{"start":{"line":66,"column":0},"end":{"line":66,"column":22}},"66":{"start":{"line":67,"column":0},"end":{"line":67,"column":41}},"67":{"start":{"line":68,"column":0},"end":{"line":68,"column":41}},"68":{"start":{"line":69,"column":0},"end":{"line":69,"column":50}},"69":{"start":{"line":70,"column":0},"end":{"line":70,"column":18}},"70":{"start":{"line":71,"column":0},"end":{"line":71,"column":7}},"71":{"start":{"line":72,"column":0},"end":{"line":72,"column":43}},"72":{"start":{"line":73,"column":0},"end":{"line":73,"column":79}},"73":{"start":{"line":74,"column":0},"end":{"line":74,"column":16}},"74":{"start":{"line":75,"column":0},"end":{"line":75,"column":26}},"75":{"start":{"line":76,"column":0},"end":{"line":76,"column":33}},"76":{"start":{"line":77,"column":0},"end":{"line":77,"column":30}},"77":{"start":{"line":78,"column":0},"end":{"line":78,"column":10}},"78":{"start":{"line":79,"column":0},"end":{"line":79,"column":14}},"79":{"start":{"line":80,"column":0},"end":{"line":80,"column":66}},"80":{"start":{"line":81,"column":0},"end":{"line":81,"column":63}},"81":{"start":{"line":82,"column":0},"end":{"line":82,"column":7}},"82":{"start":{"line":83,"column":0},"end":{"line":83,"column":6}},"83":{"start":{"line":84,"column":0},"end":{"line":84,"column":21}},"84":{"start":{"line":85,"column":0},"end":{"line":85,"column":43}},"85":{"start":{"line":86,"column":0},"end":{"line":86,"column":41}},"86":{"start":{"line":87,"column":0},"end":{"line":87,"column":54}},"87":{"start":{"line":88,"column":0},"end":{"line":88,"column":71}},"88":{"start":{"line":89,"column":0},"end":{"line":89,"column":64}},"89":{"start":{"line":90,"column":0},"end":{"line":90,"column":34}},"90":{"start":{"line":91,"column":0},"end":{"line":91,"column":7}},"91":{"start":{"line":92,"column":0},"end":{"line":92,"column":42}},"92":{"start":{"line":93,"column":0},"end":{"line":93,"column":38}},"93":{"start":{"line":94,"column":0},"end":{"line":94,"column":49}},"94":{"start":{"line":95,"column":0},"end":{"line":95,"column":32}},"95":{"start":{"line":96,"column":0},"end":{"line":96,"column":6}},"96":{"start":{"line":97,"column":0},"end":{"line":97,"column":0}},"97":{"start":{"line":98,"column":0},"end":{"line":98,"column":29}},"98":{"start":{"line":99,"column":0},"end":{"line":99,"column":41}},"99":{"start":{"line":100,"column":0},"end":{"line":100,"column":22}},"100":{"start":{"line":101,"column":0},"end":{"line":101,"column":47}},"101":{"start":{"line":102,"column":0},"end":{"line":102,"column":22}},"102":{"start":{"line":103,"column":0},"end":{"line":103,"column":86}},"103":{"start":{"line":104,"column":0},"end":{"line":104,"column":31}},"104":{"start":{"line":105,"column":0},"end":{"line":105,"column":7}},"105":{"start":{"line":106,"column":0},"end":{"line":106,"column":6}},"106":{"start":{"line":107,"column":0},"end":{"line":107,"column":20}},"107":{"start":{"line":108,"column":0},"end":{"line":108,"column":43}},"108":{"start":{"line":109,"column":0},"end":{"line":109,"column":41}},"109":{"start":{"line":110,"column":0},"end":{"line":110,"column":22}},"110":{"start":{"line":111,"column":0},"end":{"line":111,"column":47}},"111":{"start":{"line":112,"column":0},"end":{"line":112,"column":22}},"112":{"start":{"line":113,"column":0},"end":{"line":113,"column":86}},"113":{"start":{"line":114,"column":0},"end":{"line":114,"column":31}},"114":{"start":{"line":115,"column":0},"end":{"line":115,"column":7}},"115":{"start":{"line":116,"column":0},"end":{"line":116,"column":6}},"116":{"start":{"line":117,"column":0},"end":{"line":117,"column":4}},"117":{"start":{"line":118,"column":0},"end":{"line":118,"column":2}},"118":{"start":{"line":119,"column":0},"end":{"line":119,"column":0}},"119":{"start":{"line":120,"column":0},"end":{"line":120,"column":30}}},"s":{"0":1,"1":1,"2":1,"3":1,"4":1,"5":1,"6":1,"7":1,"8":85,"9":85,"10":85,"11":85,"12":85,"13":85,"14":85,"15":85,"16":85,"17":85,"18":85,"19":69,"20":69,"21":16,"22":16,"23":16,"24":16,"25":85,"26":85,"27":85,"28":18,"29":2,"30":18,"31":16,"32":16,"33":18,"34":18,"35":85,"36":85,"37":46,"38":4,"39":46,"40":42,"41":42,"42":46,"43":85,"44":85,"45":85,"46":85,"47":3,"48":3,"49":3,"50":16,"51":16,"52":16,"53":34,"54":7,"55":7,"56":34,"57":34,"58":16,"59":16,"60":16,"61":3,"62":16,"63":16,"64":16,"65":16,"66":30,"67":30,"68":30,"69":17,"70":17,"71":13,"72":30,"73":12,"74":12,"75":12,"76":12,"77":12,"78":28,"79":1,"80":1,"81":1,"82":30,"83":16,"84":18,"85":18,"86":18,"87":18,"88":18,"89":1,"90":1,"91":17,"92":17,"93":17,"94":17,"95":18,"96":16,"97":16,"98":16,"99":16,"100":16,"101":16,"102":16,"103":16,"104":16,"105":16,"106":16,"107":2,"108":2,"109":2,"110":2,"111":2,"112":2,"113":2,"114":2,"115":2,"116":16,"117":16,"118":1,"119":1},"branchMap":{"0":{"type":"branch","line":8,"loc":{"start":{"line":8,"column":43},"end":{"line":118,"column":2}},"locations":[{"start":{"line":8,"column":43},"end":{"line":118,"column":2}}]},"1":{"type":"branch","line":19,"loc":{"start":{"line":19,"column":23},"end":{"line":21,"column":3}},"locations":[{"start":{"line":19,"column":23},"end":{"line":21,"column":3}}]},"2":{"type":"branch","line":21,"loc":{"start":{"line":21,"column":2},"end":{"line":26,"column":66}},"locations":[{"start":{"line":21,"column":2},"end":{"line":26,"column":66}}]},"3":{"type":"branch","line":21,"loc":{"start":{"line":21,"column":2},"end":{"line":26,"column":49}},"locations":[{"start":{"line":21,"column":2},"end":{"line":26,"column":49}}]},"4":{"type":"branch","line":26,"loc":{"start":{"line":26,"column":45},"end":{"line":26,"column":66}},"locations":[{"start":{"line":26,"column":45},"end":{"line":26,"column":66}}]},"5":{"type":"branch","line":26,"loc":{"start":{"line":26,"column":49},"end":{"line":26,"column":116}},"locations":[{"start":{"line":26,"column":49},"end":{"line":26,"column":116}}]},"6":{"type":"branch","line":47,"loc":{"start":{"line":47,"column":6},"end":{"line":47,"column":43}},"locations":[{"start":{"line":47,"column":6},"end":{"line":47,"column":43}}]},"7":{"type":"branch","line":47,"loc":{"start":{"line":47,"column":43},"end":{"line":118,"column":2}},"locations":[{"start":{"line":47,"column":43},"end":{"line":118,"column":2}}]},"8":{"type":"branch","line":47,"loc":{"start":{"line":47,"column":43},"end":{"line":50,"column":3}},"locations":[{"start":{"line":47,"column":43},"end":{"line":50,"column":3}}]},"9":{"type":"branch","line":50,"loc":{"start":{"line":50,"column":2},"end":{"line":118,"column":2}},"locations":[{"start":{"line":50,"column":2},"end":{"line":118,"column":2}}]},"10":{"type":"branch","line":26,"loc":{"start":{"line":26,"column":66},"end":{"line":26,"column":116}},"locations":[{"start":{"line":26,"column":66},"end":{"line":26,"column":116}}]},"11":{"type":"branch","line":28,"loc":{"start":{"line":28,"column":20},"end":{"line":35,"column":4}},"locations":[{"start":{"line":28,"column":20},"end":{"line":35,"column":4}}]},"12":{"type":"branch","line":29,"loc":{"start":{"line":29,"column":24},"end":{"line":31,"column":11}},"locations":[{"start":{"line":29,"column":24},"end":{"line":31,"column":11}}]},"13":{"type":"branch","line":31,"loc":{"start":{"line":31,"column":4},"end":{"line":33,"column":5}},"locations":[{"start":{"line":31,"column":4},"end":{"line":33,"column":5}}]},"14":{"type":"branch","line":37,"loc":{"start":{"line":37,"column":20},"end":{"line":43,"column":4}},"locations":[{"start":{"line":37,"column":20},"end":{"line":43,"column":4}}]},"15":{"type":"branch","line":38,"loc":{"start":{"line":38,"column":24},"end":{"line":40,"column":11}},"locations":[{"start":{"line":38,"column":24},"end":{"line":40,"column":11}}]},"16":{"type":"branch","line":40,"loc":{"start":{"line":40,"column":4},"end":{"line":42,"column":5}},"locations":[{"start":{"line":40,"column":4},"end":{"line":42,"column":5}}]},"17":{"type":"branch","line":53,"loc":{"start":{"line":53,"column":25},"end":{"line":58,"column":4}},"locations":[{"start":{"line":53,"column":25},"end":{"line":58,"column":4}}]},"18":{"type":"branch","line":54,"loc":{"start":{"line":54,"column":46},"end":{"line":57,"column":5}},"locations":[{"start":{"line":54,"column":46},"end":{"line":57,"column":5}}]},"19":{"type":"branch","line":56,"loc":{"start":{"line":56,"column":6},"end":{"line":56,"column":22}},"locations":[{"start":{"line":56,"column":6},"end":{"line":56,"column":22}}]},"20":{"type":"branch","line":61,"loc":{"start":{"line":61,"column":18},"end":{"line":63,"column":3}},"locations":[{"start":{"line":61,"column":18},"end":{"line":63,"column":3}}]},"21":{"type":"branch","line":66,"loc":{"start":{"line":66,"column":4},"end":{"line":83,"column":6}},"locations":[{"start":{"line":66,"column":4},"end":{"line":83,"column":6}}]},"22":{"type":"branch","line":69,"loc":{"start":{"line":69,"column":11},"end":{"line":69,"column":49}},"locations":[{"start":{"line":69,"column":11},"end":{"line":69,"column":49}}]},"23":{"type":"branch","line":69,"loc":{"start":{"line":69,"column":49},"end":{"line":71,"column":7}},"locations":[{"start":{"line":69,"column":49},"end":{"line":71,"column":7}}]},"24":{"type":"branch","line":71,"loc":{"start":{"line":71,"column":6},"end":{"line":73,"column":78}},"locations":[{"start":{"line":71,"column":6},"end":{"line":73,"column":78}}]},"25":{"type":"branch","line":71,"loc":{"start":{"line":71,"column":6},"end":{"line":73,"column":30}},"locations":[{"start":{"line":71,"column":6},"end":{"line":73,"column":30}}]},"26":{"type":"branch","line":73,"loc":{"start":{"line":73,"column":24},"end":{"line":73,"column":78}},"locations":[{"start":{"line":73,"column":24},"end":{"line":73,"column":78}}]},"27":{"type":"branch","line":73,"loc":{"start":{"line":73,"column":78},"end":{"line":82,"column":7}},"locations":[{"start":{"line":73,"column":78},"end":{"line":82,"column":7}}]},"28":{"type":"branch","line":73,"loc":{"start":{"line":73,"column":78},"end":{"line":79,"column":13}},"locations":[{"start":{"line":73,"column":78},"end":{"line":79,"column":13}}]},"29":{"type":"branch","line":79,"loc":{"start":{"line":79,"column":6},"end":{"line":82,"column":7}},"locations":[{"start":{"line":79,"column":6},"end":{"line":82,"column":7}}]},"30":{"type":"branch","line":84,"loc":{"start":{"line":84,"column":4},"end":{"line":96,"column":6}},"locations":[{"start":{"line":84,"column":4},"end":{"line":96,"column":6}}]},"31":{"type":"branch","line":89,"loc":{"start":{"line":89,"column":10},"end":{"line":89,"column":63}},"locations":[{"start":{"line":89,"column":10},"end":{"line":89,"column":63}}]},"32":{"type":"branch","line":89,"loc":{"start":{"line":89,"column":63},"end":{"line":91,"column":7}},"locations":[{"start":{"line":89,"column":63},"end":{"line":91,"column":7}}]},"33":{"type":"branch","line":91,"loc":{"start":{"line":91,"column":6},"end":{"line":95,"column":32}},"locations":[{"start":{"line":91,"column":6},"end":{"line":95,"column":32}}]},"34":{"type":"branch","line":98,"loc":{"start":{"line":98,"column":4},"end":{"line":106,"column":6}},"locations":[{"start":{"line":98,"column":4},"end":{"line":106,"column":6}}]},"35":{"type":"branch","line":107,"loc":{"start":{"line":107,"column":4},"end":{"line":116,"column":6}},"locations":[{"start":{"line":107,"column":4},"end":{"line":116,"column":6}}]}},"b":{"0":[85],"1":[69],"2":[17],"3":[16],"4":[3],"5":[13],"6":[3],"7":[24],"8":[3],"9":[16],"10":[96],"11":[18],"12":[2],"13":[16],"14":[46],"15":[4],"16":[42],"17":[34],"18":[7],"19":[1],"20":[3],"21":[30],"22":[13],"23":[17],"24":[28],"25":[13],"26":[2],"27":[28],"28":[12],"29":[1],"30":[18],"31":[1],"32":[1],"33":[17],"34":[16],"35":[2]},"fnMap":{"0":{"name":"useCachePlugin","decl":{"start":{"line":8,"column":43},"end":{"line":118,"column":2}},"loc":{"start":{"line":8,"column":43},"end":{"line":118,"column":2}},"line":8},"1":{"name":"unSubscribe","decl":{"start":{"line":23,"column":20},"end":{"line":23,"column":29}},"loc":{"start":{"line":23,"column":20},"end":{"line":23,"column":29}},"line":23},"2":{"name":"cacheKey","decl":{"start":{"line":26,"column":66},"end":{"line":26,"column":116}},"loc":{"start":{"line":26,"column":66},"end":{"line":26,"column":116}},"line":26},"3":{"name":"_setCache","decl":{"start":{"line":28,"column":20},"end":{"line":35,"column":4}},"loc":{"start":{"line":28,"column":20},"end":{"line":35,"column":4}},"line":28},"4":{"name":"_getCache","decl":{"start":{"line":37,"column":20},"end":{"line":43,"column":4}},"loc":{"start":{"line":37,"column":20},"end":{"line":43,"column":4}},"line":37},"5":{"name":"setUnSubscribe","decl":{"start":{"line":53,"column":25},"end":{"line":58,"column":4}},"loc":{"start":{"line":53,"column":25},"end":{"line":58,"column":4}},"line":53},"6":{"name":"onBefore","decl":{"start":{"line":66,"column":4},"end":{"line":83,"column":6}},"loc":{"start":{"line":66,"column":4},"end":{"line":83,"column":6}},"line":66},"7":{"name":"onInit","decl":{"start":{"line":84,"column":4},"end":{"line":96,"column":6}},"loc":{"start":{"line":84,"column":4},"end":{"line":96,"column":6}},"line":84},"8":{"name":"onSuccess","decl":{"start":{"line":98,"column":4},"end":{"line":106,"column":6}},"loc":{"start":{"line":98,"column":4},"end":{"line":106,"column":6}},"line":98},"9":{"name":"onMutate","decl":{"start":{"line":107,"column":4},"end":{"line":116,"column":6}},"loc":{"start":{"line":107,"column":4},"end":{"line":116,"column":6}},"line":107}},"f":{"0":85,"1":0,"2":96,"3":18,"4":46,"5":34,"6":30,"7":18,"8":16,"9":2}}
,"E:\\webprograms\\ym-useRequest\\lib\\plugins\\useDebouncePlugin.ts": {"path":"E:\\webprograms\\ym-useRequest\\lib\\plugins\\useDebouncePlugin.ts","all":false,"statementMap":{"0":{"start":{"line":1,"column":0},"end":{"line":1,"column":46}},"1":{"start":{"line":2,"column":0},"end":{"line":2,"column":38}},"2":{"start":{"line":3,"column":0},"end":{"line":3,"column":41}},"3":{"start":{"line":4,"column":0},"end":{"line":4,"column":0}},"4":{"start":{"line":5,"column":0},"end":{"line":5,"column":96}},"5":{"start":{"line":6,"column":0},"end":{"line":6,"column":58}},"6":{"start":{"line":7,"column":0},"end":{"line":7,"column":0}},"7":{"start":{"line":8,"column":0},"end":{"line":8,"column":30}},"8":{"start":{"line":9,"column":0},"end":{"line":9,"column":30}},"9":{"start":{"line":10,"column":0},"end":{"line":10,"column":50}},"10":{"start":{"line":11,"column":0},"end":{"line":11,"column":56}},"11":{"start":{"line":12,"column":0},"end":{"line":12,"column":0}},"12":{"start":{"line":13,"column":0},"end":{"line":13,"column":61}},"13":{"start":{"line":14,"column":0},"end":{"line":14,"column":101}},"14":{"start":{"line":15,"column":0},"end":{"line":15,"column":0}},"15":{"start":{"line":16,"column":0},"end":{"line":16,"column":102}},"16":{"start":{"line":17,"column":0},"end":{"line":17,"column":74}},"17":{"start":{"line":18,"column":0},"end":{"line":18,"column":54}},"18":{"start":{"line":19,"column":0},"end":{"line":19,"column":47}},"19":{"start":{"line":20,"column":0},"end":{"line":20,"column":34}},"20":{"start":{"line":21,"column":0},"end":{"line":21,"column":33}},"21":{"start":{"line":22,"column":0},"end":{"line":22,"column":26}},"22":{"start":{"line":23,"column":0},"end":{"line":23,"column":27}},"23":{"start":{"line":24,"column":0},"end":{"line":24,"column":11}},"24":{"start":{"line":25,"column":0},"end":{"line":25,"column":9}},"25":{"start":{"line":26,"column":0},"end":{"line":26,"column":6}},"26":{"start":{"line":27,"column":0},"end":{"line":27,"column":0}},"27":{"start":{"line":28,"column":0},"end":{"line":28,"column":21}},"28":{"start":{"line":29,"column":0},"end":{"line":29,"column":35}},"29":{"start":{"line":30,"column":0},"end":{"line":30,"column":57}},"30":{"start":{"line":31,"column":0},"end":{"line":31,"column":7}},"31":{"start":{"line":32,"column":0},"end":{"line":32,"column":5}},"32":{"start":{"line":33,"column":0},"end":{"line":33,"column":0}},"33":{"start":{"line":34,"column":0},"end":{"line":34,"column":10}},"34":{"start":{"line":35,"column":0},"end":{"line":35,"column":16}},"35":{"start":{"line":36,"column":0},"end":{"line":36,"column":35}},"36":{"start":{"line":37,"column":0},"end":{"line":37,"column":6}},"37":{"start":{"line":38,"column":0},"end":{"line":38,"column":4}},"38":{"start":{"line":39,"column":0},"end":{"line":39,"column":2}},"39":{"start":{"line":40,"column":0},"end":{"line":40,"column":0}},"40":{"start":{"line":41,"column":0},"end":{"line":41,"column":33}}},"s":{"0":1,"1":1,"2":1,"3":1,"4":1,"5":86,"6":86,"7":86,"8":87,"9":4,"10":4,"11":4,"12":4,"13":4,"14":4,"15":4,"16":4,"17":4,"18":306,"19":306,"20":4,"21":4,"22":4,"23":306,"24":306,"25":306,"26":4,"27":4,"28":1,"29":1,"30":4,"31":86,"32":86,"33":86,"34":86,"35":24,"36":24,"37":86,"38":86,"39":1,"40":1},"branchMap":{"0":{"type":"branch","line":5,"loc":{"start":{"line":5,"column":46},"end":{"line":39,"column":2}},"locations":[{"start":{"line":5,"column":46},"end":{"line":39,"column":2}}]},"1":{"type":"branch","line":8,"loc":{"start":{"line":8,"column":14},"end":{"line":32,"column":3}},"locations":[{"start":{"line":8,"column":14},"end":{"line":32,"column":3}}]},"2":{"type":"branch","line":9,"loc":{"start":{"line":9,"column":23},"end":{"line":9,"column":30}},"locations":[{"start":{"line":9,"column":23},"end":{"line":9,"column":30}}]},"3":{"type":"branch","line":9,"loc":{"start":{"line":9,"column":23},"end":{"line":31,"column":7}},"locations":[{"start":{"line":9,"column":23},"end":{"line":31,"column":7}}]},"4":{"type":"branch","line":14,"loc":{"start":{"line":14,"column":34},"end":{"line":14,"column":60}},"locations":[{"start":{"line":14,"column":34},"end":{"line":14,"column":60}}]},"5":{"type":"branch","line":18,"loc":{"start":{"line":18,"column":40},"end":{"line":26,"column":6}},"locations":[{"start":{"line":18,"column":40},"end":{"line":26,"column":6}}]},"6":{"type":"branch","line":19,"loc":{"start":{"line":19,"column":25},"end":{"line":25,"column":7}},"locations":[{"start":{"line":19,"column":25},"end":{"line":25,"column":7}}]},"7":{"type":"branch","line":20,"loc":{"start":{"line":20,"column":27},"end":{"line":24,"column":9}},"locations":[{"start":{"line":20,"column":27},"end":{"line":24,"column":9}}]},"8":{"type":"branch","line":28,"loc":{"start":{"line":28,"column":14},"end":{"line":31,"column":5}},"locations":[{"start":{"line":28,"column":14},"end":{"line":31,"column":5}}]},"9":{"type":"branch","line":35,"loc":{"start":{"line":35,"column":4},"end":{"line":37,"column":6}},"locations":[{"start":{"line":35,"column":4},"end":{"line":37,"column":6}}]},"10":{"type":"branch","line":36,"loc":{"start":{"line":36,"column":19},"end":{"line":36,"column":33}},"locations":[{"start":{"line":36,"column":19},"end":{"line":36,"column":33}}]}},"b":{"0":[86],"1":[87],"2":[83],"3":[4],"4":[4],"5":[306],"6":[306],"7":[4],"8":[1],"9":[24],"10":[1]},"fnMap":{"0":{"name":"useDebouncePlugin","decl":{"start":{"line":5,"column":46},"end":{"line":39,"column":2}},"loc":{"start":{"line":5,"column":46},"end":{"line":39,"column":2}},"line":5},"1":{"name":"instance.functionContext.runAsync","decl":{"start":{"line":18,"column":40},"end":{"line":26,"column":6}},"loc":{"start":{"line":18,"column":40},"end":{"line":26,"column":6}},"line":18},"2":{"name":"onCancel","decl":{"start":{"line":35,"column":4},"end":{"line":37,"column":6}},"loc":{"start":{"line":35,"column":4},"end":{"line":37,"column":6}},"line":35}},"f":{"0":86,"1":306,"2":24}}
,"E:\\webprograms\\ym-useRequest\\lib\\plugins\\useLoadingDelayPlugin.ts": {"path":"E:\\webprograms\\ym-useRequest\\lib\\plugins\\useLoadingDelayPlugin.ts","all":false,"statementMap":{"0":{"start":{"line":1,"column":0},"end":{"line":1,"column":38}},"1":{"start":{"line":2,"column":0},"end":{"line":2,"column":36}},"2":{"start":{"line":3,"column":0},"end":{"line":3,"column":26}},"3":{"start":{"line":4,"column":0},"end":{"line":4,"column":0}},"4":{"start":{"line":5,"column":0},"end":{"line":5,"column":83}},"5":{"start":{"line":6,"column":0},"end":{"line":6,"column":41}},"6":{"start":{"line":7,"column":0},"end":{"line":7,"column":10}},"7":{"start":{"line":8,"column":0},"end":{"line":8,"column":16}},"8":{"start":{"line":9,"column":0},"end":{"line":9,"column":25}},"9":{"start":{"line":10,"column":0},"end":{"line":10,"column":39}},"10":{"start":{"line":11,"column":0},"end":{"line":11,"column":41}},"11":{"start":{"line":12,"column":0},"end":{"line":12,"column":40}},"12":{"start":{"line":13,"column":0},"end":{"line":13,"column":25}},"13":{"start":{"line":14,"column":0},"end":{"line":14,"column":7}},"14":{"start":{"line":15,"column":0},"end":{"line":15,"column":6}},"15":{"start":{"line":16,"column":0},"end":{"line":16,"column":16}},"16":{"start":{"line":17,"column":0},"end":{"line":17,"column":35}},"17":{"start":{"line":18,"column":0},"end":{"line":18,"column":6}},"18":{"start":{"line":19,"column":0},"end":{"line":19,"column":17}},"19":{"start":{"line":20,"column":0},"end":{"line":20,"column":35}},"20":{"start":{"line":21,"column":0},"end":{"line":21,"column":6}},"21":{"start":{"line":22,"column":0},"end":{"line":22,"column":4}},"22":{"start":{"line":23,"column":0},"end":{"line":23,"column":2}},"23":{"start":{"line":24,"column":0},"end":{"line":24,"column":0}},"24":{"start":{"line":25,"column":0},"end":{"line":25,"column":37}}},"s":{"0":1,"1":1,"2":1,"3":1,"4":1,"5":86,"6":86,"7":86,"8":159,"9":2,"10":2,"11":1,"12":2,"13":2,"14":159,"15":86,"16":24,"17":24,"18":86,"19":124,"20":124,"21":86,"22":86,"23":1,"24":1},"branchMap":{"0":{"type":"branch","line":5,"loc":{"start":{"line":5,"column":50},"end":{"line":23,"column":2}},"locations":[{"start":{"line":5,"column":50},"end":{"line":23,"column":2}}]},"1":{"type":"branch","line":8,"loc":{"start":{"line":8,"column":4},"end":{"line":15,"column":6}},"locations":[{"start":{"line":8,"column":4},"end":{"line":15,"column":6}}]},"2":{"type":"branch","line":9,"loc":{"start":{"line":9,"column":24},"end":{"line":14,"column":7}},"locations":[{"start":{"line":9,"column":24},"end":{"line":14,"column":7}}]},"3":{"type":"branch","line":11,"loc":{"start":{"line":11,"column":34},"end":{"line":13,"column":11}},"locations":[{"start":{"line":11,"column":34},"end":{"line":13,"column":11}}]},"4":{"type":"branch","line":16,"loc":{"start":{"line":16,"column":4},"end":{"line":18,"column":6}},"locations":[{"start":{"line":16,"column":4},"end":{"line":18,"column":6}}]},"5":{"type":"branch","line":19,"loc":{"start":{"line":19,"column":4},"end":{"line":21,"column":6}},"locations":[{"start":{"line":19,"column":4},"end":{"line":21,"column":6}}]}},"b":{"0":[86],"1":[159],"2":[2],"3":[1],"4":[24],"5":[124]},"fnMap":{"0":{"name":"useLoadingDelayPlugin","decl":{"start":{"line":5,"column":50},"end":{"line":23,"column":2}},"loc":{"start":{"line":5,"column":50},"end":{"line":23,"column":2}},"line":5},"1":{"name":"onBefore","decl":{"start":{"line":8,"column":4},"end":{"line":15,"column":6}},"loc":{"start":{"line":8,"column":4},"end":{"line":15,"column":6}},"line":8},"2":{"name":"onCancel","decl":{"start":{"line":16,"column":4},"end":{"line":18,"column":6}},"loc":{"start":{"line":16,"column":4},"end":{"line":18,"column":6}},"line":16},"3":{"name":"onFinally","decl":{"start":{"line":19,"column":4},"end":{"line":21,"column":6}},"loc":{"start":{"line":19,"column":4},"end":{"line":21,"column":6}},"line":19}},"f":{"0":86,"1":159,"2":24,"3":124}}
,"E:\\webprograms\\ym-useRequest\\lib\\plugins\\usePollingPlugin.ts": {"path":"E:\\webprograms\\ym-useRequest\\lib\\plugins\\usePollingPlugin.ts","all":false,"statementMap":{"0":{"start":{"line":1,"column":0},"end":{"line":1,"column":38}},"1":{"start":{"line":2,"column":0},"end":{"line":2,"column":50}},"2":{"start":{"line":3,"column":0},"end":{"line":3,"column":52}},"3":{"start":{"line":4,"column":0},"end":{"line":4,"column":0}},"4":{"start":{"line":5,"column":0},"end":{"line":5,"column":110}},"5":{"start":{"line":6,"column":0},"end":{"line":6,"column":25}},"6":{"start":{"line":7,"column":0},"end":{"line":7,"column":26}},"7":{"start":{"line":8,"column":0},"end":{"line":8,"column":68}},"8":{"start":{"line":9,"column":0},"end":{"line":9,"column":0}},"9":{"start":{"line":10,"column":0},"end":{"line":10,"column":45}},"10":{"start":{"line":11,"column":0},"end":{"line":11,"column":32}},"11":{"start":{"line":12,"column":0},"end":{"line":12,"column":98}},"12":{"start":{"line":13,"column":0},"end":{"line":13,"column":22}},"13":{"start":{"line":14,"column":0},"end":{"line":14,"column":13}},"14":{"start":{"line":15,"column":0},"end":{"line":15,"column":5}},"15":{"start":{"line":16,"column":0},"end":{"line":16,"column":119}},"16":{"start":{"line":17,"column":0},"end":{"line":17,"column":36}},"17":{"start":{"line":18,"column":0},"end":{"line":18,"column":61}},"18":{"start":{"line":19,"column":0},"end":{"line":19,"column":12}},"19":{"start":{"line":20,"column":0},"end":{"line":20,"column":25}},"20":{"start":{"line":21,"column":0},"end":{"line":21,"column":5}},"21":{"start":{"line":22,"column":0},"end":{"line":22,"column":50}},"22":{"start":{"line":23,"column":0},"end":{"line":23,"column":4}},"23":{"start":{"line":24,"column":0},"end":{"line":24,"column":0}},"24":{"start":{"line":25,"column":0},"end":{"line":25,"column":35}},"25":{"start":{"line":26,"column":0},"end":{"line":26,"column":25}},"26":{"start":{"line":27,"column":0},"end":{"line":27,"column":23}},"27":{"start":{"line":28,"column":0},"end":{"line":28,"column":73}},"28":{"start":{"line":29,"column":0},"end":{"line":29,"column":5}},"29":{"start":{"line":30,"column":0},"end":{"line":30,"column":5}},"30":{"start":{"line":31,"column":0},"end":{"line":31,"column":0}},"31":{"start":{"line":32,"column":0},"end":{"line":32,"column":10}},"32":{"start":{"line":33,"column":0},"end":{"line":33,"column":16}},"33":{"start":{"line":34,"column":0},"end":{"line":34,"column":25}},"34":{"start":{"line":35,"column":0},"end":{"line":35,"column":6}},"35":{"start":{"line":36,"column":0},"end":{"line":36,"column":16}},"36":{"start":{"line":37,"column":0},"end":{"line":37,"column":25}},"37":{"start":{"line":38,"column":0},"end":{"line":38,"column":38}},"38":{"start":{"line":39,"column":0},"end":{"line":39,"column":6}},"39":{"start":{"line":40,"column":0},"end":{"line":40,"column":17}},"40":{"start":{"line":41,"column":0},"end":{"line":41,"column":25}},"41":{"start":{"line":42,"column":0},"end":{"line":42,"column":6}},"42":{"start":{"line":43,"column":0},"end":{"line":43,"column":15}},"43":{"start":{"line":44,"column":0},"end":{"line":44,"column":23}},"44":{"start":{"line":45,"column":0},"end":{"line":45,"column":6}},"45":{"start":{"line":46,"column":0},"end":{"line":46,"column":17}},"46":{"start":{"line":47,"column":0},"end":{"line":47,"column":73}},"47":{"start":{"line":48,"column":0},"end":{"line":48,"column":6}},"48":{"start":{"line":49,"column":0},"end":{"line":49,"column":4}},"49":{"start":{"line":50,"column":0},"end":{"line":50,"column":2}},"50":{"start":{"line":51,"column":0},"end":{"line":51,"column":0}},"51":{"start":{"line":52,"column":0},"end":{"line":52,"column":32}}},"s":{"0":1,"1":1,"2":1,"3":1,"4":1,"5":86,"6":86,"7":86,"8":86,"9":86,"10":125,"11":125,"12":125,"13":105,"14":105,"15":125,"16":19,"17":19,"18":21,"19":1,"20":1,"21":20,"22":125,"23":86,"24":86,"25":1,"26":1,"27":1,"28":1,"29":86,"30":86,"31":86,"32":86,"33":159,"34":159,"35":86,"36":24,"37":24,"38":24,"39":86,"40":108,"41":108,"42":86,"43":18,"44":18,"45":86,"46":124,"47":124,"48":86,"49":86,"50":1,"51":1},"branchMap":{"0":{"type":"branch","line":5,"loc":{"start":{"line":5,"column":45},"end":{"line":50,"column":2}},"locations":[{"start":{"line":5,"column":45},"end":{"line":50,"column":2}}]},"1":{"type":"branch","line":8,"loc":{"start":{"line":8,"column":38},"end":{"line":8,"column":66}},"locations":[{"start":{"line":8,"column":38},"end":{"line":8,"column":66}}]},"2":{"type":"branch","line":10,"loc":{"start":{"line":10,"column":18},"end":{"line":23,"column":4}},"locations":[{"start":{"line":10,"column":18},"end":{"line":23,"column":4}}]},"3":{"type":"branch","line":12,"loc":{"start":{"line":12,"column":63},"end":{"line":12,"column":98}},"locations":[{"start":{"line":12,"column":63},"end":{"line":12,"column":98}}]},"4":{"type":"branch","line":13,"loc":{"start":{"line":13,"column":21},"end":{"line":15,"column":5}},"locations":[{"start":{"line":13,"column":21},"end":{"line":15,"column":5}}]},"5":{"type":"branch","line":15,"loc":{"start":{"line":15,"column":4},"end":{"line":16,"column":118}},"locations":[{"start":{"line":15,"column":4},"end":{"line":16,"column":118}}]},"6":{"type":"branch","line":15,"loc":{"start":{"line":15,"column":4},"end":{"line":16,"column":42}},"locations":[{"start":{"line":15,"column":4},"end":{"line":16,"column":42}}]},"7":{"type":"branch","line":16,"loc":{"start":{"line":16,"column":35},"end":{"line":16,"column":118}},"locations":[{"start":{"line":16,"column":35},"end":{"line":16,"column":118}}]},"8":{"type":"branch","line":16,"loc":{"start":{"line":16,"column":118},"end":{"line":22,"column":50}},"locations":[{"start":{"line":16,"column":118},"end":{"line":22,"column":50}}]},"9":{"type":"branch","line":16,"loc":{"start":{"line":16,"column":118},"end":{"line":19,"column":11}},"locations":[{"start":{"line":16,"column":118},"end":{"line":19,"column":11}}]},"10":{"type":"branch","line":19,"loc":{"start":{"line":19,"column":4},"end":{"line":21,"column":5}},"locations":[{"start":{"line":19,"column":4},"
[...]
,"E:\\webprograms\\ym-useRequest\\lib\\plugins\\useRetryPlugin.ts": {"path":"E:\\webprograms\\ym-useRequest\\lib\\plugins\\useRetryPlugin.ts","all":false,"statementMap":{"0":{"start":{"line":1,"column":0},"end":{"line":1,"column":38}},"1":{"start":{"line":2,"column":0},"end":{"line":2,"column":26}},"2":{"start":{"line":3,"column":0},"end":{"line":3,"column":0}},"3":{"start":{"line":4,"column":0},"end":{"line":4,"column":89}},"4":{"start":{"line":5,"column":0},"end":{"line":5,"column":41}},"5":{"start":{"line":6,"column":0},"end":{"line":6,"column":26}},"6":{"start":{"line":7,"column":0},"end":{"line":7,"column":36}},"7":{"start":{"line":8,"column":0},"end":{"line":8,"column":0}},"8":{"start":{"line":9,"column":0},"end":{"line":9,"column":20}},"9":{"start":{"line":10,"column":0},"end":{"line":10,"column":14}},"10":{"start":{"line":11,"column":0},"end":{"line":11,"column":3}},"11":{"start":{"line":12,"column":0},"end":{"line":12,"column":0}},"12":{"start":{"line":13,"column":0},"end":{"line":13,"column":10}},"13":{"start":{"line":14,"column":0},"end":{"line":14,"column":16}},"14":{"start":{"line":15,"column":0},"end":{"line":15,"column":34}},"15":{"start":{"line":16,"column":0},"end":{"line":16,"column":27}},"16":{"start":{"line":17,"column":0},"end":{"line":17,"column":7}},"17":{"start":{"line":18,"column":0},"end":{"line":18,"column":35}},"18":{"start":{"line":19,"column":0},"end":{"line":19,"column":27}},"19":{"start":{"line":20,"column":0},"end":{"line":20,"column":37}},"20":{"start":{"line":21,"column":0},"end":{"line":21,"column":7}},"21":{"start":{"line":22,"column":0},"end":{"line":22,"column":6}},"22":{"start":{"line":23,"column":0},"end":{"line":23,"column":17}},"23":{"start":{"line":24,"column":0},"end":{"line":24,"column":25}},"24":{"start":{"line":25,"column":0},"end":{"line":25,"column":6}},"25":{"start":{"line":26,"column":0},"end":{"line":26,"column":15}},"26":{"start":{"line":27,"column":0},"end":{"line":27,"column":26}},"27":{"start":{"line":28,"column":0},"end":{"line":28,"column":62}},"28":{"start":{"line":29,"column":0},"end":{"line":29,"column":85}},"29":{"start":{"line":30,"column":0},"end":{"line":30,"column":43}},"30":{"start":{"line":31,"column":0},"end":{"line":31,"column":38}},"31":{"start":{"line":32,"column":0},"end":{"line":32,"column":45}},"32":{"start":{"line":33,"column":0},"end":{"line":33,"column":20}},"33":{"start":{"line":34,"column":0},"end":{"line":34,"column":14}},"34":{"start":{"line":35,"column":0},"end":{"line":35,"column":27}},"35":{"start":{"line":36,"column":0},"end":{"line":36,"column":7}},"36":{"start":{"line":37,"column":0},"end":{"line":37,"column":6}},"37":{"start":{"line":38,"column":0},"end":{"line":38,"column":16}},"38":{"start":{"line":39,"column":0},"end":{"line":39,"column":25}},"39":{"start":{"line":40,"column":0},"end":{"line":40,"column":27}},"40":{"start":{"line":41,"column":0},"end":{"line":41,"column":37}},"41":{"start":{"line":42,"column":0},"end":{"line":42,"column":7}},"42":{"start":{"line":43,"column":0},"end":{"line":43,"column":6}},"43":{"start":{"line":44,"column":0},"end":{"line":44,"column":4}},"44":{"start":{"line":45,"column":0},"end":{"line":45,"column":2}},"45":{"start":{"line":46,"column":0},"end":{"line":46,"column":0}},"46":{"start":{"line":47,"column":0},"end":{"line":47,"column":30}}},"s":{"0":1,"1":1,"2":1,"3":1,"4":86,"5":86,"6":86,"7":86,"8":86,"9":82,"10":82,"11":4,"12":4,"13":4,"14":10,"15":4,"16":4,"17":10,"18":10,"19":6,"20":6,"21":10,"22":4,"23":1,"24":1,"25":4,"26":9,"27":9,"28":7,"29":7,"30":6,"31":6,"32":7,"33":9,"34":2,"35":2,"36":9,"37":4,"38":1,"39":1,"40":1,"41":1,"42":1,"43":4,"44":4,"45":1,"46":1},"branchMap":{"0":{"type":"branch","line":4,"loc":{"start":{"line":4,"column":43},"end":{"line":45,"column":2}},"locations":[{"start":{"line":4,"column":43},"end":{"line":45,"column":2}}]},"1":{"type":"branch","line":9,"loc":{"start":{"line":9,"column":19},"end":{"line":11,"column":3}},"locations":[{"start":{"line":9,"column":19},"end":{"line":11,"column":3}}]},"2":{"type":"branch","line":11,"loc":{"start":{"line":11,"column":2},"end":{"line":45,"column":2}},"locations":[{"start":{"line":11,"column":2},"end":{"line":45,"column":2}}]},"3":{"type":"branch","line":14,"loc":{"start":{"line":14,"column":4},"end":{"line":22,"column":6}},"locations":[{"start":{"line":14,"column":4},"end":{"line":22,"column":6}}]},"4":{"type":"branch","line":15,"loc":{"start":{"line":15,"column":33},"end":{"line":17,"column":7}},"locations":[{"start":{"line":15,"column":33},"end":{"line":17,"column":7}}]},"5":{"type":"branch","line":19,"loc":{"start":{"line":19,"column":26},"end":{"line":21,"column":7}},"locations":[{"start":{"line":19,"column":26},"end":{"line":21,"column":7}}]},"6":{"type":"branch","line":23,"loc":{"start":{"line":23,"column":4},"end":{"line":25,"column":6}},"locations":[{"start":{"line":23,"column":4},"end":{"line":25,"column":6}}]},"7":{"type":"branch","line":26,"loc":{"start":{"line":26,"column":4},"end":{"line":37,"column":6}},"locations":[{"start":{"line":26,"column":4},"end":{"line":37,"column":6}}]},"8":{"type":"branch","line":28,"loc":{"start":{"line":28,"column":61},"end":{"line":34,"column":13}},"locations":[{"start":{"line":28,"column":61},"end":{"line":34,"column":13}}]},"9":{"type":"branch","line":29,"loc":{"start":{"line":29,"column":24},"end":{"line":29,"column":85}},"locations":[{"start":{"line":29,"column":24},"end":{"line":29,"column":85}}]},"10":{"type":"branch","line":34,"loc":{"start":{"line":34,"column":6},"end":{"line":36,"column":7}},"locations":[{"start":{"line":34,"column":6},"end":{"line":36,"column":7}}]},"11":{"type":"branch","line":30,"loc":{"start":{"line":30,"column":36},"end":{"line":33,"column":11}},"locations":[{"start":{"line":30,"column":36},"end":{"line":33,"column":11}}]},"12":{"type":"branch","line":38,"loc":{"start":{"line":38,"column":4},"end":{"line":43,"column":6}},"locations":[{"start":{"line":38,"column":4},"end":{"line":43,"column":6}}]}},"b":{"0":[86],"1":[82],"2":[4],"3":[10],"4":[4],"5":[6],"6":[1],"7":[9],"8":[7],"9":[4],"10":[2],"11":[6],"12":[1]},"fnMap":{"0":{"name":"useRetryPlugin","decl":{"start":{"line":4,"column":43},"end":{"line":45,"column":2}},"loc":{"start":{"line":4,"column":43},"end":{"line":45,"column":2}},"line":4},"1":{"name":"onBefore","decl":{"start":{"line":14,"column":4},"end":{"line":22,"column":6}},"loc":{"start":{"line":14,"column":4},"end":{"line":22,"column":6}},"line":14},"2":{"name":"onSuccess","decl":{"start":{"line":23,"column":4},"end":{"line":25,"column":6}},"loc":{"start":{"line":23,"column":4},"end":{"line":25,"column":6}},"line":23},"3":{"name":"onError","decl":{"start":{"line":26,"column":4},"end":{"line":37,"column":6}},"loc":{"start":{"line":26,"column":4},"end":{"line":37,"column":6}},"line":26},"4":{"name":"onCancel","decl":{"start":{"line":38,"column":4},"end":{"line":43,"column":6}},"loc":{"start":{"line":38,"column":4},"end":{"line":43,"column":6}},"line":38}},"f":{"0":86,"1":10,"2":1,"3":9,"4":1}}
,"E:\\webprograms\\ym-useRequest\\lib\\plugins\\useThrottlePlugin.ts": {"path":"E:\\webprograms\\ym-useRequest\\lib\\plugins\\useThrottlePlugin.ts","all":false,"statementMap":{"0":{"start":{"line":1,"column":0},"end":{"line":1,"column":46}},"1":{"start":{"line":2,"column":0},"end":{"line":2,"column":38}},"2":{"start":{"line":3,"column":0},"end":{"line":3,"column":41}},"3":{"start":{"line":4,"column":0},"end":{"line":4,"column":41}},"4":{"start":{"line":5,"column":0},"end":{"line":5,"column":0}},"5":{"start":{"line":6,"column":0},"end":{"line":6,"column":96}},"6":{"start":{"line":7,"column":0},"end":{"line":7,"column":57}},"7":{"start":{"line":8,"column":0},"end":{"line":8,"column":0}},"8":{"start":{"line":9,"column":0},"end":{"line":9,"column":30}},"9":{"start":{"line":10,"column":0},"end":{"line":10,"column":30}},"10":{"start":{"line":11,"column":0},"end":{"line":11,"column":50}},"11":{"start":{"line":12,"column":0},"end":{"line":12,"column":56}},"12":{"start":{"line":13,"column":0},"end":{"line":13,"column":0}},"13":{"start":{"line":14,"column":0},"end":{"line":14,"column":61}},"14":{"start":{"line":15,"column":0},"end":{"line":15,"column":100}},"15":{"start":{"line":16,"column":0},"end":{"line":16,"column":0}},"16":{"start":{"line":17,"column":0},"end":{"line":17,"column":102}},"17":{"start":{"line":18,"column":0},"end":{"line":18,"column":74}},"18":{"start":{"line":19,"column":0},"end":{"line":19,"column":54}},"19":{"start":{"line":20,"column":0},"end":{"line":20,"column":47}},"20":{"start":{"line":21,"column":0},"end":{"line":21,"column":33}},"21":{"start":{"line":22,"column":0},"end":{"line":22,"column":33}},"22":{"start":{"line":23,"column":0},"end":{"line":23,"column":26}},"23":{"start":{"line":24,"column":0},"end":{"line":24,"column":27}},"24":{"start":{"line":25,"column":0},"end":{"line":25,"column":11}},"25":{"start":{"line":26,"column":0},"end":{"line":26,"column":9}},"26":{"start":{"line":27,"column":0},"end":{"line":27,"column":6}},"27":{"start":{"line":28,"column":0},"end":{"line":28,"column":0}},"28":{"start":{"line":29,"column":0},"end":{"line":29,"column":21}},"29":{"start":{"line":30,"column":0},"end":{"line":30,"column":34}},"30":{"start":{"line":31,"column":0},"end":{"line":31,"column":57}},"31":{"start":{"line":32,"column":0},"end":{"line":32,"column":7}},"32":{"start":{"line":33,"column":0},"end":{"line":33,"column":5}},"33":{"start":{"line":34,"column":0},"end":{"line":34,"column":0}},"34":{"start":{"line":35,"column":0},"end":{"line":35,"column":10}},"35":{"start":{"line":36,"column":0},"end":{"line":36,"column":16}},"36":{"start":{"line":37,"column":0},"end":{"line":37,"column":34}},"37":{"start":{"line":38,"column":0},"end":{"line":38,"column":6}},"38":{"start":{"line":39,"column":0},"end":{"line":39,"column":4}},"39":{"start":{"line":40,"column":0},"end":{"line":40,"column":2}},"40":{"start":{"line":41,"column":0},"end":{"line":41,"column":0}},"41":{"start":{"line":42,"column":0},"end":{"line":42,"column":33}}},"s":{"0":1,"1":1,"2":1,"3":1,"4":1,"5":1,"6":86,"7":86,"8":86,"9":87,"10":5,"11":5,"12":5,"13":5,"14":5,"15":5,"16":5,"17":5,"18":5,"19":18,"20":18,"21":9,"22":9,"23":9,"24":18,"25":18,"26":18,"27":5,"28":5,"29":1,"30":1,"31":5,"32":86,"33":86,"34":86,"35":86,"36":24,"37":24,"38":86,"39":86,"40":1,"41":1},"branchMap":{"0":{"type":"branch","line":6,"loc":{"start":{"line":6,"column":46},"end":{"line":40,"column":2}},"locations":[{"start":{"line":6,"column":46},"end":{"line":40,"column":2}}]},"1":{"type":"branch","line":9,"loc":{"start":{"line":9,"column":14},"end":{"line":33,"column":3}},"locations":[{"start":{"line":9,"column":14},"end":{"line":33,"column":3}}]},"2":{"type":"branch","line":10,"loc":{"start":{"line":10,"column":23},"end":{"line":10,"column":30}},"locations":[{"start":{"line":10,"column":23},"end":{"line":10,"column":30}}]},"3":{"type":"branch","line":10,"loc":{"start":{"line":10,"column":23},"end":{"line":32,"column":7}},"locations":[{"start":{"line":10,"column":23},"end":{"line":32,"column":7}}]},"4":{"type":"branch","line":15,"loc":{"start":{"line":15,"column":33},"end":{"line":15,"column":59}},"locations":[{"start":{"line":15,"column":33},"end":{"line":15,"column":59}}]},"5":{"type":"branch","line":19,"loc":{"start":{"line":19,"column":40},"end":{"line":27,"column":6}},"locations":[{"start":{"line":19,"column":40},"end":{"line":27,"column":6}}]},"6":{"type":"branch","line":20,"loc":{"start":{"line":20,"column":25},"end":{"line":26,"column":7}},"locations":[{"start":{"line":20,"column":25},"end":{"line":26,"column":7}}]},"7":{"type":"branch","line":21,"loc":{"start":{"line":21,"column":26},"end":{"line":25,"column":9}},"locations":[{"start":{"line":21,"column":26},"end":{"line":25,"column":9}}]},"8":{"type":"branch","line":29,"loc":{"start":{"line":29,"column":14},"end":{"line":32,"column":5}},"locations":[{"start":{"line":29,"column":14},"end":{"line":32,"column":5}}]},"9":{"type":"branch","line":36,"loc":{"start":{"line":36,"column":4},"end":{"line":38,"column":6}},"locations":[{"start":{"line":36,"column":4},"end":{"line":38,"column":6}}]},"10":{"type":"branch","line":37,"loc":{"start":{"line":37,"column":18},"end":{"line":37,"column":32}},"locations":[{"start":{"line":37,"column":18},"end":{"line":37,"column":32}}]}},"b":{"0":[86],"1":[87],"2":[82],"3":[5],"4":[9],"5":[18],"6":[18],"7":[9],"8":[1],"9":[24],"10":[1]},"fnMap":{"0":{"name":"useThrottlePlugin","decl":{"start":{"line":6,"column":46},"end":{"line":40,"column":2}},"loc":{"start":{"line":6,"column":46},"end":{"line":40,"column":2}},"line":6},"1":{"name":"instance.functionContext.runAsync","decl":{"start":{"line":19,"column":40},"end":{"line":27,"column":6}},"loc":{"start":{"line":19,"column":40},"end":{"line":27,"column":6}},"line":19},"2":{"name":"onCancel","decl":{"start":{"line":36,"column":4},"end":{"line":38,"column":6}},"loc":{"start":{"line":36,"column":4},"end":{"line":38,"column":6}},"line":36}},"f":{"0":86,"1":18,"2":24}}
,"E:\\webprograms\\ym-useRequest\\lib\\plugins\\useWindowVisibilityChangePlugin.ts": {"path":"E:\\webprograms\\ym-useRequest\\lib\\plugins\\useWindowVisibilityChangePlugin.ts","all":false,"statementMap":{"0":{"start":{"line":1,"column":0},"end":{"line":1,"column":59}},"1":{"start":{"line":2,"column":0},"end":{"line":2,"column":38}},"2":{"start":{"line":3,"column":0},"end":{"line":3,"column":39}},"3":{"start":{"line":4,"column":0},"end":{"line":4,"column":87}},"4":{"start":{"line":5,"column":0},"end":{"line":5,"column":0}},"5":{"start":{"line":6,"column":0},"end":{"line":6,"column":61}},"6":{"start":{"line":7,"column":0},"end":{"line":7,"column":11}},"7":{"start":{"line":8,"column":0},"end":{"line":8,"column":69}},"8":{"start":{"line":9,"column":0},"end":{"line":9,"column":6}},"9":{"start":{"line":10,"column":0},"end":{"line":10,"column":38}},"10":{"start":{"line":11,"column":0},"end":{"line":11,"column":37}},"11":{"start":{"line":12,"column":0},"end":{"line":12,"column":31}},"12":{"start":{"line":13,"column":0},"end":{"line":13,"column":36}},"13":{"start":{"line":14,"column":0},"end":{"line":14,"column":35}},"14":{"start":{"line":15,"column":0},"end":{"line":15,"column":4}},"15":{"start":{"line":16,"column":0},"end":{"line":16,"column":0}},"16":{"start":{"line":17,"column":0},"end":{"line":17,"column":30}},"17":{"start":{"line":18,"column":0},"end":{"line":18,"column":38}},"18":{"start":{"line":19,"column":0},"end":{"line":19,"column":120}},"19":{"start":{"line":20,"column":0},"end":{"line":20,"column":60}},"20":{"start":{"line":21,"column":0},"end":{"line":21,"column":23}},"21":{"start":{"line":22,"column":0},"end":{"line":22,"column":9}},"22":{"start":{"line":23,"column":0},"end":{"line":23,"column":5}},"23":{"start":{"line":24,"column":0},"end":{"line":24,"column":36}},"24":{"start":{"line":25,"column":0},"end":{"line":25,"column":115}},"25":{"start":{"line":26,"column":0},"end":{"line":26,"column":5}},"26":{"start":{"line":27,"column":0},"end":{"line":27,"column":29}},"27":{"start":{"line":28,"column":0},"end":{"line":28,"column":5}},"28":{"start":{"line":29,"column":0},"end":{"line":29,"column":0}},"29":{"start":{"line":30,"column":0},"end":{"line":30,"column":21}},"30":{"start":{"line":31,"column":0},"end":{"line":31,"column":20}},"31":{"start":{"line":32,"column":0},"end":{"line":32,"column":5}},"32":{"start":{"line":33,"column":0},"end":{"line":33,"column":0}},"33":{"start":{"line":34,"column":0},"end":{"line":34,"column":12}},"34":{"start":{"line":35,"column":0},"end":{"line":35,"column":2}},"35":{"start":{"line":36,"column":0},"end":{"line":36,"column":0}},"36":{"start":{"line":37,"column":0},"end":{"line":37,"column":47}}},"s":{"0":1,"1":1,"2":1,"3":1,"4":1,"5":1,"6":86,"7":86,"8":86,"9":86,"10":86,"11":86,"12":28,"13":28,"14":28,"15":86,"16":86,"17":86,"18":2,"19":2,"20":1,"21":2,"22":2,"23":86,"24":1,"25":1,"26":86,"27":86,"28":86,"29":86,"30":14,"31":86,"32":86,"33":86,"34":86,"35":1,"36":1},"branchMap":{"0":{"type":"branch","line":6,"loc":{"start":{"line":6,"column":60},"end":{"line":35,"column":2}},"locations":[{"start":{"line":6,"column":60},"end":{"line":35,"column":2}}]},"1":{"type":"branch","line":12,"loc":{"start":{"line":12,"column":24},"end":{"line":15,"column":4}},"locations":[{"start":{"line":12,"column":24},"end":{"line":15,"column":4}}]},"2":{"type":"branch","line":13,"loc":{"start":{"line":13,"column":26},"end":{"line":13,"column":36}},"locations":[{"start":{"line":13,"column":26},"end":{"line":13,"column":36}}]},"3":{"type":"branch","line":14,"loc":{"start":{"line":14,"column":25},"end":{"line":14,"column":35}},"locations":[{"start":{"line":14,"column":25},"end":{"line":14,"column":35}}]},"4":{"type":"branch","line":17,"loc":{"start":{"line":17,"column":14},"end":{"line":28,"column":3}},"locations":[{"start":{"line":17,"column":14},"end":{"line":28,"column":3}}]},"5":{"type":"branch","line":18,"loc":{"start":{"line":18,"column":37},"end":{"line":23,"column":5}},"locations":[{"start":{"line":18,"column":37},"end":{"line":23,"column":5}}]},"6":{"type":"branch","line":24,"loc":{"start":{"line":24,"column":35},"end":{"line":26,"column":5}},"locations":[{"start":{"line":24,"column":35},"end":{"line":26,"column":5}}]},"7":{"type":"branch","line":20,"loc":{"start":{"line":20,"column":53},"end":{"line":22,"column":7}},"locations":[{"start":{"line":20,"column":53},"end":{"line":22,"column":7}}]},"8":{"type":"branch","line":30,"loc":{"start":{"line":30,"column":14},"end":{"line":32,"column":3}},"locations":[{"start":{"line":30,"column":14},"end":{"line":32,"column":3}}]}},"b":{"0":[86],"1":[28],"2":[2],"3":[2],"4":[86],"5":[2],"6":[1],"7":[1],"8":[14]},"fnMap":{"0":{"name":"useWindowVisibilityChangePlugin","decl":{"start":{"line":6,"column":60},"end":{"line":35,"column":2}},"loc":{"start":{"line":6,"column":60},"end":{"line":35,"column":2}},"line":6},"1":{"name":"stopSubscribe","decl":{"start":{"line":12,"column":24},"end":{"line":15,"column":4}},"loc":{"start":{"line":12,"column":24},"end":{"line":15,"column":4}},"line":12}},"f":{"0":86,"1":28}}
}
