{"D:\\web\\ym-useRequest\\lib\\createInstance.ts": {"path":"D:\\web\\ym-useRequest\\lib\\createInstance.ts","all":false,"statementMap":{"0":{"start":{"line":1,"column":0},"end":{"line":1,"column":38}},"1":{"start":{"line":2,"column":0},"end":{"line":2,"column":31}},"2":{"start":{"line":3,"column":0},"end":{"line":3,"column":99}},"3":{"start":{"line":4,"column":0},"end":{"line":4,"column":44}},"4":{"start":{"line":5,"column":0},"end":{"line":5,"column":0}},"5":{"start":{"line":6,"column":0},"end":{"line":6,"column":111}},"6":{"start":{"line":7,"column":0},"end":{"line":7,"column":77}},"7":{"start":{"line":8,"column":0},"end":{"line":8,"column":0}},"8":{"start":{"line":9,"column":0},"end":{"line":9,"column":35}},"9":{"start":{"line":10,"column":0},"end":{"line":10,"column":29}},"10":{"start":{"line":11,"column":0},"end":{"line":11,"column":46}},"11":{"start":{"line":12,"column":0},"end":{"line":12,"column":29}},"12":{"start":{"line":13,"column":0},"end":{"line":13,"column":67}},"13":{"start":{"line":14,"column":0},"end":{"line":14,"column":55}},"14":{"start":{"line":15,"column":0},"end":{"line":15,"column":0}},"15":{"start":{"line":16,"column":0},"end":{"line":16,"column":23}},"16":{"start":{"line":17,"column":0},"end":{"line":17,"column":0}},"17":{"start":{"line":18,"column":0},"end":{"line":18,"column":13}},"18":{"start":{"line":19,"column":0},"end":{"line":19,"column":88}},"19":{"start":{"line":20,"column":0},"end":{"line":20,"column":27}},"20":{"start":{"line":21,"column":0},"end":{"line":21,"column":76}},"21":{"start":{"line":22,"column":0},"end":{"line":22,"column":70}},"22":{"start":{"line":23,"column":0},"end":{"line":23,"column":74}},"23":{"start":{"line":24,"column":0},"end":{"line":24,"column":12}},"24":{"start":{"line":25,"column":0},"end":{"line":25,"column":19}},"25":{"start":{"line":26,"column":0},"end":{"line":26,"column":63}},"26":{"start":{"line":27,"column":0},"end":{"line":27,"column":39}},"27":{"start":{"line":28,"column":0},"end":{"line":28,"column":5}},"28":{"start":{"line":29,"column":0},"end":{"line":29,"column":4}},"29":{"start":{"line":30,"column":0},"end":{"line":30,"column":0}},"30":{"start":{"line":31,"column":0},"end":{"line":31,"column":54}},"31":{"start":{"line":32,"column":0},"end":{"line":32,"column":0}},"32":{"start":{"line":33,"column":0},"end":{"line":33,"column":52}},"33":{"start":{"line":34,"column":0},"end":{"line":34,"column":25}},"34":{"start":{"line":35,"column":0},"end":{"line":35,"column":41}},"35":{"start":{"line":36,"column":0},"end":{"line":36,"column":29}},"36":{"start":{"line":37,"column":0},"end":{"line":37,"column":18}},"37":{"start":{"line":38,"column":0},"end":{"line":38,"column":37}},"38":{"start":{"line":39,"column":0},"end":{"line":39,"column":0}},"39":{"start":{"line":40,"column":0},"end":{"line":40,"column":66}},"40":{"start":{"line":41,"column":0},"end":{"line":41,"column":0}},"41":{"start":{"line":42,"column":0},"end":{"line":42,"column":18}},"42":{"start":{"line":43,"column":0},"end":{"line":43,"column":31}},"43":{"start":{"line":44,"column":0},"end":{"line":44,"column":25}},"44":{"start":{"line":45,"column":0},"end":{"line":45,"column":5}},"45":{"start":{"line":46,"column":0},"end":{"line":46,"column":21}},"46":{"start":{"line":47,"column":0},"end":{"line":47,"column":93}},"47":{"start":{"line":48,"column":0},"end":{"line":48,"column":65}},"48":{"start":{"line":49,"column":0},"end":{"line":49,"column":25}},"49":{"start":{"line":50,"column":0},"end":{"line":50,"column":43}},"50":{"start":{"line":51,"column":0},"end":{"line":51,"column":5}},"51":{"start":{"line":52,"column":0},"end":{"line":52,"column":25}},"52":{"start":{"line":53,"column":0},"end":{"line":53,"column":22}},"53":{"start":{"line":54,"column":0},"end":{"line":54,"column":43}},"54":{"start":{"line":55,"column":0},"end":{"line":55,"column":39}},"55":{"start":{"line":56,"column":0},"end":{"line":56,"column":9}},"56":{"start":{"line":57,"column":0},"end":{"line":57,"column":25}},"57":{"start":{"line":58,"column":0},"end":{"line":58,"column":32}},"58":{"start":{"line":59,"column":0},"end":{"line":59,"column":38}},"59":{"start":{"line":60,"column":0},"end":{"line":60,"column":31}},"60":{"start":{"line":61,"column":0},"end":{"line":61,"column":8}},"61":{"start":{"line":62,"column":0},"end":{"line":62,"column":28}},"62":{"start":{"line":63,"column":0},"end":{"line":63,"column":43}},"63":{"start":{"line":64,"column":0},"end":{"line":64,"column":39}},"64":{"start":{"line":65,"column":0},"end":{"line":65,"column":9}},"65":{"start":{"line":66,"column":0},"end":{"line":66,"column":26}},"66":{"start":{"line":67,"column":0},"end":{"line":67,"column":41}},"67":{"start":{"line":68,"column":0},"end":{"line":68,"column":29}},"68":{"start":{"line":69,"column":0},"end":{"line":69,"column":18}},"69":{"start":{"line":70,"column":0},"end":{"line":70,"column":8}},"70":{"start":{"line":71,"column":0},"end":{"line":71,"column":22}},"71":{"start":{"line":72,"column":0},"end":{"line":72,"column":30}},"72":{"start":{"line":73,"column":0},"end":{"line":73,"column":33}},"73":{"start":{"line":74,"column":0},"end":{"line":74,"column":38}},"74":{"start":{"line":75,"column":0},"end":{"line":75,"column":22}},"75":{"start":{"line":76,"column":0},"end":{"line":76,"column":9}},"76":{"start":{"line":77,"column":0},"end":{"line":77,"column":4}},"77":{"start":{"line":78,"column":0},"end":{"line":78,"column":0}},"78":{"start":{"line":79,"column":0},"end":{"line":79,"column":41}},"79":{"start":{"line":80,"column":0},"end":{"line":80,"column":54}},"80":{"start":{"line":81,"column":0},"end":{"line":81,"column":37}},"81":{"start":{"line":82,"column":0},"end":{"line":82,"column":7}},"82":{"start":{"line":83,"column":0},"end":{"line":83,"column":4}},"83":{"start":{"line":84,"column":0},"end":{"line":84,"column":0}},"84":{"start":{"line":85,"column":0},"end":{"line":85,"column":34}},"85":{"start":{"line":86,"column":0},"end":{"line":86,"column":18}},"86":{"start":{"line":87,"column":0},"end":{"line":87,"column":26}},"87":{"start":{"line":88,"column":0},"end":{"line":88,"column":27}},"88":{"start":{"line":89,"column":0},"end":{"line":89,"column":4}},"89":{"start":{"line":90,"column":0},"end":{"line":90,"column":0}},"90":{"start":{"line":91,"column":0},"end":{"line":91,"column":71}},"91":{"start":{"line":92,"column":0},"end":{"line":92,"column":0}},"92":{"start":{"line":93,"column":0},"end":{"line":93,"column":81}},"93":{"start":{"line":94,"column":0},"end":{"line":94,"column":0}},"94":{"start":{"line":95,"column":0},"end":{"line":95,"column":40}},"95":{"start":{"line":96,"column":0},"end":{"line":96,"column":64}},"96":{"start":{"line":97,"column":0},"end":{"line":97,"column":39}},"97":{"start":{"line":98,"column":0},"end":{"line":98,"column":4}},"98":{"start":{"line":99,"column":0},"end":{"line":99,"column":0}},"99":{"start":{"line":100,"column":0},"end":{"line":100,"column":10}},"100":{"start":{"line":101,"column":0},"end":{"line":101,"column":11}},"101":{"start":{"line":102,"column":0},"end":{"line":102,"column":9}},"102":{"start":{"line":103,"column":0},"end":{"line":103,"column":11}},"103":{"start":{"line":104,"column":0},"end":{"line":104,"column":12}},"104":{"start":{"line":105,"column":0},"end":{"line":105,"column":10}},"105":{"start":{"line":106,"column":0},"end":{"line":106,"column":12}},"106":{"start":{"line":107,"column":0},"end":{"line":107,"column":20}},"107":{"start":{"line":108,"column":0},"end":{"line":108,"column":4}},"108":{"start":{"line":109,"column":0},"end":{"line":109,"column":1}},"109":{"start":{"line":110,"column":0},"end":{"line":110,"column":0}},"110":{"start":{"line":111,"column":0},"end":{"line":111,"column":28}}},"s":{"0":1,"1":1,"2":1,"3":1,"4":1,"5":25,"6":25,"7":25,"8":25,"9":25,"10":25,"11":25,"12":25,"13":25,"14":25,"15":25,"16":25,"17":25,"18":25,"19":158,"20":39,"21":39,"22":39,"23":158,"24":119,"25":119,"26":119,"27":119,"28":158,"29":25,"30":25,"31":25,"32":25,"33":41,"34":41,"35":41,"36":41,"37":41,"38":41,"39":41,"40":41,"41":41,"42":2,"43":2,"44":2,"45":41,"46":41,"47":41,"48":41,"49":39,"50":39,"51":39,"52":39,"53":30,"54":2,"55":2,"56":28,"57":28,"58":28,"59":30,"60":39,"61":39,"62":8,"63":1,"64":1,"65":7,"66":7,"67":8,"68":8,"69":39,"70":39,"71":35,"72":35,"73":35,"74":35,"75":39,"76":41,"77":25,"78":25,"79":439,"80":7,"81":439,"82":439,"83":25,"84":25,"85":6,"86":6,"87":6,"88":6,"89":25,"90":25,"91":25,"92":25,"93":25,"94":25,"95":2,"96":2,"97":2,"98":25,"99":25,"100":25,"101":25,"102":25,"103":25,"104":25,"105":25,"106":25,"107":25,"108":25,"109":1,"110":1},"branchMap":{"0":{"type":"branch","line":6,"loc":{"start":{"line":6,"column":0},"end":{"line":109,"column":1}},"locations":[{"start":{"line":6,"column":0},"end":{"line":109,"column":1}}]},"1":{"type":"branch","line":19,"loc":{"start":{"line":19,"column":21},"end":{"line":29,"column":4}},"locations":[{"start":{"line":19,"column":21},"end":{"line":29,"column":4}}]},"2":{"type":"branch","line":20,"loc":{"start":{"line":20,"column":26},"end":{"line":24,"column":11}},"locations":[{"start":{"line":20,"column":26},"end":{"line":24,"column":11}}]},"3":{"type":"branch","line":24,"loc":{"start":{"line":24,"column":4},"end":{"line":28,"column":5}},"locations":[{"start":{"line":24,"column":4},"end":{"line":28,"column":5}}]},"4":{"type":"branch","line":21,"loc":{"start":{"line":21,"column":43},"end":{"line":21,"column":58}},"locations":[{"start":{"line":21,"column":43},"end":{"line":21,"column":58}}]},"5":{"type":"branch","line":26,"loc":{"start":{"line":26,"column":36},"end":{"line":26,"column":61}},"locations":[{"start":{"line":26,"column":36},"end":{"line":26,"column":61}}]},"6":{"type":"branch","line":26,"loc":{"start":{"line":26,"column":49},"end":{"line":26,"column":61}},"locations":[{"start":{"line":26,"column":49},"end":{"line":26,"column":61}}]},"7":{"type":"branch","line":33,"loc":{"start":{"line":33,"column":29},"end":{"line":77,"column":4}},"locations":[{"start":{"line":33,"column":29},"end":{"line":77,"column":4}}]},"8":{"type":"branch","line":35,"loc":{"start":{"line":35,"column":9},"end":{"line":35,"column":41}},"locations":[{"start":{"line":35,"column":9},"end":{"line":35,"column":41}}]},"9":{"type":"branch","line":42,"loc":{"start":{"line":42,"column":17},"end":{"line":45,"column":5}},"locations":[{"start":{"line":42,"column":17},"end":{"line":45,"column":5}}]},"10":{"type":"branch","line":45,"loc":{"start":{"line":45,"column":4},"end":{"line":46,"column":15}},"locations":[{"start":{"line":45,"column":4},"end":{"line":46,"column":15}}]},"11":{"type":"branch","line":46,"loc":{"start":{"line":46,"column":4},"end":{"line":46,"column":21}},"locations":[{"start":{"line":46,"column":4},"end":{"line":46,"column":21}}]},"12":{"type":"branch","line":49,"loc":{"start":{"line":49,"column":24},"end":{"line":76,"column":9}},"locations":[{"start":{"line":49,"column":24},"end":{"line":76,"column":9}}]},"13":{"type":"branch","line":76,"loc":{"start":{"line":76,"column":7},"end":{"line":76,"column":9}},"locations":[{"start":{"line":76,"column":7},"end":{"line":76,"column":9}}]},"14":{"type":"branch","line":47,"loc":{"start":{"line":47,"column":24},"end":{"line":47,"column":93}},"locations":[{"start":{"line":47,"column":24},"end":{"line":47,"column":93}}]},"15":{"type":"branch","line":47,"loc":{"start":{"line":47,"column":45},"end":{"line":47,"column":91}},"locations":[{"start":{"line":47,"column":45},"end":{"line":47,"column":91}}]},"16":{"type":"branch","line":50,"loc":{"start":{"line":50,"column":22},"end":{"line":50,"column":43}},"locations":[{"start":{"line":50,"column":22},"end":{"line":50,"column":43}}]},"17":{"type":"branch","line":53,"loc":{"start":{"line":53,"column":12},"end":{"line":61,"column":7}},"locations":[{"start":{"line":53,"column":12},"end":{"line":61,"column":7}}]},"18":{"type":"branch","line":54,"loc":{"start":{"line":54,"column":42},"end":{"line":56,"column":9}},"locations":[{"start":{"line":54,"column":42},"end":{"line":56,"column":9}}]},"19":{"type":"branch","line":56,"loc":{"start":{"line":56,"column":8},"end":{"line":60,"column":20}},"locations":[{"start":{"line":56,"column":8},"end":{"line":60,"column":20}}]},"20":{"type":"branch","line":60,"loc":{"start":{"line":60,"column":8},"end":{"line":60,"column":31}},"locations":[{"start":{"line":60,"column":8},"end":{"line":60,"column":31}}]},"21":{"type":"branch","line":55,"loc":{"start":{"line":55,"column":29},"end":{"line":55,"column":37}},"locations":[{"start":{"line":55,"column":29},"end":{"line":55,"column":37}}]},"22":{"type":"branch","line":62,"loc":{"start":{"line":62,"column":13},"end":{"line":70,"column":7}},"locations":[{"start":{"line":62,"column":13},"end":{"line":70,"column":7}}]},"23":{"type":"branch","line":63,"loc":{"start":{"line":63,"column":42},"end":{"line":65,"column":9}},"locations":[{"start":{"line":63,"column":42},"end":{"line":65,"column":9}}]},"24":{"type":"branch","line":65,"loc":{"start":{"line":65,"column":8},"end":{"line":68,"column":18}},"locations":[{"start":{"line":65,"column":8},"end":{"line":68,"column":18}}]},"25":{"type":"branch","line":68,"loc":{"start":{"line":68,"column":8},"end":{"line":68,"column":29}},"locations":[{"start":{"line":68,"column":8},"end":{"line":68,"column":29}}]},"26":{"type":"branch","line":64,"loc":{"start":{"line":64,"column":29},"end":{"line":64,"column":37}},"locations":[{"start":{"line":64,"column":29},"end":{"line":64,"column":37}}]},"27":{"type":"branch","line":71,"loc":{"start":{"line":71,"column":15},"end":{"line":76,"column":7}},"locations":[{"start":{"line":71,"column":15},"end":{"line":76,"column":7}}]},"28":{"type":"branch","line":75,"loc":{"start":{"line":75,"column":8},"end":{"line":75,"column":22}},"locations":[{"start":{"line":75,"column":8},"end":{"line":75,"column":22}}]},"29":{"type":"branch","line":79,"loc":{"start":{"line":79,"column":24},"end":{"line":83,"column":4}},"locations":[{"start":{"line":79,"column":24},"end":{"line":83,"column":4}}]},"30":{"type":"branch","line":80,"loc":{"start":{"line":80,"column":44},"end":{"line":82,"column":5}},"locations":[{"start":{"line":80,"column":44},"end":{"line":82,"column":5}}]},"31":{"type":"branch","line":81,"loc":{"start":{"line":81,"column":7},"end":{"line":81,"column":37}},"locations":[{"start":{"line":81,"column":7},"end":{"line":81,"column":37}}]},"32":{"type":"branch","line":85,"loc":{"start":{"line":85,"column":27},"end":{"line":89,"column":4}},"locations":[{"start":{"line":85,"column":27},"end":{"line":89,"column":4}}]},"33":{"type":"branch","line":91,"loc":{"start":{"line":91,"column":28},"end":{"line":91,"column":71}},"locations":[{"start":{"line":91,"column":28},"end":{"line":91,"column":71}}]},"34":{"type":"branch","line":95,"loc":{"start":{"line":95,"column":27},"end":{"line":98,"column":4}},"locations":[{"start":{"line":95,"column":27},"end":{"line":98,"column":4}}]},"35":{"type":"branch","line":96,"loc":{"start":{"line":96,"column":35},"end":{"line":96,"column":62}},"locations":[{"start":{"line":96,"column":35},"end":{"line":96,"column":62}}]},"36":{"type":"branch","line":96,"loc":{"start":{"line":96,"column":58},"end":{"line":96,"column":64}},"locations":[{"start":{"line":96,"column":58},"end":{"line":96,"column":64}}]}},"b":{"0":[25],"1":[158],"2":[39],"3":[119],"4":[195],"5":[595],"6":[159],"7":[41],"8":[16],"9":[2],"10":[39],"11":[7],"12":[39],"13":[28],"14":[39],"15":[39],"16":[39],"17":[30],"18":[2],"19":[28],"20":[3],"21":[2],"22":[8],"23":[1],"24":[7],"25":[3],"26":[1],"27":[35],"28":[6],"29":[439],"30":[7],"31":[4],"32":[6],"33":[8],"34":[2],"35":[1],"36":[1]},"fnMap":{"0":{"name":"createPlugin","decl":{"start":{"line":6,"column":0},"end":{"line":109,"column":1}},"loc":{"start":{"line":6,"column":0},"end":{"line":109,"column":1}},"line":6},"1":{"name":"callPlugin","decl":{"start":{"line":19,"column":21},"end":{"line":29,"column":4}},"loc":{"start":{"line":19,"column":21},"end":{"line":29,"column":4}},"line":19},"2":{"name":"functionContext.runAsync","decl":{"start":{"line":33,"column":29},"end":{"line":77,"column":4}},"loc":{"start":{"line":33,"column":29},"end":{"line":77,"column":4}},"line":33},"3":{"name":"serverWrapper","decl":{"start":{"line":47,"column":24},"end":{"line":47,"column":93}},"loc":{"start":{"line":47,"column":24},"end":{"line":47,"column":93}},"line":47},"4":{"name":"serverWrapper","decl":{"start":{"line":50,"column":22},"end":{"line":50,"column":43}},"loc":{"start":{"line":50,"column":22},"end":{"line":50,"column":43}},"line":50},"5":{"name":"data.value","decl":{"start":{"line":55,"column":29},"end":{"line":55,"column":37}},"loc":{"start":{"line":55,"column":29},"end":{"line":55,"column":37}},"line":55},"6":{"name":"error.value","decl":{"start":{"line":64,"column":29},"end":{"line":64,"column":37}},"loc":{"start":{"line":64,"column":29},"end":{"line":64,"column":37}},"line":64},"7":{"name":"functionContext.run","decl":{"start":{"line":79,"column":24},"end":{"line":83,"column":4}},"loc":{"start":{"line":79,"column":24},"end":{"line":83,"column":4}},"line":79},"8":{"name":"functionContext.cancel","decl":{"start":{"line":85,"column":27},"end":{"line":89,"column":4}},"loc":{"start":{"line":85,"column":27},"end":{"line":89,"column":4}},"line":85},"9":{"name":"functionContext.refresh","decl":{"start":{"line":91,"column":28},"end":{"line":91,"column":71}},"loc":{"start":{"line":91,"column":28},"end":{"line":91,"column":71}},"line":91},"10":{"name":"functionContext.refreshAsync","decl":{"start":{"line":93,"column":33},"end":{"line":93,"column":81}},"loc":{"start":{"line":93,"column":33},"end":{"line":93,"column":81}},"line":93},"11":{"name":"functionContext.mutate","decl":{"start":{"line":95,"column":27},"end":{"line":98,"column":4}},"loc":{"start":{"line":95,"column":27},"end":{"line":98,"column":4}},"line":95}},"f":{"0":25,"1":158,"2":41,"3":39,"4":39,"5":2,"6":1,"7":439,"8":6,"9":8,"10":0,"11":2}}
,"D:\\web\\ym-useRequest\\lib\\index.ts": {"path":"D:\\web\\ym-useRequest\\lib\\index.ts","all":false,"statementMap":{"0":{"start":{"line":1,"column":0},"end":{"line":1,"column":56}},"1":{"start":{"line":2,"column":0},"end":{"line":2,"column":38}},"2":{"start":{"line":3,"column":0},"end":{"line":3,"column":69}},"3":{"start":{"line":4,"column":0},"end":{"line":4,"column":74}},"4":{"start":{"line":5,"column":0},"end":{"line":5,"column":54}},"5":{"start":{"line":6,"column":0},"end":{"line":6,"column":66}},"6":{"start":{"line":7,"column":0},"end":{"line":7,"column":60}},"7":{"start":{"line":8,"column":0},"end":{"line":8,"column":0}},"8":{"start":{"line":9,"column":0},"end":{"line":9,"column":115}},"9":{"start":{"line":10,"column":0},"end":{"line":10,"column":45}},"10":{"start":{"line":11,"column":0},"end":{"line":11,"column":27}},"11":{"start":{"line":12,"column":0},"end":{"line":12,"column":29}},"12":{"start":{"line":13,"column":0},"end":{"line":13,"column":25}},"13":{"start":{"line":14,"column":0},"end":{"line":14,"column":19}},"14":{"start":{"line":15,"column":0},"end":{"line":15,"column":22}},"15":{"start":{"line":16,"column":0},"end":{"line":16,"column":5}},"16":{"start":{"line":17,"column":0},"end":{"line":17,"column":1}},"17":{"start":{"line":18,"column":0},"end":{"line":18,"column":0}},"18":{"start":{"line":19,"column":0},"end":{"line":19,"column":26}}},"s":{"0":1,"1":1,"2":1,"3":1,"4":1,"5":1,"6":1,"7":1,"8":25,"9":25,"10":25,"11":25,"12":25,"13":25,"14":25,"15":25,"16":25,"17":1,"18":1},"branchMap":{"0":{"type":"branch","line":9,"loc":{"start":{"line":9,"column":0},"end":{"line":17,"column":1}},"locations":[{"start":{"line":9,"column":0},"end":{"line":17,"column":1}}]}},"b":{"0":[25]},"fnMap":{"0":{"name":"useRequest","decl":{"start":{"line":9,"column":0},"end":{"line":17,"column":1}},"loc":{"start":{"line":9,"column":0},"end":{"line":17,"column":1}},"line":9}},"f":{"0":25}}
,"D:\\web\\ym-useRequest\\lib\\usePlugins.ts": {"path":"D:\\web\\ym-useRequest\\lib\\usePlugins.ts","all":false,"statementMap":{"0":{"start":{"line":1,"column":0},"end":{"line":1,"column":34}},"1":{"start":{"line":2,"column":0},"end":{"line":2,"column":64}},"2":{"start":{"line":3,"column":0},"end":{"line":3,"column":46}},"3":{"start":{"line":4,"column":0},"end":{"line":4,"column":0}},"4":{"start":{"line":5,"column":0},"end":{"line":5,"column":44}},"5":{"start":{"line":6,"column":0},"end":{"line":6,"column":25}},"6":{"start":{"line":7,"column":0},"end":{"line":7,"column":30}},"7":{"start":{"line":8,"column":0},"end":{"line":8,"column":26}},"8":{"start":{"line":9,"column":0},"end":{"line":9,"column":18}},"9":{"start":{"line":10,"column":0},"end":{"line":10,"column":82}},"10":{"start":{"line":11,"column":0},"end":{"line":11,"column":24}},"11":{"start":{"line":12,"column":0},"end":{"line":12,"column":11}},"12":{"start":{"line":13,"column":0},"end":{"line":13,"column":18}},"13":{"start":{"line":14,"column":0},"end":{"line":14,"column":12}},"14":{"start":{"line":15,"column":0},"end":{"line":15,"column":4}},"15":{"start":{"line":16,"column":0},"end":{"line":16,"column":0}},"16":{"start":{"line":17,"column":0},"end":{"line":17,"column":57}},"17":{"start":{"line":18,"column":0},"end":{"line":18,"column":0}},"18":{"start":{"line":19,"column":0},"end":{"line":19,"column":73}},"19":{"start":{"line":20,"column":0},"end":{"line":20,"column":0}},"20":{"start":{"line":21,"column":0},"end":{"line":21,"column":16}},"21":{"start":{"line":22,"column":0},"end":{"line":22,"column":51}},"22":{"start":{"line":23,"column":0},"end":{"line":23,"column":3}},"23":{"start":{"line":24,"column":0},"end":{"line":24,"column":0}},"24":{"start":{"line":25,"column":0},"end":{"line":25,"column":21}},"25":{"start":{"line":26,"column":0},"end":{"line":26,"column":38}},"26":{"start":{"line":27,"column":0},"end":{"line":27,"column":5}},"27":{"start":{"line":28,"column":0},"end":{"line":28,"column":0}},"28":{"start":{"line":29,"column":0},"end":{"line":29,"column":10}},"29":{"start":{"line":30,"column":0},"end":{"line":30,"column":30}},"30":{"start":{"line":31,"column":0},"end":{"line":31,"column":24}},"31":{"start":{"line":32,"column":0},"end":{"line":32,"column":26}},"32":{"start":{"line":33,"column":0},"end":{"line":33,"column":28}},"33":{"start":{"line":34,"column":0},"end":{"line":34,"column":32}},"34":{"start":{"line":35,"column":0},"end":{"line":35,"column":4}},"35":{"start":{"line":36,"column":0},"end":{"line":36,"column":1}},"36":{"start":{"line":37,"column":0},"end":{"line":37,"column":0}},"37":{"start":{"line":38,"column":0},"end":{"line":38,"column":26}}},"s":{"0":1,"1":1,"2":1,"3":1,"4":25,"5":25,"6":25,"7":25,"8":25,"9":25,"10":25,"11":25,"12":25,"13":25,"14":25,"15":25,"16":25,"17":25,"18":25,"19":25,"20":25,"21":18,"22":18,"23":25,"24":25,"25":1,"26":25,"27":25,"28":25,"29":25,"30":25,"31":25,"32":25,"33":25,"34":25,"35":25,"36":1,"37":1},"branchMap":{"0":{"type":"branch","line":5,"loc":{"start":{"line":5,"column":0},"end":{"line":36,"column":1}},"locations":[{"start":{"line":5,"column":0},"end":{"line":36,"column":1}}]},"1":{"type":"branch","line":21,"loc":{"start":{"line":21,"column":15},"end":{"line":23,"column":3}},"locations":[{"start":{"line":21,"column":15},"end":{"line":23,"column":3}}]},"2":{"type":"branch","line":19,"loc":{"start":{"line":19,"column":39},"end":{"line":19,"column":71}},"locations":[{"start":{"line":19,"column":39},"end":{"line":19,"column":71}}]},"3":{"type":"branch","line":25,"loc":{"start":{"line":25,"column":14},"end":{"line":27,"column":3}},"locations":[{"start":{"line":25,"column":14},"end":{"line":27,"column":3}}]}},"b":{"0":[25],"1":[18],"2":[125],"3":[1]},"fnMap":{"0":{"name":"usePlugins","decl":{"start":{"line":5,"column":0},"end":{"line":36,"column":1}},"loc":{"start":{"line":5,"column":0},"end":{"line":36,"column":1}},"line":5}},"f":{"0":25}}
,"D:\\web\\ym-useRequest\\lib\\plugins\\useDebouncePlugin.ts": {"path":"D:\\web\\ym-useRequest\\lib\\plugins\\useDebouncePlugin.ts","all":false,"statementMap":{"0":{"start":{"line":1,"column":0},"end":{"line":1,"column":46}},"1":{"start":{"line":2,"column":0},"end":{"line":2,"column":38}},"2":{"start":{"line":3,"column":0},"end":{"line":3,"column":41}},"3":{"start":{"line":4,"column":0},"end":{"line":4,"column":0}},"4":{"start":{"line":5,"column":0},"end":{"line":5,"column":96}},"5":{"start":{"line":6,"column":0},"end":{"line":6,"column":58}},"6":{"start":{"line":7,"column":0},"end":{"line":7,"column":0}},"7":{"start":{"line":8,"column":0},"end":{"line":8,"column":30}},"8":{"start":{"line":9,"column":0},"end":{"line":9,"column":30}},"9":{"start":{"line":10,"column":0},"end":{"line":10,"column":50}},"10":{"start":{"line":11,"column":0},"end":{"line":11,"column":56}},"11":{"start":{"line":12,"column":0},"end":{"line":12,"column":0}},"12":{"start":{"line":13,"column":0},"end":{"line":13,"column":61}},"13":{"start":{"line":14,"column":0},"end":{"line":14,"column":101}},"14":{"start":{"line":15,"column":0},"end":{"line":15,"column":0}},"15":{"start":{"line":16,"column":0},"end":{"line":16,"column":54}},"16":{"start":{"line":17,"column":0},"end":{"line":17,"column":47}},"17":{"start":{"line":18,"column":0},"end":{"line":18,"column":34}},"18":{"start":{"line":19,"column":0},"end":{"line":19,"column":33}},"19":{"start":{"line":20,"column":0},"end":{"line":20,"column":26}},"20":{"start":{"line":21,"column":0},"end":{"line":21,"column":27}},"21":{"start":{"line":22,"column":0},"end":{"line":22,"column":11}},"22":{"start":{"line":23,"column":0},"end":{"line":23,"column":9}},"23":{"start":{"line":24,"column":0},"end":{"line":24,"column":6}},"24":{"start":{"line":25,"column":0},"end":{"line":25,"column":0}},"25":{"start":{"line":26,"column":0},"end":{"line":26,"column":21}},"26":{"start":{"line":27,"column":0},"end":{"line":27,"column":35}},"27":{"start":{"line":28,"column":0},"end":{"line":28,"column":57}},"28":{"start":{"line":29,"column":0},"end":{"line":29,"column":7}},"29":{"start":{"line":30,"column":0},"end":{"line":30,"column":5}},"30":{"start":{"line":31,"column":0},"end":{"line":31,"column":0}},"31":{"start":{"line":32,"column":0},"end":{"line":32,"column":10}},"32":{"start":{"line":33,"column":0},"end":{"line":33,"column":16}},"33":{"start":{"line":34,"column":0},"end":{"line":34,"column":35}},"34":{"start":{"line":35,"column":0},"end":{"line":35,"column":6}},"35":{"start":{"line":36,"column":0},"end":{"line":36,"column":4}},"36":{"start":{"line":37,"column":0},"end":{"line":37,"column":2}},"37":{"start":{"line":38,"column":0},"end":{"line":38,"column":0}},"38":{"start":{"line":39,"column":0},"end":{"line":39,"column":33}}},"s":{"0":1,"1":1,"2":1,"3":1,"4":1,"5":25,"6":25,"7":25,"8":26,"9":4,"10":4,"11":4,"12":4,"13":4,"14":4,"15":4,"16":402,"17":402,"18":4,"19":4,"20":4,"21":402,"22":402,"23":402,"24":4,"25":4,"26":1,"27":1,"28":4,"29":25,"30":25,"31":25,"32":25,"33":6,"34":6,"35":25,"36":25,"37":1,"38":1},"branchMap":{"0":{"type":"branch","line":5,"loc":{"start":{"line":5,"column":46},"end":{"line":37,"column":2}},"locations":[{"start":{"line":5,"column":46},"end":{"line":37,"column":2}}]},"1":{"type":"branch","line":8,"loc":{"start":{"line":8,"column":14},"end":{"line":30,"column":3}},"locations":[{"start":{"line":8,"column":14},"end":{"line":30,"column":3}}]},"2":{"type":"branch","line":9,"loc":{"start":{"line":9,"column":23},"end":{"line":9,"column":30}},"locations":[{"start":{"line":9,"column":23},"end":{"line":9,"column":30}}]},"3":{"type":"branch","line":9,"loc":{"start":{"line":9,"column":23},"end":{"line":29,"column":7}},"locations":[{"start":{"line":9,"column":23},"end":{"line":29,"column":7}}]},"4":{"type":"branch","line":14,"loc":{"start":{"line":14,"column":34},"end":{"line":14,"column":60}},"locations":[{"start":{"line":14,"column":34},"end":{"line":14,"column":60}}]},"5":{"type":"branch","line":16,"loc":{"start":{"line":16,"column":40},"end":{"line":24,"column":6}},"locations":[{"start":{"line":16,"column":40},"end":{"line":24,"column":6}}]},"6":{"type":"branch","line":17,"loc":{"start":{"line":17,"column":25},"end":{"line":23,"column":7}},"locations":[{"start":{"line":17,"column":25},"end":{"line":23,"column":7}}]},"7":{"type":"branch","line":18,"loc":{"start":{"line":18,"column":27},"end":{"line":22,"column":9}},"locations":[{"start":{"line":18,"column":27},"end":{"line":22,"column":9}}]},"8":{"type":"branch","line":26,"loc":{"start":{"line":26,"column":14},"end":{"line":29,"column":5}},"locations":[{"start":{"line":26,"column":14},"end":{"line":29,"column":5}}]},"9":{"type":"branch","line":33,"loc":{"start":{"line":33,"column":4},"end":{"line":35,"column":6}},"locations":[{"start":{"line":33,"column":4},"end":{"line":35,"column":6}}]},"10":{"type":"branch","line":34,"loc":{"start":{"line":34,"column":19},"end":{"line":34,"column":33}},"locations":[{"start":{"line":34,"column":19},"end":{"line":34,"column":33}}]}},"b":{"0":[25],"1":[26],"2":[22],"3":[4],"4":[4],"5":[402],"6":[402],"7":[4],"8":[1],"9":[6],"10":[1]},"fnMap":{"0":{"name":"useDebouncePlugin","decl":{"start":{"line":5,"column":46},"end":{"line":37,"column":2}},"loc":{"start":{"line":5,"column":46},"end":{"line":37,"column":2}},"line":5},"1":{"name":"instance.functionContext.runAsync","decl":{"start":{"line":16,"column":40},"end":{"line":24,"column":6}},"loc":{"start":{"line":16,"column":40},"end":{"line":24,"column":6}},"line":16},"2":{"name":"onCancel","decl":{"start":{"line":33,"column":4},"end":{"line":35,"column":6}},"loc":{"start":{"line":33,"column":4},"end":{"line":35,"column":6}},"line":33}},"f":{"0":25,"1":402,"2":6}}
,"D:\\web\\ym-useRequest\\lib\\plugins\\useLoadingDelayPlugin.ts": {"path":"D:\\web\\ym-useRequest\\lib\\plugins\\useLoadingDelayPlugin.ts","all":false,"statementMap":{"0":{"start":{"line":1,"column":0},"end":{"line":1,"column":38}},"1":{"start":{"line":2,"column":0},"end":{"line":2,"column":36}},"2":{"start":{"line":3,"column":0},"end":{"line":3,"column":26}},"3":{"start":{"line":4,"column":0},"end":{"line":4,"column":0}},"4":{"start":{"line":5,"column":0},"end":{"line":5,"column":83}},"5":{"start":{"line":6,"column":0},"end":{"line":6,"column":41}},"6":{"start":{"line":7,"column":0},"end":{"line":7,"column":10}},"7":{"start":{"line":8,"column":0},"end":{"line":8,"column":16}},"8":{"start":{"line":9,"column":0},"end":{"line":9,"column":25}},"9":{"start":{"line":10,"column":0},"end":{"line":10,"column":39}},"10":{"start":{"line":11,"column":0},"end":{"line":11,"column":41}},"11":{"start":{"line":12,"column":0},"end":{"line":12,"column":40}},"12":{"start":{"line":13,"column":0},"end":{"line":13,"column":25}},"13":{"start":{"line":14,"column":0},"end":{"line":14,"column":7}},"14":{"start":{"line":15,"column":0},"end":{"line":15,"column":6}},"15":{"start":{"line":16,"column":0},"end":{"line":16,"column":16}},"16":{"start":{"line":17,"column":0},"end":{"line":17,"column":35}},"17":{"start":{"line":18,"column":0},"end":{"line":18,"column":6}},"18":{"start":{"line":19,"column":0},"end":{"line":19,"column":17}},"19":{"start":{"line":20,"column":0},"end":{"line":20,"column":35}},"20":{"start":{"line":21,"column":0},"end":{"line":21,"column":6}},"21":{"start":{"line":22,"column":0},"end":{"line":22,"column":4}},"22":{"start":{"line":23,"column":0},"end":{"line":23,"column":2}},"23":{"start":{"line":24,"column":0},"end":{"line":24,"column":0}},"24":{"start":{"line":25,"column":0},"end":{"line":25,"column":37}}},"s":{"0":1,"1":1,"2":1,"3":1,"4":1,"5":25,"6":25,"7":25,"8":41,"9":2,"10":2,"11":1,"12":2,"13":2,"14":41,"15":25,"16":6,"17":6,"18":25,"19":35,"20":35,"21":25,"22":25,"23":1,"24":1},"branchMap":{"0":{"type":"branch","line":5,"loc":{"start":{"line":5,"column":50},"end":{"line":23,"column":2}},"locations":[{"start":{"line":5,"column":50},"end":{"line":23,"column":2}}]},"1":{"type":"branch","line":8,"loc":{"start":{"line":8,"column":4},"end":{"line":15,"column":6}},"locations":[{"start":{"line":8,"column":4},"end":{"line":15,"column":6}}]},"2":{"type":"branch","line":9,"loc":{"start":{"line":9,"column":24},"end":{"line":14,"column":7}},"locations":[{"start":{"line":9,"column":24},"end":{"line":14,"column":7}}]},"3":{"type":"branch","line":11,"loc":{"start":{"line":11,"column":34},"end":{"line":13,"column":11}},"locations":[{"start":{"line":11,"column":34},"end":{"line":13,"column":11}}]},"4":{"type":"branch","line":16,"loc":{"start":{"line":16,"column":4},"end":{"line":18,"column":6}},"locations":[{"start":{"line":16,"column":4},"end":{"line":18,"column":6}}]},"5":{"type":"branch","line":19,"loc":{"start":{"line":19,"column":4},"end":{"line":21,"column":6}},"locations":[{"start":{"line":19,"column":4},"end":{"line":21,"column":6}}]}},"b":{"0":[25],"1":[41],"2":[2],"3":[1],"4":[6],"5":[35]},"fnMap":{"0":{"name":"useLoadingDelayPlugin","decl":{"start":{"line":5,"column":50},"end":{"line":23,"column":2}},"loc":{"start":{"line":5,"column":50},"end":{"line":23,"column":2}},"line":5},"1":{"name":"onBefore","decl":{"start":{"line":8,"column":4},"end":{"line":15,"column":6}},"loc":{"start":{"line":8,"column":4},"end":{"line":15,"column":6}},"line":8},"2":{"name":"onCancel","decl":{"start":{"line":16,"column":4},"end":{"line":18,"column":6}},"loc":{"start":{"line":16,"column":4},"end":{"line":18,"column":6}},"line":16},"3":{"name":"onFinally","decl":{"start":{"line":19,"column":4},"end":{"line":21,"column":6}},"loc":{"start":{"line":19,"column":4},"end":{"line":21,"column":6}},"line":19}},"f":{"0":25,"1":41,"2":6,"3":35}}
,"D:\\web\\ym-useRequest\\lib\\plugins\\usePollingIntervalPlugin.ts": {"path":"D:\\web\\ym-useRequest\\lib\\plugins\\usePollingIntervalPlugin.ts","all":false,"statementMap":{"0":{"start":{"line":1,"column":0},"end":{"line":1,"column":38}},"1":{"start":{"line":2,"column":0},"end":{"line":2,"column":26}},"2":{"start":{"line":3,"column":0},"end":{"line":3,"column":36}},"3":{"start":{"line":4,"column":0},"end":{"line":4,"column":0}},"4":{"start":{"line":5,"column":0},"end":{"line":5,"column":117}},"5":{"start":{"line":6,"column":0},"end":{"line":6,"column":41}},"6":{"start":{"line":7,"column":0},"end":{"line":7,"column":26}},"7":{"start":{"line":8,"column":0},"end":{"line":8,"column":36}},"8":{"start":{"line":9,"column":0},"end":{"line":9,"column":0}},"9":{"start":{"line":10,"column":0},"end":{"line":10,"column":29}},"10":{"start":{"line":11,"column":0},"end":{"line":11,"column":25}},"11":{"start":{"line":12,"column":0},"end":{"line":12,"column":35}},"12":{"start":{"line":13,"column":0},"end":{"line":13,"column":5}},"13":{"start":{"line":14,"column":0},"end":{"line":14,"column":4}},"14":{"start":{"line":15,"column":0},"end":{"line":15,"column":0}},"15":{"start":{"line":16,"column":0},"end":{"line":16,"column":34}},"16":{"start":{"line":17,"column":0},"end":{"line":17,"column":0}},"17":{"start":{"line":18,"column":0},"end":{"line":18,"column":10}},"18":{"start":{"line":19,"column":0},"end":{"line":19,"column":16}},"19":{"start":{"line":20,"column":0},"end":{"line":20,"column":20}},"20":{"start":{"line":21,"column":0},"end":{"line":21,"column":6}},"21":{"start":{"line":22,"column":0},"end":{"line":22,"column":16}},"22":{"start":{"line":23,"column":0},"end":{"line":23,"column":20}},"23":{"start":{"line":24,"column":0},"end":{"line":24,"column":34}},"24":{"start":{"line":25,"column":0},"end":{"line":25,"column":6}},"25":{"start":{"line":26,"column":0},"end":{"line":26,"column":17}},"26":{"start":{"line":27,"column":0},"end":{"line":27,"column":25}},"27":{"start":{"line":28,"column":0},"end":{"line":28,"column":6}},"28":{"start":{"line":29,"column":0},"end":{"line":29,"column":15}},"29":{"start":{"line":30,"column":0},"end":{"line":30,"column":29}},"30":{"start":{"line":31,"column":0},"end":{"line":31,"column":23}},"31":{"start":{"line":32,"column":0},"end":{"line":32,"column":6}},"32":{"start":{"line":33,"column":0},"end":{"line":33,"column":17}},"33":{"start":{"line":34,"column":0},"end":{"line":34,"column":33}},"34":{"start":{"line":35,"column":0},"end":{"line":35,"column":37}},"35":{"start":{"line":36,"column":0},"end":{"line":36,"column":15}},"36":{"start":{"line":37,"column":0},"end":{"line":37,"column":7}},"37":{"start":{"line":38,"column":0},"end":{"line":38,"column":118}},"38":{"start":{"line":39,"column":0},"end":{"line":39,"column":41}},"39":{"start":{"line":40,"column":0},"end":{"line":40,"column":45}},"40":{"start":{"line":41,"column":0},"end":{"line":41,"column":28}},"41":{"start":{"line":42,"column":0},"end":{"line":42,"column":14}},"42":{"start":{"line":43,"column":0},"end":{"line":43,"column":27}},"43":{"start":{"line":44,"column":0},"end":{"line":44,"column":7}},"44":{"start":{"line":45,"column":0},"end":{"line":45,"column":6}},"45":{"start":{"line":46,"column":0},"end":{"line":46,"column":4}},"46":{"start":{"line":47,"column":0},"end":{"line":47,"column":2}},"47":{"start":{"line":48,"column":0},"end":{"line":48,"column":0}},"48":{"start":{"line":49,"column":0},"end":{"line":49,"column":40}}},"s":{"0":1,"1":1,"2":1,"3":1,"4":1,"5":25,"6":25,"7":25,"8":25,"9":25,"10":12,"11":8,"12":8,"13":12,"14":25,"15":25,"16":4,"17":4,"18":4,"19":9,"20":9,"21":4,"22":3,"23":3,"24":3,"25":4,"26":4,"27":4,"28":4,"29":5,"30":5,"31":5,"32":4,"33":9,"34":2,"35":2,"36":2,"37":9,"38":6,"39":5,"40":6,"41":9,"42":1,"43":1,"44":9,"45":4,"46":4,"47":1,"48":1},"branchMap":{"0":{"type":"branch","line":5,"loc":{"start":{"line":5,"column":53},"end":{"line":47,"column":2}},"locations":[{"start":{"line":5,"column":53},"end":{"line":47,"column":2}}]},"1":{"type":"branch","line":16,"loc":{"start":{"line":16,"column":24},"end":{"line":16,"column":34}},"locations":[{"start":{"line":16,"column":24},"end":{"line":16,"column":34}}]},"2":{"type":"branch","line":16,"loc":{"start":{"line":16,"column":32},"end":{"line":47,"column":2}},"locations":[{"start":{"line":16,"column":32},"end":{"line":47,"column":2}}]},"3":{"type":"branch","line":10,"loc":{"start":{"line":10,"column":22},"end":{"line":14,"column":4}},"locations":[{"start":{"line":10,"column":22},"end":{"line":14,"column":4}}]},"4":{"type":"branch","line":11,"loc":{"start":{"line":11,"column":24},"end":{"line":13,"column":5}},"locations":[{"start":{"line":11,"column":24},"end":{"line":13,"column":5}}]},"5":{"type":"branch","line":19,"loc":{"start":{"line":19,"column":4},"end":{"line":21,"column":6}},"locations":[{"start":{"line":19,"column":4},"end":{"line":21,"column":6}}]},"6":{"type":"branch","line":22,"loc":{"start":{"line":22,"column":4},"end":{"line":25,"column":6}},"locations":[{"start":{"line":22,"column":4},"end":{"line":25,"column":6}}]},"7":{"type":"branch","line":26,"loc":{"start":{"line":26,"column":4},"end":{"line":28,"column":6}},"locations":[{"start":{"line":26,"column":4},"end":{"line":28,"column":6}}]},"8":{"type":"branch","line":29,"loc":{"start":{"line":29,"column":4},"end":{"line":32,"column":6}},"locations":[{"start":{"line":29,"column":4},"end":{"line":32,"column":6}}]},"9":{"type":"branch","line":33,"loc":{"start":{"line":33,"column":4},"end":{"line":45,"column":6}},"locations":[{"start":{"line":33,"column":4},"end":{"line":45,"column":6}}]},"10":{"type":"branch","line":34,"loc":{"start":{"line":34,"column":32},"end":{"line":37,"column":7}},"locations":[{"start":{"line":34,"column":32},"end":{"line":37,"column":7}}]},"11":{"type":"branch","line":37,"loc":{"start":{"line":37,"column":6},"end":{"line":38,"column":43}},"locations":[{"start":{"line":37,"column":6},"end":{"line":38,"column":43}}]},"12":{"type":"branch","line":38,"loc":{"start":{"line":38,"column":37},"end":{"line":38,"column":117}},"locations":[{"start":{"line":38,"column":37},"end":{"line":38,"column":117}}]},"13":{"type":"branch","line":38,"loc":{"start":{"line":38,"column":117},"end":{"line":42,"column":13}},"locations":[{"start":{"line":38,"column":117},"end":{"line":42,"column":13}}]},"14":{"type":"branch","line":42,"loc":{"start":{"line":42,"column":6},"end":{"line":44,"column":7}},"locations":[{"start":{"line":42,"column":6},"end":{"line":44,"column":7}}]},"15":{"type":"branch","line":39,"loc":{"start":{"line":39,"column":34},"end":{"line":41,"column":11}},"locations":[{"start":{"line":39,"column":34},"end":{"line":41,"column":11}}]}},"b":{"0":[25],"1":[21],"2":[4],"3":[12],"4":[8],"5":[9],"6":[3],"7":[4],"8":[5],"9":[9],"10":[2],"11":[7],"12":[3],"13":[6],"14":[1],"15":[5]},"fnMap":{"0":{"name":"usePollingIntervalPlugin","decl":{"start":{"line":5,"column":53},"end":{"line":47,"column":2}},"loc":{"start":{"line":5,"column":53},"end":{"line":47,"column":2}},"line":5},"1":{"name":"stopPolling","decl":{"start":{"line":10,"column":22},"end":{"line":14,"column":4}},"loc":{"start":{"line":10,"column":22},"end":{"line":14,"column":4}},"line":10},"2":{"name":"onBefore","decl":{"start":{"line":19,"column":4},"end":{"line":21,"column":6}},"loc":{"start":{"line":19,"column":4},"end":{"line":21,"column":6}},"line":19},"3":{"name":"onCancel","decl":{"start":{"line":22,"column":4},"end":{"line":25,"column":6}},"loc":{"start":{"line":22,"column":4},"end":{"line":25,"column":6}},"line":22},"4":{"name":"onSuccess","decl":{"start":{"line":26,"column":4},"end":{"line":28,"column":6}},"loc":{"start":{"line":26,"column":4},"end":{"line":28,"column":6}},"line":26},"5":{"name":"onError","decl":{"start":{"line":29,"column":4},"end":{"line":32,"column":6}},"loc":{"start":{"line":29,"column":4},"end":{"line":32,"column":6}},"line":29},"6":{"name":"onFinally","decl":{"start":{"line":33,"column":4},"end":{"line":45,"column":6}},"loc":{"start":{"line":33,"column":4},"end":{"line":45,"column":6}},"line":33}},"f":{"0":25,"1":12,"2":9,"3":3,"4":4,"5":5,"6":9}}
,"D:\\web\\ym-useRequest\\lib\\plugins\\useReadyPlugin.ts": {"path":"D:\\web\\ym-useRequest\\lib\\plugins\\useReadyPlugin.ts","all":false,"statementMap":{"0":{"start":{"line":1,"column":0},"end":{"line":1,"column":33}},"1":{"start":{"line":2,"column":0},"end":{"line":2,"column":38}},"2":{"start":{"line":3,"column":0},"end":{"line":3,"column":0}},"3":{"start":{"line":4,"column":0},"end":{"line":4,"column":89}},"4":{"start":{"line":5,"column":0},"end":{"line":5,"column":8}},"5":{"start":{"line":6,"column":0},"end":{"line":6,"column":10}},"6":{"start":{"line":7,"column":0},"end":{"line":7,"column":12}},"7":{"start":{"line":8,"column":0},"end":{"line":8,"column":25}},"8":{"start":{"line":9,"column":0},"end":{"line":9,"column":63}},"9":{"start":{"line":10,"column":0},"end":{"line":10,"column":7}},"10":{"start":{"line":11,"column":0},"end":{"line":11,"column":6}},"11":{"start":{"line":12,"column":0},"end":{"line":12,"column":22}},"12":{"start":{"line":13,"column":0},"end":{"line":13,"column":4}},"13":{"start":{"line":14,"column":0},"end":{"line":14,"column":0}},"14":{"start":{"line":15,"column":0},"end":{"line":15,"column":10}},"15":{"start":{"line":16,"column":0},"end":{"line":16,"column":16}},"16":{"start":{"line":17,"column":0},"end":{"line":17,"column":25}},"17":{"start":{"line":18,"column":0},"end":{"line":18,"column":39}},"18":{"start":{"line":19,"column":0},"end":{"line":19,"column":16}},"19":{"start":{"line":20,"column":0},"end":{"line":20,"column":24}},"20":{"start":{"line":21,"column":0},"end":{"line":21,"column":10}},"21":{"start":{"line":22,"column":0},"end":{"line":22,"column":7}},"22":{"start":{"line":23,"column":0},"end":{"line":23,"column":6}},"23":{"start":{"line":24,"column":0},"end":{"line":24,"column":4}},"24":{"start":{"line":25,"column":0},"end":{"line":25,"column":2}},"25":{"start":{"line":26,"column":0},"end":{"line":26,"column":0}},"26":{"start":{"line":27,"column":0},"end":{"line":27,"column":30}}},"s":{"0":1,"1":1,"2":1,"3":1,"4":25,"5":25,"6":25,"7":2,"8":1,"9":1,"10":2,"11":25,"12":25,"13":25,"14":25,"15":25,"16":41,"17":2,"18":2,"19":2,"20":2,"21":2,"22":41,"23":25,"24":25,"25":1,"26":1},"branchMap":{"0":{"type":"branch","line":4,"loc":{"start":{"line":4,"column":43},"end":{"line":25,"column":2}},"locations":[{"start":{"line":4,"column":43},"end":{"line":25,"column":2}}]},"1":{"type":"branch","line":7,"loc":{"start":{"line":7,"column":4},"end":{"line":11,"column":6}},"locations":[{"start":{"line":7,"column":4},"end":{"line":11,"column":6}}]},"2":{"type":"branch","line":8,"loc":{"start":{"line":8,"column":24},"end":{"line":10,"column":7}},"locations":[{"start":{"line":8,"column":24},"end":{"line":10,"column":7}}]},"3":{"type":"branch","line":16,"loc":{"start":{"line":16,"column":4},"end":{"line":23,"column":6}},"locations":[{"start":{"line":16,"column":4},"end":{"line":23,"column":6}}]},"4":{"type":"branch","line":17,"loc":{"start":{"line":17,"column":24},"end":{"line":22,"column":7}},"locations":[{"start":{"line":17,"column":24},"end":{"line":22,"column":7}}]}},"b":{"0":[25],"1":[2],"2":[1],"3":[41],"4":[2]},"fnMap":{"0":{"name":"useReadyPlugin","decl":{"start":{"line":4,"column":43},"end":{"line":25,"column":2}},"loc":{"start":{"line":4,"column":43},"end":{"line":25,"column":2}},"line":4},"1":{"name":"__vite_ssr_import_0__.watch.flush","decl":{"start":{"line":7,"column":4},"end":{"line":11,"column":6}},"loc":{"start":{"line":7,"column":4},"end":{"line":11,"column":6}},"line":7},"2":{"name":"onBefore","decl":{"start":{"line":16,"column":4},"end":{"line":23,"column":6}},"loc":{"start":{"line":16,"column":4},"end":{"line":23,"column":6}},"line":16}},"f":{"0":25,"1":2,"2":41}}
,"D:\\web\\ym-useRequest\\lib\\plugins\\useRefreshDepsPlugin.ts": {"path":"D:\\web\\ym-useRequest\\lib\\plugins\\useRefreshDepsPlugin.ts","all":false,"statementMap":{"0":{"start":{"line":1,"column":0},"end":{"line":1,"column":28}},"1":{"start":{"line":2,"column":0},"end":{"line":2,"column":38}},"2":{"start":{"line":3,"column":0},"end":{"line":3,"column":0}},"3":{"start":{"line":4,"column":0},"end":{"line":4,"column":50}},"4":{"start":{"line":5,"column":0},"end":{"line":5,"column":11}},"5":{"start":{"line":6,"column":0},"end":{"line":6,"column":59}},"6":{"start":{"line":7,"column":0},"end":{"line":7,"column":6}},"7":{"start":{"line":8,"column":0},"end":{"line":8,"column":9}},"8":{"start":{"line":9,"column":0},"end":{"line":9,"column":20}},"9":{"start":{"line":10,"column":0},"end":{"line":10,"column":10}},"10":{"start":{"line":11,"column":0},"end":{"line":11,"column":18}},"11":{"start":{"line":12,"column":0},"end":{"line":12,"column":13}},"12":{"start":{"line":13,"column":0},"end":{"line":13,"column":32}},"13":{"start":{"line":14,"column":0},"end":{"line":14,"column":67}},"14":{"start":{"line":15,"column":0},"end":{"line":15,"column":16}},"15":{"start":{"line":16,"column":0},"end":{"line":16,"column":56}},"16":{"start":{"line":17,"column":0},"end":{"line":17,"column":9}},"17":{"start":{"line":18,"column":0},"end":{"line":18,"column":8}},"18":{"start":{"line":19,"column":0},"end":{"line":19,"column":21}},"19":{"start":{"line":20,"column":0},"end":{"line":20,"column":6}},"20":{"start":{"line":21,"column":0},"end":{"line":21,"column":3}},"21":{"start":{"line":22,"column":0},"end":{"line":22,"column":12}},"22":{"start":{"line":23,"column":0},"end":{"line":23,"column":2}},"23":{"start":{"line":24,"column":0},"end":{"line":24,"column":0}},"24":{"start":{"line":25,"column":0},"end":{"line":25,"column":36}}},"s":{"0":1,"1":1,"2":1,"3":1,"4":25,"5":25,"6":25,"7":25,"8":25,"9":2,"10":2,"11":2,"12":3,"13":2,"14":3,"15":1,"16":1,"17":3,"18":2,"19":2,"20":2,"21":25,"22":25,"23":1,"24":1},"branchMap":{"0":{"type":"branch","line":4,"loc":{"start":{"line":4,"column":49},"end":{"line":23,"column":2}},"locations":[{"start":{"line":4,"column":49},"end":{"line":23,"column":2}}]},"1":{"type":"branch","line":9,"loc":{"start":{"line":9,"column":19},"end":{"line":21,"column":3}},"locations":[{"start":{"line":9,"column":19},"end":{"line":21,"column":3}}]},"2":{"type":"branch","line":12,"loc":{"start":{"line":12,"column":6},"end":{"line":18,"column":8}},"locations":[{"start":{"line":12,"column":6},"end":{"line":18,"column":8}}]},"3":{"type":"branch","line":13,"loc":{"start":{"line":13,"column":31},"end":{"line":15,"column":15}},"locations":[{"start":{"line":13,"column":31},"end":{"line":15,"column":15}}]},"4":{"type":"branch","line":15,"loc":{"start":{"line":15,"column":8},"end":{"line":17,"column":9}},"locations":[{"start":{"line":15,"column":8},"end":{"line":17,"column":9}}]}},"b":{"0":[25],"1":[2],"2":[3],"3":[2],"4":[1]},"fnMap":{"0":{"name":"useRefreshDepsPlugin","decl":{"start":{"line":4,"column":49},"end":{"line":23,"column":2}},"loc":{"start":{"line":4,"column":49},"end":{"line":23,"column":2}},"line":4},"1":{"name":"__vite_ssr_import_0__.watch.deep","decl":{"start":{"line":12,"column":6},"end":{"line":18,"column":8}},"loc":{"start":{"line":12,"column":6},"end":{"line":18,"column":8}},"line":12}},"f":{"0":25,"1":3}}
}
